#
# There is insufficient memory for the Java Runtime Environment to continue.
# Native memory allocation (malloc) failed to allocate 1407056 bytes for Chunk::new
# Possible reasons:
#   The system is out of physical RAM or swap space
#   The process is running with CompressedOops enabled, and the Java Heap may be blocking the growth of the native heap
# Possible solutions:
#   Reduce memory load on the system
#   Increase physical memory or swap space
#   Check if swap backing store is full
#   Decrease Java heap size (-Xmx/-Xms)
#   Decrease number of Java threads
#   Decrease Java thread stack sizes (-Xss)
#   Set larger code cache with -XX:ReservedCodeCacheSize=
#   JVM is running with Unscaled Compressed Oops mode in which the Java heap is
#     placed in the first 4GB address space. The Java Heap base address is the
#     maximum limit for the native heap growth. Please use -XX:HeapBaseMinAddress
#     to set the Java Heap base and to place the Java Heap above 4GB virtual address.
# This output file may be truncated or incomplete.
#
#  Out of Memory Error (arena.cpp:168), pid=13108, tid=17388
#
# JRE version: Java(TM) SE Runtime Environment (21.0.5+9) (build 21.0.5+9-LTS-239)
# Java VM: Java HotSpot(TM) 64-Bit Server VM (21.0.5+9-LTS-239, mixed mode, sharing, tiered, compressed oops, compressed class ptrs, g1 gc, windows-amd64)
# No core dump will be written. Minidumps are not enabled by default on client versions of Windows
#

---------------  S U M M A R Y ------------

Command Line: --add-opens=java.base/java.lang=ALL-UNNAMED --add-opens=java.base/java.lang.invoke=ALL-UNNAMED --add-opens=java.base/java.util=ALL-UNNAMED --add-opens=java.prefs/java.util.prefs=ALL-UNNAMED --add-exports=jdk.compiler/com.sun.tools.javac.api=ALL-UNNAMED --add-exports=jdk.compiler/com.sun.tools.javac.util=ALL-UNNAMED --add-opens=java.base/java.util=ALL-UNNAMED --add-opens=java.prefs/java.util.prefs=ALL-UNNAMED --add-opens=java.base/java.nio.charset=ALL-UNNAMED --add-opens=java.base/java.net=ALL-UNNAMED --add-opens=java.base/java.util.concurrent.atomic=ALL-UNNAMED --add-opens=java.xml/javax.xml.namespace=ALL-UNNAMED -XX:MaxMetaspaceSize=384m -XX:+HeapDumpOnOutOfMemoryError -Xms256m -Xmx512m -Dfile.encoding=UTF-8 -Duser.country=KR -Duser.language=ko -Duser.variant -javaagent:C:\Users\myh77\.gradle\wrapper\dists\gradle-8.11.1-bin\bpt9gzteqjrbo1mjrsomdt32c\gradle-8.11.1\lib\agents\gradle-instrumentation-agent-8.11.1.jar org.gradle.launcher.daemon.bootstrap.GradleDaemon 8.11.1

Host: Intel(R) Core(TM) i5-6300HQ CPU @ 2.30GHz, 4 cores, 11G,  Windows 10 , 64 bit Build 19041 (10.0.19041.5198)
Time: Tue Feb  4 16:23:33 2025  Windows 10 , 64 bit Build 19041 (10.0.19041.5198) elapsed time: 4411.909771 seconds (0d 1h 13m 31s)

---------------  T H R E A D  ---------------

Current thread (0x000001c7a7901730):  JavaThread "C2 CompilerThread0" daemon [_thread_in_native, id=17388, stack(0x0000001609e00000,0x0000001609f00000) (1024K)]


Current CompileTask:
C2:4411909 16693   !   4       io.spring.gradle.dependencymanagement.org.apache.maven.model.Model::clone (502 bytes)

Stack: [0x0000001609e00000,0x0000001609f00000]
Native frames: (J=compiled Java code, j=interpreted, Vv=VM code, C=native code)
V  [jvm.dll+0x6ca289]
V  [jvm.dll+0x854a51]
V  [jvm.dll+0x856f7e]
V  [jvm.dll+0x857653]
V  [jvm.dll+0x27dd26]
V  [jvm.dll+0xc4c2d]
V  [jvm.dll+0xc5163]
V  [jvm.dll+0x3b4d02]
V  [jvm.dll+0x3814b5]
V  [jvm.dll+0x38092a]
V  [jvm.dll+0x246910]
V  [jvm.dll+0x245eef]
V  [jvm.dll+0x1c6d0e]
V  [jvm.dll+0x2554d9]
V  [jvm.dll+0x253a6a]
V  [jvm.dll+0x3ee136]
V  [jvm.dll+0x7fee9b]
V  [jvm.dll+0x6c896d]
C  [ucrtbase.dll+0x21bb2]
C  [KERNEL32.DLL+0x17374]
C  [ntdll.dll+0x4cc91]


---------------  P R O C E S S  ---------------

Threads class SMR info:
_java_thread_list=0x000001c7c6989fd0, length=86, elements={
0x000001c78b3719a0, 0x000001c7a78f8700, 0x000001c7a78f9500, 0x000001c7a78faaa0,
0x000001c7a78fd500, 0x000001c7a78fdf50, 0x000001c7a78fe9a0, 0x000001c7a7901730,
0x000001c7a7989510, 0x000001c7a79ffc60, 0x000001c7a7b0f8e0, 0x000001c7c1c3f430,
0x000001c7c18bcfd0, 0x000001c7c264d4d0, 0x000001c7c10d3c60, 0x000001c7c10d42f0,
0x000001c7c10d4980, 0x000001c7c10d5010, 0x000001c7c10d2f40, 0x000001c7c4cebee0,
0x000001c7c4ce8a60, 0x000001c7c4ced920, 0x000001c7c4ce9e10, 0x000001c7c4ceab30,
0x000001c7c2d5a7c0, 0x000001c7c2fd3060, 0x000001c7c2fd4410, 0x000001c7c2d55f90,
0x000001c7c2d58060, 0x000001c7c2d5ae50, 0x000001c7c48ec460, 0x000001c7c48f19b0,
0x000001c7c2d586f0, 0x000001c7c4ceb850, 0x000001c7c2d55270, 0x000001c7c10d35d0,
0x000001c7c10d1b90, 0x000001c7c10d2220, 0x000001c7c10d28b0, 0x000001c7c48f0c90,
0x000001c7c48ef250, 0x000001c7c48ed180, 0x000001c7c48f2d60, 0x000001c7c48f33f0,
0x000001c7c48ed810, 0x000001c7c48f2040, 0x000001c7c48edea0, 0x000001c7c48ee530,
0x000001c7c48ef8e0, 0x000001c7c48f1320, 0x000001c7c48f26d0, 0x000001c7c48eebc0,
0x000001c7c48f3a80, 0x000001c7c48eff70, 0x000001c7c2fd2340, 0x000001c7c2fd7890,
0x000001c7c2fd8c40, 0x000001c7c2fd5130, 0x000001c7c2fd7f20, 0x000001c7c2fd29d0,
0x000001c7c2fd92d0, 0x000001c7c2fd36f0, 0x000001c7c2fd57c0, 0x000001c7c2fd3d80,
0x000001c7c2fd9960, 0x000001c7c2fd5e50, 0x000001c7c2fd64e0, 0x000001c7c2fd6b70,
0x000001c7c2fd7200, 0x000001c7c2d53ec0, 0x000001c7c2d54550, 0x000001c7c2d55900,
0x000001c7c2d56620, 0x000001c7c2d56cb0, 0x000001c7c2d5a130, 0x000001c7c2d57340,
0x000001c7c2d58d80, 0x000001c7c2d54be0, 0x000001c7c2d59410, 0x000001c7c2d59aa0,
0x000001c7c2d5b4e0, 0x000001c7c4ceb1c0, 0x000001c7c4ce83d0, 0x000001c7c4cee640,
0x000001c7c4cea4a0, 0x000001c7c4cec570
}

Java Threads: ( => current thread )
  0x000001c78b3719a0 JavaThread "main"                              [_thread_blocked, id=16232, stack(0x0000001609000000,0x0000001609100000) (1024K)]
  0x000001c7a78f8700 JavaThread "Reference Handler"          daemon [_thread_blocked, id=24392, stack(0x0000001609800000,0x0000001609900000) (1024K)]
  0x000001c7a78f9500 JavaThread "Finalizer"                  daemon [_thread_blocked, id=16148, stack(0x0000001609900000,0x0000001609a00000) (1024K)]
  0x000001c7a78faaa0 JavaThread "Signal Dispatcher"          daemon [_thread_blocked, id=11824, stack(0x0000001609a00000,0x0000001609b00000) (1024K)]
  0x000001c7a78fd500 JavaThread "Attach Listener"            daemon [_thread_blocked, id=2824, stack(0x0000001609b00000,0x0000001609c00000) (1024K)]
  0x000001c7a78fdf50 JavaThread "Service Thread"             daemon [_thread_blocked, id=6628, stack(0x0000001609c00000,0x0000001609d00000) (1024K)]
  0x000001c7a78fe9a0 JavaThread "Monitor Deflation Thread"   daemon [_thread_blocked, id=9712, stack(0x0000001609d00000,0x0000001609e00000) (1024K)]
=>0x000001c7a7901730 JavaThread "C2 CompilerThread0"         daemon [_thread_in_native, id=17388, stack(0x0000001609e00000,0x0000001609f00000) (1024K)]
  0x000001c7a7989510 JavaThread "C1 CompilerThread0"         daemon [_thread_blocked, id=16620, stack(0x0000001609f00000,0x000000160a000000) (1024K)]
  0x000001c7a79ffc60 JavaThread "Common-Cleaner"             daemon [_thread_blocked, id=2872, stack(0x000000160a000000,0x000000160a100000) (1024K)]
  0x000001c7a7b0f8e0 JavaThread "Notification Thread"        daemon [_thread_blocked, id=7644, stack(0x000000160a100000,0x000000160a200000) (1024K)]
  0x000001c7c1c3f430 JavaThread "Daemon health stats"               [_thread_blocked, id=18376, stack(0x000000160a500000,0x000000160a600000) (1024K)]
  0x000001c7c18bcfd0 JavaThread "Incoming local TCP Connector on port 63291"        [_thread_in_native, id=2896, stack(0x000000160a600000,0x000000160a700000) (1024K)]
  0x000001c7c264d4d0 JavaThread "Daemon periodic checks"            [_thread_blocked, id=22160, stack(0x000000160a700000,0x000000160a800000) (1024K)]
  0x000001c7c10d3c60 JavaThread "Cache worker for journal cache (C:\Users\myh77\.gradle\caches\journal-1)"        [_thread_blocked, id=10820, stack(0x000000160af00000,0x000000160b000000) (1024K)]
  0x000001c7c10d42f0 JavaThread "File lock request listener"        [_thread_in_native, id=3616, stack(0x000000160b000000,0x000000160b100000) (1024K)]
  0x000001c7c10d4980 JavaThread "Cache worker for file hash cache (C:\Users\myh77\.gradle\caches\8.11.1\fileHashes)"        [_thread_blocked, id=1840, stack(0x000000160b100000,0x000000160b200000) (1024K)]
  0x000001c7c10d5010 JavaThread "Cache worker for file content cache (C:\Users\myh77\.gradle\caches\8.11.1\fileContent)"        [_thread_blocked, id=21988, stack(0x000000160b200000,0x000000160b300000) (1024K)]
  0x000001c7c10d2f40 JavaThread "File watcher server"        daemon [_thread_in_native, id=5516, stack(0x000000160b500000,0x000000160b600000) (1024K)]
  0x000001c7c4cebee0 JavaThread "File watcher consumer"      daemon [_thread_blocked, id=14644, stack(0x000000160b600000,0x000000160b700000) (1024K)]
  0x000001c7c4ce8a60 JavaThread "jar transforms"                    [_thread_blocked, id=8748, stack(0x000000160ba00000,0x000000160bb00000) (1024K)]
  0x000001c7c4ced920 JavaThread "jar transforms Thread 2"           [_thread_blocked, id=2036, stack(0x000000160bb00000,0x000000160bc00000) (1024K)]
  0x000001c7c4ce9e10 JavaThread "jar transforms Thread 3"           [_thread_blocked, id=216, stack(0x000000160bc00000,0x000000160bd00000) (1024K)]
  0x000001c7c4ceab30 JavaThread "jar transforms Thread 4"           [_thread_blocked, id=6224, stack(0x000000160bf00000,0x000000160c000000) (1024K)]
  0x000001c7c2d5a7c0 JavaThread "Memory manager"                    [_thread_blocked, id=1464, stack(0x000000160c900000,0x000000160ca00000) (1024K)]
  0x000001c7c2fd3060 JavaThread "Daemon Thread 2"                   [_thread_blocked, id=8000, stack(0x0000001608d00000,0x0000001608e00000) (1024K)]
  0x000001c7c2fd4410 JavaThread "Daemon worker Thread 2"            [_thread_in_Java, id=14872, stack(0x000000160a800000,0x000000160a900000) (1024K)]
  0x000001c7c2d55f90 JavaThread "ForkJoinPool.commonPool-worker-4" daemon [_thread_blocked, id=15108, stack(0x000000160c200000,0x000000160c300000) (1024K)]
  0x000001c7c2d58060 JavaThread "ForkJoinPool.commonPool-worker-5" daemon [_thread_blocked, id=7236, stack(0x000000160c300000,0x000000160c400000) (1024K)]
  0x000001c7c2d5ae50 JavaThread "ForkJoinPool.commonPool-worker-6" daemon [_thread_blocked, id=10192, stack(0x000000160c400000,0x000000160c500000) (1024K)]
  0x000001c7c48ec460 JavaThread "Cache worker for Java compile cache (C:\Users\myh77\.gradle\caches\8.11.1\javaCompile)"        [_thread_blocked, id=20748, stack(0x000000160ec00000,0x000000160ed00000) (1024K)]
  0x000001c7c48f19b0 JavaThread "VFS cleanup Thread 2"              [_thread_blocked, id=1828, stack(0x000000160a900000,0x000000160aa00000) (1024K)]
  0x000001c7c2d586f0 JavaThread "included builds"                   [_thread_blocked, id=20352, stack(0x000000160ea00000,0x000000160eb00000) (1024K)]
  0x000001c7c4ceb850 JavaThread "included builds"                   [_thread_blocked, id=22560, stack(0x000000160e800000,0x000000160e900000) (1024K)]
  0x000001c7c2d55270 JavaThread "included builds"                   [_thread_blocked, id=12508, stack(0x000000160e900000,0x000000160ea00000) (1024K)]
  0x000001c7c10d35d0 JavaThread "File lock release action executor"        [_thread_blocked, id=13724, stack(0x0000001608e00000,0x0000001608f00000) (1024K)]
  0x000001c7c10d1b90 JavaThread "Handler for socket connection from /127.0.0.1:63291 to /127.0.0.1:64745"        [_thread_in_native, id=7076, stack(0x0000001608f00000,0x0000001609000000) (1024K)]
  0x000001c7c10d2220 JavaThread "Cancel handler"                    [_thread_blocked, id=17716, stack(0x000000160aa00000,0x000000160ab00000) (1024K)]
  0x000001c7c10d28b0 JavaThread "Asynchronous log dispatcher for DefaultDaemonConnection: socket connection from /127.0.0.1:63291 to /127.0.0.1:64745"        [_thread_blocked, id=19092, stack(0x000000160ab00000,0x000000160ac00000) (1024K)]
  0x000001c7c48f0c90 JavaThread "Stdin handler"                     [_thread_blocked, id=20292, stack(0x000000160ac00000,0x000000160ad00000) (1024K)]
  0x000001c7c48ef250 JavaThread "Daemon client event forwarder"        [_thread_blocked, id=21420, stack(0x000000160ad00000,0x000000160ae00000) (1024K)]
  0x000001c7c48ed180 JavaThread "Cache worker for file hash cache (D:\develop\Spring\EstSoft\WordWise\.gradle\8.11.1\fileHashes)"        [_thread_blocked, id=23912, stack(0x000000160ae00000,0x000000160af00000) (1024K)]
  0x000001c7c48f2d60 JavaThread "Cache worker for Build Output Cleanup Cache (D:\develop\Spring\EstSoft\WordWise\.gradle\buildOutputCleanup)"        [_thread_blocked, id=24388, stack(0x000000160b300000,0x000000160b400000) (1024K)]
  0x000001c7c48f33f0 JavaThread "Cache worker for checksums cache (D:\develop\Spring\EstSoft\WordWise\.gradle\8.11.1\checksums)"        [_thread_blocked, id=18912, stack(0x000000160b400000,0x000000160b500000) (1024K)]
  0x000001c7c48ed810 JavaThread "Cache worker for cache directory md-rule (C:\Users\myh77\.gradle\caches\8.11.1\md-rule)"        [_thread_blocked, id=4128, stack(0x000000160b700000,0x000000160b800000) (1024K)]
  0x000001c7c48f2040 JavaThread "Cache worker for cache directory md-supplier (C:\Users\myh77\.gradle\caches\8.11.1\md-supplier)"        [_thread_blocked, id=1516, stack(0x000000160b800000,0x000000160b900000) (1024K)]
  0x000001c7c48edea0 JavaThread "Unconstrained build operations"        [_thread_blocked, id=13644, stack(0x000000160b900000,0x000000160ba00000) (1024K)]
  0x000001c7c48ee530 JavaThread "Unconstrained build operations Thread 2"        [_thread_blocked, id=23596, stack(0x000000160bd00000,0x000000160be00000) (1024K)]
  0x000001c7c48ef8e0 JavaThread "Unconstrained build operations Thread 3"        [_thread_blocked, id=20120, stack(0x000000160be00000,0x000000160bf00000) (1024K)]
  0x000001c7c48f1320 JavaThread "Unconstrained build operations Thread 4"        [_thread_blocked, id=9592, stack(0x000000160c000000,0x000000160c100000) (1024K)]
  0x000001c7c48f26d0 JavaThread "Unconstrained build operations Thread 5"        [_thread_blocked, id=4920, stack(0x000000160c100000,0x000000160c200000) (1024K)]
  0x000001c7c48eebc0 JavaThread "Unconstrained build operations Thread 6"        [_thread_blocked, id=17896, stack(0x000000160c500000,0x000000160c600000) (1024K)]
  0x000001c7c48f3a80 JavaThread "Unconstrained build operations Thread 7"        [_thread_blocked, id=20300, stack(0x000000160c600000,0x000000160c700000) (1024K)]
  0x000001c7c48eff70 JavaThread "Unconstrained build operations Thread 8"        [_thread_blocked, id=22844, stack(0x000000160c700000,0x000000160c800000) (1024K)]
  0x000001c7c2fd2340 JavaThread "Unconstrained build operations Thread 9"        [_thread_blocked, id=22860, stack(0x000000160c800000,0x000000160c900000) (1024K)]
  0x000001c7c2fd7890 JavaThread "Unconstrained build operations Thread 10"        [_thread_blocked, id=21736, stack(0x000000160ca00000,0x000000160cb00000) (1024K)]
  0x000001c7c2fd8c40 JavaThread "Unconstrained build operations Thread 11"        [_thread_blocked, id=1276, stack(0x000000160cb00000,0x000000160cc00000) (1024K)]
  0x000001c7c2fd5130 JavaThread "Unconstrained build operations Thread 12"        [_thread_blocked, id=19096, stack(0x000000160cc00000,0x000000160cd00000) (1024K)]
  0x000001c7c2fd7f20 JavaThread "Unconstrained build operations Thread 13"        [_thread_blocked, id=14720, stack(0x000000160cd00000,0x000000160ce00000) (1024K)]
  0x000001c7c2fd29d0 JavaThread "Unconstrained build operations Thread 14"        [_thread_blocked, id=6384, stack(0x000000160ce00000,0x000000160cf00000) (1024K)]
  0x000001c7c2fd92d0 JavaThread "Unconstrained build operations Thread 15"        [_thread_blocked, id=3748, stack(0x000000160cf00000,0x000000160d000000) (1024K)]
  0x000001c7c2fd36f0 JavaThread "Unconstrained build operations Thread 16"        [_thread_blocked, id=15468, stack(0x000000160d000000,0x000000160d100000) (1024K)]
  0x000001c7c2fd57c0 JavaThread "Unconstrained build operations Thread 17"        [_thread_blocked, id=2456, stack(0x000000160d100000,0x000000160d200000) (1024K)]
  0x000001c7c2fd3d80 JavaThread "Unconstrained build operations Thread 18"        [_thread_blocked, id=12592, stack(0x000000160d200000,0x000000160d300000) (1024K)]
  0x000001c7c2fd9960 JavaThread "Unconstrained build operations Thread 19"        [_thread_blocked, id=19896, stack(0x000000160d300000,0x000000160d400000) (1024K)]
  0x000001c7c2fd5e50 JavaThread "Unconstrained build operations Thread 20"        [_thread_blocked, id=7884, stack(0x000000160d400000,0x000000160d500000) (1024K)]
  0x000001c7c2fd64e0 JavaThread "Unconstrained build operations Thread 21"        [_thread_blocked, id=19504, stack(0x000000160d500000,0x000000160d600000) (1024K)]
  0x000001c7c2fd6b70 JavaThread "Unconstrained build operations Thread 22"        [_thread_blocked, id=23104, stack(0x000000160d600000,0x000000160d700000) (1024K)]
  0x000001c7c2fd7200 JavaThread "Unconstrained build operations Thread 23"        [_thread_blocked, id=11520, stack(0x000000160d700000,0x000000160d800000) (1024K)]
  0x000001c7c2d53ec0 JavaThread "Unconstrained build operations Thread 24"        [_thread_blocked, id=16748, stack(0x000000160d800000,0x000000160d900000) (1024K)]
  0x000001c7c2d54550 JavaThread "Unconstrained build operations Thread 25"        [_thread_blocked, id=4520, stack(0x000000160d900000,0x000000160da00000) (1024K)]
  0x000001c7c2d55900 JavaThread "Unconstrained build operations Thread 26"        [_thread_blocked, id=20172, stack(0x000000160da00000,0x000000160db00000) (1024K)]
  0x000001c7c2d56620 JavaThread "Unconstrained build operations Thread 27"        [_thread_blocked, id=23472, stack(0x000000160db00000,0x000000160dc00000) (1024K)]
  0x000001c7c2d56cb0 JavaThread "Unconstrained build operations Thread 28"        [_thread_blocked, id=22752, stack(0x000000160dc00000,0x000000160dd00000) (1024K)]
  0x000001c7c2d5a130 JavaThread "Unconstrained build operations Thread 29"        [_thread_blocked, id=19000, stack(0x000000160dd00000,0x000000160de00000) (1024K)]
  0x000001c7c2d57340 JavaThread "Unconstrained build operations Thread 30"        [_thread_blocked, id=11908, stack(0x000000160de00000,0x000000160df00000) (1024K)]
  0x000001c7c2d58d80 JavaThread "Unconstrained build operations Thread 31"        [_thread_blocked, id=1308, stack(0x000000160df00000,0x000000160e000000) (1024K)]
  0x000001c7c2d54be0 JavaThread "Unconstrained build operations Thread 32"        [_thread_blocked, id=17532, stack(0x000000160e000000,0x000000160e100000) (1024K)]
  0x000001c7c2d59410 JavaThread "Unconstrained build operations Thread 33"        [_thread_blocked, id=24068, stack(0x000000160e100000,0x000000160e200000) (1024K)]
  0x000001c7c2d59aa0 JavaThread "Unconstrained build operations Thread 34"        [_thread_blocked, id=11244, stack(0x000000160e200000,0x000000160e300000) (1024K)]
  0x000001c7c2d5b4e0 JavaThread "Unconstrained build operations Thread 35"        [_thread_blocked, id=9852, stack(0x000000160e300000,0x000000160e400000) (1024K)]
  0x000001c7c4ceb1c0 JavaThread "Unconstrained build operations Thread 36"        [_thread_blocked, id=8256, stack(0x000000160e400000,0x000000160e500000) (1024K)]
  0x000001c7c4ce83d0 JavaThread "Unconstrained build operations Thread 37"        [_thread_blocked, id=17220, stack(0x000000160e500000,0x000000160e600000) (1024K)]
  0x000001c7c4cee640 JavaThread "Unconstrained build operations Thread 38"        [_thread_blocked, id=8756, stack(0x000000160e600000,0x000000160e700000) (1024K)]
  0x000001c7c4cea4a0 JavaThread "Unconstrained build operations Thread 39"        [_thread_blocked, id=24540, stack(0x000000160e700000,0x000000160e800000) (1024K)]
  0x000001c7c4cec570 JavaThread "Unconstrained build operations Thread 40"        [_thread_blocked, id=14576, stack(0x000000160eb00000,0x000000160ec00000) (1024K)]
Total: 86

Other Threads:
  0x000001c7a78ddd30 VMThread "VM Thread"                           [id=3744, stack(0x0000001609700000,0x0000001609800000) (1024K)]
  0x000001c7a78cae30 WatcherThread "VM Periodic Task Thread"        [id=8944, stack(0x0000001609600000,0x0000001609700000) (1024K)]
  0x000001c78d587390 WorkerThread "GC Thread#0"                     [id=21620, stack(0x0000001609100000,0x0000001609200000) (1024K)]
  0x000001c7a7bf4660 WorkerThread "GC Thread#1"                     [id=1544, stack(0x000000160a200000,0x000000160a300000) (1024K)]
  0x000001c7a7bf4a00 WorkerThread "GC Thread#2"                     [id=22952, stack(0x000000160a300000,0x000000160a400000) (1024K)]
  0x000001c7a7bf4da0 WorkerThread "GC Thread#3"                     [id=11112, stack(0x000000160a400000,0x000000160a500000) (1024K)]
  0x000001c78d58d690 ConcurrentGCThread "G1 Main Marker"            [id=23108, stack(0x0000001609200000,0x0000001609300000) (1024K)]
  0x000001c78d58e0a0 WorkerThread "G1 Conc#0"                       [id=6784, stack(0x0000001609300000,0x0000001609400000) (1024K)]
  0x000001c78d62e110 ConcurrentGCThread "G1 Refine#0"               [id=22632, stack(0x0000001609400000,0x0000001609500000) (1024K)]
  0x000001c78d62eb90 ConcurrentGCThread "G1 Service"                [id=368, stack(0x0000001609500000,0x0000001609600000) (1024K)]
Total: 10

Threads with active compile tasks:
C2 CompilerThread0  4412035 16693   !   4       io.spring.gradle.dependencymanagement.org.apache.maven.model.Model::clone (502 bytes)
Total: 1

VM state: not at safepoint (normal execution)

VM Mutex/Monitor currently owned by a thread: None

Heap address: 0x00000000e0000000, size: 512 MB, Compressed Oops mode: 32-bit

CDS archive(s) mapped at: [0x000001c7a8000000-0x000001c7a8c90000-0x000001c7a8c90000), size 13172736, SharedBaseAddress: 0x000001c7a8000000, ArchiveRelocationMode: 1.
Compressed class space mapped at: 0x000001c7a9000000-0x000001c7bd000000, reserved size: 335544320
Narrow klass base: 0x000001c7a8000000, Narrow klass shift: 0, Narrow klass range: 0x100000000

GC Precious Log:
 CardTable entry size: 512
 Card Set container configuration: InlinePtr #cards 5 size 8 Array Of Cards #cards 12 size 40 Howl #buckets 4 coarsen threshold 1843 Howl Bitmap #cards 512 size 80 coarsen threshold 460 Card regions per heap region 1 cards per card region 2048
 CPUs: 4 total, 4 available
 Memory: 12082M
 Large Page Support: Disabled
 NUMA Support: Disabled
 Compressed Oops: Enabled (32-bit)
 Heap Region Size: 1M
 Heap Min Capacity: 256M
 Heap Initial Capacity: 256M
 Heap Max Capacity: 512M
 Pre-touch: Disabled
 Parallel Workers: 4
 Concurrent Workers: 1
 Concurrent Refinement Workers: 4
 Periodic GC: Disabled

Heap:
 garbage-first heap   total 262144K, used 153479K [0x00000000e0000000, 0x0000000100000000)
  region size 1024K, 60 young (61440K), 4 survivors (4096K)
 Metaspace       used 76528K, committed 78848K, reserved 458752K
  class space    used 10315K, committed 11456K, reserved 327680K

Heap Regions: E=young(eden), S=young(survivor), O=old, HS=humongous(starts), HC=humongous(continues), CS=collection set, F=free, TAMS=top-at-mark-start, PB=parsable bottom
|   0|0x00000000e0000000, 0x00000000e0100000, 0x00000000e0100000|100%|HS|  |TAMS 0x00000000e0000000| PB 0x00000000e0000000| Complete 
|   1|0x00000000e0100000, 0x00000000e0200000, 0x00000000e0200000|100%|HC|  |TAMS 0x00000000e0100000| PB 0x00000000e0100000| Complete 
|   2|0x00000000e0200000, 0x00000000e0300000, 0x00000000e0300000|100%|HC|  |TAMS 0x00000000e0200000| PB 0x00000000e0200000| Complete 
|   3|0x00000000e0300000, 0x00000000e0400000, 0x00000000e0400000|100%| O|  |TAMS 0x00000000e0300000| PB 0x00000000e0300000| Untracked 
|   4|0x00000000e0400000, 0x00000000e0500000, 0x00000000e0500000|100%| O|  |TAMS 0x00000000e0400000| PB 0x00000000e0400000| Untracked 
|   5|0x00000000e0500000, 0x00000000e0600000, 0x00000000e0600000|100%| O|  |TAMS 0x00000000e0500000| PB 0x00000000e0500000| Untracked 
|   6|0x00000000e0600000, 0x00000000e0700000, 0x00000000e0700000|100%| O|  |TAMS 0x00000000e0600000| PB 0x00000000e0600000| Untracked 
|   7|0x00000000e0700000, 0x00000000e0800000, 0x00000000e0800000|100%|HS|  |TAMS 0x00000000e0700000| PB 0x00000000e0700000| Complete 
|   8|0x00000000e0800000, 0x00000000e0900000, 0x00000000e0900000|100%| O|  |TAMS 0x00000000e0800000| PB 0x00000000e0800000| Untracked 
|   9|0x00000000e0900000, 0x00000000e0a00000, 0x00000000e0a00000|100%| O|  |TAMS 0x00000000e0900000| PB 0x00000000e0900000| Untracked 
|  10|0x00000000e0a00000, 0x00000000e0b00000, 0x00000000e0b00000|100%| O|  |TAMS 0x00000000e0a00000| PB 0x00000000e0a00000| Untracked 
|  11|0x00000000e0b00000, 0x00000000e0c00000, 0x00000000e0c00000|100%| O|  |TAMS 0x00000000e0b00000| PB 0x00000000e0b00000| Untracked 
|  12|0x00000000e0c00000, 0x00000000e0d00000, 0x00000000e0d00000|100%| O|  |TAMS 0x00000000e0c00000| PB 0x00000000e0c00000| Untracked 
|  13|0x00000000e0d00000, 0x00000000e0e00000, 0x00000000e0e00000|100%| O|  |TAMS 0x00000000e0d00000| PB 0x00000000e0d00000| Untracked 
|  14|0x00000000e0e00000, 0x00000000e0f00000, 0x00000000e0f00000|100%| O|  |TAMS 0x00000000e0e00000| PB 0x00000000e0e00000| Untracked 
|  15|0x00000000e0f00000, 0x00000000e1000000, 0x00000000e1000000|100%| O|  |TAMS 0x00000000e0f00000| PB 0x00000000e0f00000| Untracked 
|  16|0x00000000e1000000, 0x00000000e1100000, 0x00000000e1100000|100%| O|  |TAMS 0x00000000e1000000| PB 0x00000000e1000000| Untracked 
|  17|0x00000000e1100000, 0x00000000e1200000, 0x00000000e1200000|100%| O|  |TAMS 0x00000000e1100000| PB 0x00000000e1100000| Untracked 
|  18|0x00000000e1200000, 0x00000000e1300000, 0x00000000e1300000|100%| O|  |TAMS 0x00000000e1200000| PB 0x00000000e1200000| Untracked 
|  19|0x00000000e1300000, 0x00000000e1400000, 0x00000000e1400000|100%| O|  |TAMS 0x00000000e1300000| PB 0x00000000e1300000| Untracked 
|  20|0x00000000e1400000, 0x00000000e1500000, 0x00000000e1500000|100%| O|  |TAMS 0x00000000e1400000| PB 0x00000000e1400000| Untracked 
|  21|0x00000000e1500000, 0x00000000e1600000, 0x00000000e1600000|100%| O|  |TAMS 0x00000000e1500000| PB 0x00000000e1500000| Untracked 
|  22|0x00000000e1600000, 0x00000000e1700000, 0x00000000e1700000|100%| O|  |TAMS 0x00000000e1600000| PB 0x00000000e1600000| Untracked 
|  23|0x00000000e1700000, 0x00000000e1800000, 0x00000000e1800000|100%| O|  |TAMS 0x00000000e1700000| PB 0x00000000e1700000| Untracked 
|  24|0x00000000e1800000, 0x00000000e1900000, 0x00000000e1900000|100%| O|  |TAMS 0x00000000e1800000| PB 0x00000000e1800000| Untracked 
|  25|0x00000000e1900000, 0x00000000e1a00000, 0x00000000e1a00000|100%| O|  |TAMS 0x00000000e1900000| PB 0x00000000e1900000| Untracked 
|  26|0x00000000e1a00000, 0x00000000e1b00000, 0x00000000e1b00000|100%| O|  |TAMS 0x00000000e1a00000| PB 0x00000000e1a00000| Untracked 
|  27|0x00000000e1b00000, 0x00000000e1c00000, 0x00000000e1c00000|100%| O|  |TAMS 0x00000000e1b00000| PB 0x00000000e1b00000| Untracked 
|  28|0x00000000e1c00000, 0x00000000e1d00000, 0x00000000e1d00000|100%| O|  |TAMS 0x00000000e1c00000| PB 0x00000000e1c00000| Untracked 
|  29|0x00000000e1d00000, 0x00000000e1e00000, 0x00000000e1e00000|100%| O|  |TAMS 0x00000000e1d00000| PB 0x00000000e1d00000| Untracked 
|  30|0x00000000e1e00000, 0x00000000e1f00000, 0x00000000e1f00000|100%| O|  |TAMS 0x00000000e1e00000| PB 0x00000000e1e00000| Untracked 
|  31|0x00000000e1f00000, 0x00000000e2000000, 0x00000000e2000000|100%| O|  |TAMS 0x00000000e1f00000| PB 0x00000000e1f00000| Untracked 
|  32|0x00000000e2000000, 0x00000000e2100000, 0x00000000e2100000|100%| O|  |TAMS 0x00000000e2000000| PB 0x00000000e2000000| Untracked 
|  33|0x00000000e2100000, 0x00000000e2200000, 0x00000000e2200000|100%| O|  |TAMS 0x00000000e2100000| PB 0x00000000e2100000| Untracked 
|  34|0x00000000e2200000, 0x00000000e2300000, 0x00000000e2300000|100%| O|  |TAMS 0x00000000e2200000| PB 0x00000000e2200000| Untracked 
|  35|0x00000000e2300000, 0x00000000e2400000, 0x00000000e2400000|100%| O|  |TAMS 0x00000000e2300000| PB 0x00000000e2300000| Untracked 
|  36|0x00000000e2400000, 0x00000000e2500000, 0x00000000e2500000|100%| O|  |TAMS 0x00000000e2400000| PB 0x00000000e2400000| Untracked 
|  37|0x00000000e2500000, 0x00000000e2600000, 0x00000000e2600000|100%| O|  |TAMS 0x00000000e2500000| PB 0x00000000e2500000| Untracked 
|  38|0x00000000e2600000, 0x00000000e2700000, 0x00000000e2700000|100%| O|  |TAMS 0x00000000e2600000| PB 0x00000000e2600000| Untracked 
|  39|0x00000000e2700000, 0x00000000e2800000, 0x00000000e2800000|100%| O|  |TAMS 0x00000000e2700000| PB 0x00000000e2700000| Untracked 
|  40|0x00000000e2800000, 0x00000000e2900000, 0x00000000e2900000|100%| O|  |TAMS 0x00000000e2800000| PB 0x00000000e2800000| Untracked 
|  41|0x00000000e2900000, 0x00000000e2a00000, 0x00000000e2a00000|100%| O|  |TAMS 0x00000000e2900000| PB 0x00000000e2900000| Untracked 
|  42|0x00000000e2a00000, 0x00000000e2b00000, 0x00000000e2b00000|100%| O|  |TAMS 0x00000000e2a00000| PB 0x00000000e2a00000| Untracked 
|  43|0x00000000e2b00000, 0x00000000e2c00000, 0x00000000e2c00000|100%| O|  |TAMS 0x00000000e2b00000| PB 0x00000000e2b00000| Untracked 
|  44|0x00000000e2c00000, 0x00000000e2d00000, 0x00000000e2d00000|100%| O|  |TAMS 0x00000000e2c00000| PB 0x00000000e2c00000| Untracked 
|  45|0x00000000e2d00000, 0x00000000e2e00000, 0x00000000e2e00000|100%| O|  |TAMS 0x00000000e2d00000| PB 0x00000000e2d00000| Untracked 
|  46|0x00000000e2e00000, 0x00000000e2f00000, 0x00000000e2f00000|100%| O|  |TAMS 0x00000000e2e00000| PB 0x00000000e2e00000| Untracked 
|  47|0x00000000e2f00000, 0x00000000e3000000, 0x00000000e3000000|100%| O|  |TAMS 0x00000000e2f00000| PB 0x00000000e2f00000| Untracked 
|  48|0x00000000e3000000, 0x00000000e3100000, 0x00000000e3100000|100%| O|  |TAMS 0x00000000e3000000| PB 0x00000000e3000000| Untracked 
|  49|0x00000000e3100000, 0x00000000e3200000, 0x00000000e3200000|100%| O|  |TAMS 0x00000000e3100000| PB 0x00000000e3100000| Untracked 
|  50|0x00000000e3200000, 0x00000000e3300000, 0x00000000e3300000|100%|HS|  |TAMS 0x00000000e3200000| PB 0x00000000e3200000| Complete 
|  51|0x00000000e3300000, 0x00000000e3400000, 0x00000000e3400000|100%| O|  |TAMS 0x00000000e3300000| PB 0x00000000e3300000| Untracked 
|  52|0x00000000e3400000, 0x00000000e3500000, 0x00000000e3500000|100%| O|  |TAMS 0x00000000e3400000| PB 0x00000000e3400000| Untracked 
|  53|0x00000000e3500000, 0x00000000e3600000, 0x00000000e3600000|100%| O|  |TAMS 0x00000000e3500000| PB 0x00000000e3500000| Untracked 
|  54|0x00000000e3600000, 0x00000000e3700000, 0x00000000e3700000|100%| O|  |TAMS 0x00000000e3600000| PB 0x00000000e3600000| Untracked 
|  55|0x00000000e3700000, 0x00000000e3800000, 0x00000000e3800000|100%| O|  |TAMS 0x00000000e3700000| PB 0x00000000e3700000| Untracked 
|  56|0x00000000e3800000, 0x00000000e3900000, 0x00000000e3900000|100%| O|  |TAMS 0x00000000e3800000| PB 0x00000000e3800000| Untracked 
|  57|0x00000000e3900000, 0x00000000e3a00000, 0x00000000e3a00000|100%| O|  |TAMS 0x00000000e3900000| PB 0x00000000e3900000| Untracked 
|  58|0x00000000e3a00000, 0x00000000e3b00000, 0x00000000e3b00000|100%| O|  |TAMS 0x00000000e3a00000| PB 0x00000000e3a00000| Untracked 
|  59|0x00000000e3b00000, 0x00000000e3c00000, 0x00000000e3c00000|100%| O|  |TAMS 0x00000000e3b00000| PB 0x00000000e3b00000| Untracked 
|  60|0x00000000e3c00000, 0x00000000e3d00000, 0x00000000e3d00000|100%| O|  |TAMS 0x00000000e3c00000| PB 0x00000000e3c00000| Untracked 
|  61|0x00000000e3d00000, 0x00000000e3e00000, 0x00000000e3e00000|100%| O|  |TAMS 0x00000000e3d00000| PB 0x00000000e3d00000| Untracked 
|  62|0x00000000e3e00000, 0x00000000e3f00000, 0x00000000e3f00000|100%| O|  |TAMS 0x00000000e3e00000| PB 0x00000000e3e00000| Untracked 
|  63|0x00000000e3f00000, 0x00000000e4000000, 0x00000000e4000000|100%| O|  |TAMS 0x00000000e3f00000| PB 0x00000000e3f00000| Untracked 
|  64|0x00000000e4000000, 0x00000000e4100000, 0x00000000e4100000|100%| O|  |TAMS 0x00000000e4000000| PB 0x00000000e4000000| Untracked 
|  65|0x00000000e4100000, 0x00000000e4200000, 0x00000000e4200000|100%| O|  |TAMS 0x00000000e4100000| PB 0x00000000e4100000| Untracked 
|  66|0x00000000e4200000, 0x00000000e4300000, 0x00000000e4300000|100%| O|  |TAMS 0x00000000e4200000| PB 0x00000000e4200000| Untracked 
|  67|0x00000000e4300000, 0x00000000e4400000, 0x00000000e4400000|100%| O|  |TAMS 0x00000000e4300000| PB 0x00000000e4300000| Untracked 
|  68|0x00000000e4400000, 0x00000000e4500000, 0x00000000e4500000|100%| O|  |TAMS 0x00000000e4400000| PB 0x00000000e4400000| Untracked 
|  69|0x00000000e4500000, 0x00000000e4600000, 0x00000000e4600000|100%| O|  |TAMS 0x00000000e4500000| PB 0x00000000e4500000| Untracked 
|  70|0x00000000e4600000, 0x00000000e4700000, 0x00000000e4700000|100%| O|  |TAMS 0x00000000e4600000| PB 0x00000000e4600000| Untracked 
|  71|0x00000000e4700000, 0x00000000e4800000, 0x00000000e4800000|100%| O|  |TAMS 0x00000000e4700000| PB 0x00000000e4700000| Untracked 
|  72|0x00000000e4800000, 0x00000000e4900000, 0x00000000e4900000|100%| O|  |TAMS 0x00000000e4800000| PB 0x00000000e4800000| Untracked 
|  73|0x00000000e4900000, 0x00000000e4a00000, 0x00000000e4a00000|100%| O|  |TAMS 0x00000000e4900000| PB 0x00000000e4900000| Untracked 
|  74|0x00000000e4a00000, 0x00000000e4b00000, 0x00000000e4b00000|100%| O|  |TAMS 0x00000000e4a00000| PB 0x00000000e4a00000| Untracked 
|  75|0x00000000e4b00000, 0x00000000e4c00000, 0x00000000e4c00000|100%| O|  |TAMS 0x00000000e4b00000| PB 0x00000000e4b00000| Untracked 
|  76|0x00000000e4c00000, 0x00000000e4d00000, 0x00000000e4d00000|100%| O|  |TAMS 0x00000000e4c00000| PB 0x00000000e4c00000| Untracked 
|  77|0x00000000e4d00000, 0x00000000e4e00000, 0x00000000e4e00000|100%| O|  |TAMS 0x00000000e4d00000| PB 0x00000000e4d00000| Untracked 
|  78|0x00000000e4e00000, 0x00000000e4f00000, 0x00000000e4f00000|100%| O|  |TAMS 0x00000000e4e00000| PB 0x00000000e4e00000| Untracked 
|  79|0x00000000e4f00000, 0x00000000e5000000, 0x00000000e5000000|100%| O|  |TAMS 0x00000000e4f00000| PB 0x00000000e4f00000| Untracked 
|  80|0x00000000e5000000, 0x00000000e5100000, 0x00000000e5100000|100%| O|  |TAMS 0x00000000e5000000| PB 0x00000000e5000000| Untracked 
|  81|0x00000000e5100000, 0x00000000e5200000, 0x00000000e5200000|100%| O|  |TAMS 0x00000000e5100000| PB 0x00000000e5100000| Untracked 
|  82|0x00000000e5200000, 0x00000000e5300000, 0x00000000e5300000|100%| O|  |TAMS 0x00000000e5200000| PB 0x00000000e5200000| Untracked 
|  83|0x00000000e5300000, 0x00000000e5400000, 0x00000000e5400000|100%| O|  |TAMS 0x00000000e5300000| PB 0x00000000e5300000| Untracked 
|  84|0x00000000e5400000, 0x00000000e5500000, 0x00000000e5500000|100%| O|  |TAMS 0x00000000e5400000| PB 0x00000000e5400000| Untracked 
|  85|0x00000000e5500000, 0x00000000e5600000, 0x00000000e5600000|100%| O|  |TAMS 0x00000000e5500000| PB 0x00000000e5500000| Untracked 
|  86|0x00000000e5600000, 0x00000000e5700000, 0x00000000e5700000|100%| O|  |TAMS 0x00000000e5600000| PB 0x00000000e5600000| Untracked 
|  87|0x00000000e5700000, 0x00000000e5800000, 0x00000000e5800000|100%| O|  |TAMS 0x00000000e5700000| PB 0x00000000e5700000| Untracked 
|  88|0x00000000e5800000, 0x00000000e5900000, 0x00000000e5900000|100%| O|  |TAMS 0x00000000e5800000| PB 0x00000000e5800000| Untracked 
|  89|0x00000000e5900000, 0x00000000e5a00000, 0x00000000e5a00000|100%| O|  |TAMS 0x00000000e5900000| PB 0x00000000e5900000| Untracked 
|  90|0x00000000e5a00000, 0x00000000e5b00000, 0x00000000e5b00000|100%| O|  |TAMS 0x00000000e5a00000| PB 0x00000000e5a00000| Untracked 
|  91|0x00000000e5b00000, 0x00000000e5b92f10, 0x00000000e5c00000| 57%| O|  |TAMS 0x00000000e5b00000| PB 0x00000000e5b00000| Untracked 
|  92|0x00000000e5c00000, 0x00000000e5c00000, 0x00000000e5d00000|  0%| F|  |TAMS 0x00000000e5c00000| PB 0x00000000e5c00000| Untracked 
|  93|0x00000000e5d00000, 0x00000000e5d00000, 0x00000000e5e00000|  0%| F|  |TAMS 0x00000000e5d00000| PB 0x00000000e5d00000| Untracked 
|  94|0x00000000e5e00000, 0x00000000e5e00000, 0x00000000e5f00000|  0%| F|  |TAMS 0x00000000e5e00000| PB 0x00000000e5e00000| Untracked 
|  95|0x00000000e5f00000, 0x00000000e5f00000, 0x00000000e6000000|  0%| F|  |TAMS 0x00000000e5f00000| PB 0x00000000e5f00000| Untracked 
|  96|0x00000000e6000000, 0x00000000e6000000, 0x00000000e6100000|  0%| F|  |TAMS 0x00000000e6000000| PB 0x00000000e6000000| Untracked 
|  97|0x00000000e6100000, 0x00000000e6100000, 0x00000000e6200000|  0%| F|  |TAMS 0x00000000e6100000| PB 0x00000000e6100000| Untracked 
|  98|0x00000000e6200000, 0x00000000e6200000, 0x00000000e6300000|  0%| F|  |TAMS 0x00000000e6200000| PB 0x00000000e6200000| Untracked 
|  99|0x00000000e6300000, 0x00000000e6300000, 0x00000000e6400000|  0%| F|  |TAMS 0x00000000e6300000| PB 0x00000000e6300000| Untracked 
| 100|0x00000000e6400000, 0x00000000e6400000, 0x00000000e6500000|  0%| F|  |TAMS 0x00000000e6400000| PB 0x00000000e6400000| Untracked 
| 101|0x00000000e6500000, 0x00000000e6500000, 0x00000000e6600000|  0%| F|  |TAMS 0x00000000e6500000| PB 0x00000000e6500000| Untracked 
| 102|0x00000000e6600000, 0x00000000e6600000, 0x00000000e6700000|  0%| F|  |TAMS 0x00000000e6600000| PB 0x00000000e6600000| Untracked 
| 103|0x00000000e6700000, 0x00000000e6700000, 0x00000000e6800000|  0%| F|  |TAMS 0x00000000e6700000| PB 0x00000000e6700000| Untracked 
| 104|0x00000000e6800000, 0x00000000e6800000, 0x00000000e6900000|  0%| F|  |TAMS 0x00000000e6800000| PB 0x00000000e6800000| Untracked 
| 105|0x00000000e6900000, 0x00000000e6900000, 0x00000000e6a00000|  0%| F|  |TAMS 0x00000000e6900000| PB 0x00000000e6900000| Untracked 
| 106|0x00000000e6a00000, 0x00000000e6a00000, 0x00000000e6b00000|  0%| F|  |TAMS 0x00000000e6a00000| PB 0x00000000e6a00000| Untracked 
| 107|0x00000000e6b00000, 0x00000000e6b00000, 0x00000000e6c00000|  0%| F|  |TAMS 0x00000000e6b00000| PB 0x00000000e6b00000| Untracked 
| 108|0x00000000e6c00000, 0x00000000e6c00000, 0x00000000e6d00000|  0%| F|  |TAMS 0x00000000e6c00000| PB 0x00000000e6c00000| Untracked 
| 109|0x00000000e6d00000, 0x00000000e6d00000, 0x00000000e6e00000|  0%| F|  |TAMS 0x00000000e6d00000| PB 0x00000000e6d00000| Untracked 
| 110|0x00000000e6e00000, 0x00000000e6e00000, 0x00000000e6f00000|  0%| F|  |TAMS 0x00000000e6e00000| PB 0x00000000e6e00000| Untracked 
| 111|0x00000000e6f00000, 0x00000000e6f00000, 0x00000000e7000000|  0%| F|  |TAMS 0x00000000e6f00000| PB 0x00000000e6f00000| Untracked 
| 112|0x00000000e7000000, 0x00000000e7000000, 0x00000000e7100000|  0%| F|  |TAMS 0x00000000e7000000| PB 0x00000000e7000000| Untracked 
| 113|0x00000000e7100000, 0x00000000e7100000, 0x00000000e7200000|  0%| F|  |TAMS 0x00000000e7100000| PB 0x00000000e7100000| Untracked 
| 114|0x00000000e7200000, 0x00000000e7200000, 0x00000000e7300000|  0%| F|  |TAMS 0x00000000e7200000| PB 0x00000000e7200000| Untracked 
| 115|0x00000000e7300000, 0x00000000e7300000, 0x00000000e7400000|  0%| F|  |TAMS 0x00000000e7300000| PB 0x00000000e7300000| Untracked 
| 116|0x00000000e7400000, 0x00000000e7400000, 0x00000000e7500000|  0%| F|  |TAMS 0x00000000e7400000| PB 0x00000000e7400000| Untracked 
| 117|0x00000000e7500000, 0x00000000e7500000, 0x00000000e7600000|  0%| F|  |TAMS 0x00000000e7500000| PB 0x00000000e7500000| Untracked 
| 118|0x00000000e7600000, 0x00000000e7600000, 0x00000000e7700000|  0%| F|  |TAMS 0x00000000e7600000| PB 0x00000000e7600000| Untracked 
| 119|0x00000000e7700000, 0x00000000e7700000, 0x00000000e7800000|  0%| F|  |TAMS 0x00000000e7700000| PB 0x00000000e7700000| Untracked 
| 120|0x00000000e7800000, 0x00000000e7800000, 0x00000000e7900000|  0%| F|  |TAMS 0x00000000e7800000| PB 0x00000000e7800000| Untracked 
| 121|0x00000000e7900000, 0x00000000e7900000, 0x00000000e7a00000|  0%| F|  |TAMS 0x00000000e7900000| PB 0x00000000e7900000| Untracked 
| 122|0x00000000e7a00000, 0x00000000e7a00000, 0x00000000e7b00000|  0%| F|  |TAMS 0x00000000e7a00000| PB 0x00000000e7a00000| Untracked 
| 123|0x00000000e7b00000, 0x00000000e7b00000, 0x00000000e7c00000|  0%| F|  |TAMS 0x00000000e7b00000| PB 0x00000000e7b00000| Untracked 
| 124|0x00000000e7c00000, 0x00000000e7c00000, 0x00000000e7d00000|  0%| F|  |TAMS 0x00000000e7c00000| PB 0x00000000e7c00000| Untracked 
| 125|0x00000000e7d00000, 0x00000000e7d4f028, 0x00000000e7e00000| 30%| S|CS|TAMS 0x00000000e7d00000| PB 0x00000000e7d00000| Complete 
| 126|0x00000000e7e00000, 0x00000000e7f00000, 0x00000000e7f00000|100%| S|CS|TAMS 0x00000000e7e00000| PB 0x00000000e7e00000| Complete 
| 127|0x00000000e7f00000, 0x00000000e8000000, 0x00000000e8000000|100%| S|CS|TAMS 0x00000000e7f00000| PB 0x00000000e7f00000| Complete 
| 128|0x00000000e8000000, 0x00000000e8100000, 0x00000000e8100000|100%| S|CS|TAMS 0x00000000e8000000| PB 0x00000000e8000000| Complete 
| 129|0x00000000e8100000, 0x00000000e8100000, 0x00000000e8200000|  0%| F|  |TAMS 0x00000000e8100000| PB 0x00000000e8100000| Untracked 
| 130|0x00000000e8200000, 0x00000000e8200000, 0x00000000e8300000|  0%| F|  |TAMS 0x00000000e8200000| PB 0x00000000e8200000| Untracked 
| 131|0x00000000e8300000, 0x00000000e8300000, 0x00000000e8400000|  0%| F|  |TAMS 0x00000000e8300000| PB 0x00000000e8300000| Untracked 
| 132|0x00000000e8400000, 0x00000000e8400000, 0x00000000e8500000|  0%| F|  |TAMS 0x00000000e8400000| PB 0x00000000e8400000| Untracked 
| 133|0x00000000e8500000, 0x00000000e8500000, 0x00000000e8600000|  0%| F|  |TAMS 0x00000000e8500000| PB 0x00000000e8500000| Untracked 
| 134|0x00000000e8600000, 0x00000000e8600000, 0x00000000e8700000|  0%| F|  |TAMS 0x00000000e8600000| PB 0x00000000e8600000| Untracked 
| 135|0x00000000e8700000, 0x00000000e8700000, 0x00000000e8800000|  0%| F|  |TAMS 0x00000000e8700000| PB 0x00000000e8700000| Untracked 
| 136|0x00000000e8800000, 0x00000000e8800000, 0x00000000e8900000|  0%| F|  |TAMS 0x00000000e8800000| PB 0x00000000e8800000| Untracked 
| 137|0x00000000e8900000, 0x00000000e8900000, 0x00000000e8a00000|  0%| F|  |TAMS 0x00000000e8900000| PB 0x00000000e8900000| Untracked 
| 138|0x00000000e8a00000, 0x00000000e8a00000, 0x00000000e8b00000|  0%| F|  |TAMS 0x00000000e8a00000| PB 0x00000000e8a00000| Untracked 
| 139|0x00000000e8b00000, 0x00000000e8b00000, 0x00000000e8c00000|  0%| F|  |TAMS 0x00000000e8b00000| PB 0x00000000e8b00000| Untracked 
| 140|0x00000000e8c00000, 0x00000000e8c00000, 0x00000000e8d00000|  0%| F|  |TAMS 0x00000000e8c00000| PB 0x00000000e8c00000| Untracked 
| 141|0x00000000e8d00000, 0x00000000e8d00000, 0x00000000e8e00000|  0%| F|  |TAMS 0x00000000e8d00000| PB 0x00000000e8d00000| Untracked 
| 142|0x00000000e8e00000, 0x00000000e8e00000, 0x00000000e8f00000|  0%| F|  |TAMS 0x00000000e8e00000| PB 0x00000000e8e00000| Untracked 
| 143|0x00000000e8f00000, 0x00000000e8f00000, 0x00000000e9000000|  0%| F|  |TAMS 0x00000000e8f00000| PB 0x00000000e8f00000| Untracked 
| 144|0x00000000e9000000, 0x00000000e9000000, 0x00000000e9100000|  0%| F|  |TAMS 0x00000000e9000000| PB 0x00000000e9000000| Untracked 
| 145|0x00000000e9100000, 0x00000000e9100000, 0x00000000e9200000|  0%| F|  |TAMS 0x00000000e9100000| PB 0x00000000e9100000| Untracked 
| 146|0x00000000e9200000, 0x00000000e9200000, 0x00000000e9300000|  0%| F|  |TAMS 0x00000000e9200000| PB 0x00000000e9200000| Untracked 
| 147|0x00000000e9300000, 0x00000000e9300000, 0x00000000e9400000|  0%| F|  |TAMS 0x00000000e9300000| PB 0x00000000e9300000| Untracked 
| 148|0x00000000e9400000, 0x00000000e9400000, 0x00000000e9500000|  0%| F|  |TAMS 0x00000000e9400000| PB 0x00000000e9400000| Untracked 
| 149|0x00000000e9500000, 0x00000000e9500000, 0x00000000e9600000|  0%| F|  |TAMS 0x00000000e9500000| PB 0x00000000e9500000| Untracked 
| 150|0x00000000e9600000, 0x00000000e9600000, 0x00000000e9700000|  0%| F|  |TAMS 0x00000000e9600000| PB 0x00000000e9600000| Untracked 
| 151|0x00000000e9700000, 0x00000000e9700000, 0x00000000e9800000|  0%| F|  |TAMS 0x00000000e9700000| PB 0x00000000e9700000| Untracked 
| 152|0x00000000e9800000, 0x00000000e9800000, 0x00000000e9900000|  0%| F|  |TAMS 0x00000000e9800000| PB 0x00000000e9800000| Untracked 
| 153|0x00000000e9900000, 0x00000000e9900000, 0x00000000e9a00000|  0%| F|  |TAMS 0x00000000e9900000| PB 0x00000000e9900000| Untracked 
| 154|0x00000000e9a00000, 0x00000000e9a00000, 0x00000000e9b00000|  0%| F|  |TAMS 0x00000000e9a00000| PB 0x00000000e9a00000| Untracked 
| 155|0x00000000e9b00000, 0x00000000e9b00000, 0x00000000e9c00000|  0%| F|  |TAMS 0x00000000e9b00000| PB 0x00000000e9b00000| Untracked 
| 156|0x00000000e9c00000, 0x00000000e9c00000, 0x00000000e9d00000|  0%| F|  |TAMS 0x00000000e9c00000| PB 0x00000000e9c00000| Untracked 
| 157|0x00000000e9d00000, 0x00000000e9d00000, 0x00000000e9e00000|  0%| F|  |TAMS 0x00000000e9d00000| PB 0x00000000e9d00000| Untracked 
| 158|0x00000000e9e00000, 0x00000000e9e00000, 0x00000000e9f00000|  0%| F|  |TAMS 0x00000000e9e00000| PB 0x00000000e9e00000| Untracked 
| 159|0x00000000e9f00000, 0x00000000e9f00000, 0x00000000ea000000|  0%| F|  |TAMS 0x00000000e9f00000| PB 0x00000000e9f00000| Untracked 
| 160|0x00000000ea000000, 0x00000000ea000000, 0x00000000ea100000|  0%| F|  |TAMS 0x00000000ea000000| PB 0x00000000ea000000| Untracked 
| 161|0x00000000ea100000, 0x00000000ea100000, 0x00000000ea200000|  0%| F|  |TAMS 0x00000000ea100000| PB 0x00000000ea100000| Untracked 
| 162|0x00000000ea200000, 0x00000000ea200000, 0x00000000ea300000|  0%| F|  |TAMS 0x00000000ea200000| PB 0x00000000ea200000| Untracked 
| 163|0x00000000ea300000, 0x00000000ea300000, 0x00000000ea400000|  0%| F|  |TAMS 0x00000000ea300000| PB 0x00000000ea300000| Untracked 
| 164|0x00000000ea400000, 0x00000000ea400000, 0x00000000ea500000|  0%| F|  |TAMS 0x00000000ea400000| PB 0x00000000ea400000| Untracked 
| 165|0x00000000ea500000, 0x00000000ea500000, 0x00000000ea600000|  0%| F|  |TAMS 0x00000000ea500000| PB 0x00000000ea500000| Untracked 
| 166|0x00000000ea600000, 0x00000000ea600000, 0x00000000ea700000|  0%| F|  |TAMS 0x00000000ea600000| PB 0x00000000ea600000| Untracked 
| 167|0x00000000ea700000, 0x00000000ea700000, 0x00000000ea800000|  0%| F|  |TAMS 0x00000000ea700000| PB 0x00000000ea700000| Untracked 
| 168|0x00000000ea800000, 0x00000000ea800000, 0x00000000ea900000|  0%| F|  |TAMS 0x00000000ea800000| PB 0x00000000ea800000| Untracked 
| 169|0x00000000ea900000, 0x00000000ea900000, 0x00000000eaa00000|  0%| F|  |TAMS 0x00000000ea900000| PB 0x00000000ea900000| Untracked 
| 170|0x00000000eaa00000, 0x00000000eaa00000, 0x00000000eab00000|  0%| F|  |TAMS 0x00000000eaa00000| PB 0x00000000eaa00000| Untracked 
| 171|0x00000000eab00000, 0x00000000eab00000, 0x00000000eac00000|  0%| F|  |TAMS 0x00000000eab00000| PB 0x00000000eab00000| Untracked 
| 172|0x00000000eac00000, 0x00000000eac00000, 0x00000000ead00000|  0%| F|  |TAMS 0x00000000eac00000| PB 0x00000000eac00000| Untracked 
| 173|0x00000000ead00000, 0x00000000ead00000, 0x00000000eae00000|  0%| F|  |TAMS 0x00000000ead00000| PB 0x00000000ead00000| Untracked 
| 174|0x00000000eae00000, 0x00000000eae00000, 0x00000000eaf00000|  0%| F|  |TAMS 0x00000000eae00000| PB 0x00000000eae00000| Untracked 
| 175|0x00000000eaf00000, 0x00000000eaf00000, 0x00000000eb000000|  0%| F|  |TAMS 0x00000000eaf00000| PB 0x00000000eaf00000| Untracked 
| 176|0x00000000eb000000, 0x00000000eb000000, 0x00000000eb100000|  0%| F|  |TAMS 0x00000000eb000000| PB 0x00000000eb000000| Untracked 
| 177|0x00000000eb100000, 0x00000000eb100000, 0x00000000eb200000|  0%| F|  |TAMS 0x00000000eb100000| PB 0x00000000eb100000| Untracked 
| 178|0x00000000eb200000, 0x00000000eb200000, 0x00000000eb300000|  0%| F|  |TAMS 0x00000000eb200000| PB 0x00000000eb200000| Untracked 
| 179|0x00000000eb300000, 0x00000000eb300000, 0x00000000eb400000|  0%| F|  |TAMS 0x00000000eb300000| PB 0x00000000eb300000| Untracked 
| 180|0x00000000eb400000, 0x00000000eb400000, 0x00000000eb500000|  0%| F|  |TAMS 0x00000000eb400000| PB 0x00000000eb400000| Untracked 
| 181|0x00000000eb500000, 0x00000000eb500000, 0x00000000eb600000|  0%| F|  |TAMS 0x00000000eb500000| PB 0x00000000eb500000| Untracked 
| 182|0x00000000eb600000, 0x00000000eb600000, 0x00000000eb700000|  0%| F|  |TAMS 0x00000000eb600000| PB 0x00000000eb600000| Untracked 
| 183|0x00000000eb700000, 0x00000000eb700000, 0x00000000eb800000|  0%| F|  |TAMS 0x00000000eb700000| PB 0x00000000eb700000| Untracked 
| 184|0x00000000eb800000, 0x00000000eb800000, 0x00000000eb900000|  0%| F|  |TAMS 0x00000000eb800000| PB 0x00000000eb800000| Untracked 
| 185|0x00000000eb900000, 0x00000000eb900000, 0x00000000eba00000|  0%| F|  |TAMS 0x00000000eb900000| PB 0x00000000eb900000| Untracked 
| 186|0x00000000eba00000, 0x00000000eba00000, 0x00000000ebb00000|  0%| F|  |TAMS 0x00000000eba00000| PB 0x00000000eba00000| Untracked 
| 187|0x00000000ebb00000, 0x00000000ebb00000, 0x00000000ebc00000|  0%| F|  |TAMS 0x00000000ebb00000| PB 0x00000000ebb00000| Untracked 
| 188|0x00000000ebc00000, 0x00000000ebc00000, 0x00000000ebd00000|  0%| F|  |TAMS 0x00000000ebc00000| PB 0x00000000ebc00000| Untracked 
| 189|0x00000000ebd00000, 0x00000000ebd00000, 0x00000000ebe00000|  0%| F|  |TAMS 0x00000000ebd00000| PB 0x00000000ebd00000| Untracked 
| 190|0x00000000ebe00000, 0x00000000ebe00000, 0x00000000ebf00000|  0%| F|  |TAMS 0x00000000ebe00000| PB 0x00000000ebe00000| Untracked 
| 191|0x00000000ebf00000, 0x00000000ebf00000, 0x00000000ec000000|  0%| F|  |TAMS 0x00000000ebf00000| PB 0x00000000ebf00000| Untracked 
| 192|0x00000000ec000000, 0x00000000ec000000, 0x00000000ec100000|  0%| F|  |TAMS 0x00000000ec000000| PB 0x00000000ec000000| Untracked 
| 193|0x00000000ec100000, 0x00000000ec100000, 0x00000000ec200000|  0%| F|  |TAMS 0x00000000ec100000| PB 0x00000000ec100000| Untracked 
| 194|0x00000000ec200000, 0x00000000ec200000, 0x00000000ec300000|  0%| F|  |TAMS 0x00000000ec200000| PB 0x00000000ec200000| Untracked 
| 195|0x00000000ec300000, 0x00000000ec300000, 0x00000000ec400000|  0%| F|  |TAMS 0x00000000ec300000| PB 0x00000000ec300000| Untracked 
| 196|0x00000000ec400000, 0x00000000ec400000, 0x00000000ec500000|  0%| F|  |TAMS 0x00000000ec400000| PB 0x00000000ec400000| Untracked 
| 197|0x00000000ec500000, 0x00000000ec500000, 0x00000000ec600000|  0%| F|  |TAMS 0x00000000ec500000| PB 0x00000000ec500000| Untracked 
| 198|0x00000000ec600000, 0x00000000ec600000, 0x00000000ec700000|  0%| F|  |TAMS 0x00000000ec600000| PB 0x00000000ec600000| Untracked 
| 199|0x00000000ec700000, 0x00000000ec700000, 0x00000000ec800000|  0%| F|  |TAMS 0x00000000ec700000| PB 0x00000000ec700000| Untracked 
| 200|0x00000000ec800000, 0x00000000ec900000, 0x00000000ec900000|100%| E|  |TAMS 0x00000000ec800000| PB 0x00000000ec800000| Complete 
| 201|0x00000000ec900000, 0x00000000eca00000, 0x00000000eca00000|100%| E|CS|TAMS 0x00000000ec900000| PB 0x00000000ec900000| Complete 
| 202|0x00000000eca00000, 0x00000000ecb00000, 0x00000000ecb00000|100%| E|CS|TAMS 0x00000000eca00000| PB 0x00000000eca00000| Complete 
| 203|0x00000000ecb00000, 0x00000000ecc00000, 0x00000000ecc00000|100%| E|CS|TAMS 0x00000000ecb00000| PB 0x00000000ecb00000| Complete 
| 204|0x00000000ecc00000, 0x00000000ecd00000, 0x00000000ecd00000|100%| E|CS|TAMS 0x00000000ecc00000| PB 0x00000000ecc00000| Complete 
| 205|0x00000000ecd00000, 0x00000000ece00000, 0x00000000ece00000|100%| E|CS|TAMS 0x00000000ecd00000| PB 0x00000000ecd00000| Complete 
| 206|0x00000000ece00000, 0x00000000ecf00000, 0x00000000ecf00000|100%| E|CS|TAMS 0x00000000ece00000| PB 0x00000000ece00000| Complete 
| 207|0x00000000ecf00000, 0x00000000ed000000, 0x00000000ed000000|100%| E|CS|TAMS 0x00000000ecf00000| PB 0x00000000ecf00000| Complete 
| 208|0x00000000ed000000, 0x00000000ed100000, 0x00000000ed100000|100%| E|CS|TAMS 0x00000000ed000000| PB 0x00000000ed000000| Complete 
| 209|0x00000000ed100000, 0x00000000ed200000, 0x00000000ed200000|100%| E|CS|TAMS 0x00000000ed100000| PB 0x00000000ed100000| Complete 
| 210|0x00000000ed200000, 0x00000000ed300000, 0x00000000ed300000|100%| E|CS|TAMS 0x00000000ed200000| PB 0x00000000ed200000| Complete 
| 211|0x00000000ed300000, 0x00000000ed400000, 0x00000000ed400000|100%| E|CS|TAMS 0x00000000ed300000| PB 0x00000000ed300000| Complete 
| 212|0x00000000ed400000, 0x00000000ed500000, 0x00000000ed500000|100%| E|CS|TAMS 0x00000000ed400000| PB 0x00000000ed400000| Complete 
| 213|0x00000000ed500000, 0x00000000ed600000, 0x00000000ed600000|100%| E|CS|TAMS 0x00000000ed500000| PB 0x00000000ed500000| Complete 
| 214|0x00000000ed600000, 0x00000000ed700000, 0x00000000ed700000|100%| E|CS|TAMS 0x00000000ed600000| PB 0x00000000ed600000| Complete 
| 215|0x00000000ed700000, 0x00000000ed800000, 0x00000000ed800000|100%| E|CS|TAMS 0x00000000ed700000| PB 0x00000000ed700000| Complete 
| 216|0x00000000ed800000, 0x00000000ed900000, 0x00000000ed900000|100%| E|CS|TAMS 0x00000000ed800000| PB 0x00000000ed800000| Complete 
| 217|0x00000000ed900000, 0x00000000eda00000, 0x00000000eda00000|100%| E|CS|TAMS 0x00000000ed900000| PB 0x00000000ed900000| Complete 
| 218|0x00000000eda00000, 0x00000000edb00000, 0x00000000edb00000|100%| E|CS|TAMS 0x00000000eda00000| PB 0x00000000eda00000| Complete 
| 219|0x00000000edb00000, 0x00000000edc00000, 0x00000000edc00000|100%| E|CS|TAMS 0x00000000edb00000| PB 0x00000000edb00000| Complete 
| 220|0x00000000edc00000, 0x00000000edd00000, 0x00000000edd00000|100%| E|CS|TAMS 0x00000000edc00000| PB 0x00000000edc00000| Complete 
| 221|0x00000000edd00000, 0x00000000ede00000, 0x00000000ede00000|100%| E|CS|TAMS 0x00000000edd00000| PB 0x00000000edd00000| Complete 
| 222|0x00000000ede00000, 0x00000000edf00000, 0x00000000edf00000|100%| E|CS|TAMS 0x00000000ede00000| PB 0x00000000ede00000| Complete 
| 223|0x00000000edf00000, 0x00000000ee000000, 0x00000000ee000000|100%| E|CS|TAMS 0x00000000edf00000| PB 0x00000000edf00000| Complete 
| 224|0x00000000ee000000, 0x00000000ee100000, 0x00000000ee100000|100%| E|CS|TAMS 0x00000000ee000000| PB 0x00000000ee000000| Complete 
| 225|0x00000000ee100000, 0x00000000ee200000, 0x00000000ee200000|100%| E|CS|TAMS 0x00000000ee100000| PB 0x00000000ee100000| Complete 
| 226|0x00000000ee200000, 0x00000000ee300000, 0x00000000ee300000|100%| E|CS|TAMS 0x00000000ee200000| PB 0x00000000ee200000| Complete 
| 227|0x00000000ee300000, 0x00000000ee400000, 0x00000000ee400000|100%| E|CS|TAMS 0x00000000ee300000| PB 0x00000000ee300000| Complete 
| 228|0x00000000ee400000, 0x00000000ee500000, 0x00000000ee500000|100%| E|CS|TAMS 0x00000000ee400000| PB 0x00000000ee400000| Complete 
| 229|0x00000000ee500000, 0x00000000ee600000, 0x00000000ee600000|100%| E|CS|TAMS 0x00000000ee500000| PB 0x00000000ee500000| Complete 
| 230|0x00000000ee600000, 0x00000000ee700000, 0x00000000ee700000|100%| E|CS|TAMS 0x00000000ee600000| PB 0x00000000ee600000| Complete 
| 231|0x00000000ee700000, 0x00000000ee800000, 0x00000000ee800000|100%| E|CS|TAMS 0x00000000ee700000| PB 0x00000000ee700000| Complete 
| 232|0x00000000ee800000, 0x00000000ee900000, 0x00000000ee900000|100%| E|CS|TAMS 0x00000000ee800000| PB 0x00000000ee800000| Complete 
| 233|0x00000000ee900000, 0x00000000eea00000, 0x00000000eea00000|100%| E|CS|TAMS 0x00000000ee900000| PB 0x00000000ee900000| Complete 
| 234|0x00000000eea00000, 0x00000000eeb00000, 0x00000000eeb00000|100%| E|CS|TAMS 0x00000000eea00000| PB 0x00000000eea00000| Complete 
| 235|0x00000000eeb00000, 0x00000000eec00000, 0x00000000eec00000|100%| E|CS|TAMS 0x00000000eeb00000| PB 0x00000000eeb00000| Complete 
| 236|0x00000000eec00000, 0x00000000eed00000, 0x00000000eed00000|100%| E|CS|TAMS 0x00000000eec00000| PB 0x00000000eec00000| Complete 
| 237|0x00000000eed00000, 0x00000000eee00000, 0x00000000eee00000|100%| E|CS|TAMS 0x00000000eed00000| PB 0x00000000eed00000| Complete 
| 238|0x00000000eee00000, 0x00000000eef00000, 0x00000000eef00000|100%| E|CS|TAMS 0x00000000eee00000| PB 0x00000000eee00000| Complete 
| 239|0x00000000eef00000, 0x00000000ef000000, 0x00000000ef000000|100%| E|CS|TAMS 0x00000000eef00000| PB 0x00000000eef00000| Complete 
| 240|0x00000000ef000000, 0x00000000ef100000, 0x00000000ef100000|100%| E|CS|TAMS 0x00000000ef000000| PB 0x00000000ef000000| Complete 
| 241|0x00000000ef100000, 0x00000000ef200000, 0x00000000ef200000|100%| E|CS|TAMS 0x00000000ef100000| PB 0x00000000ef100000| Complete 
| 242|0x00000000ef200000, 0x00000000ef300000, 0x00000000ef300000|100%| E|CS|TAMS 0x00000000ef200000| PB 0x00000000ef200000| Complete 
| 243|0x00000000ef300000, 0x00000000ef400000, 0x00000000ef400000|100%| E|CS|TAMS 0x00000000ef300000| PB 0x00000000ef300000| Complete 
| 244|0x00000000ef400000, 0x00000000ef500000, 0x00000000ef500000|100%| E|CS|TAMS 0x00000000ef400000| PB 0x00000000ef400000| Complete 
| 245|0x00000000ef500000, 0x00000000ef600000, 0x00000000ef600000|100%| E|CS|TAMS 0x00000000ef500000| PB 0x00000000ef500000| Complete 
| 246|0x00000000ef600000, 0x00000000ef700000, 0x00000000ef700000|100%| E|CS|TAMS 0x00000000ef600000| PB 0x00000000ef600000| Complete 
| 247|0x00000000ef700000, 0x00000000ef800000, 0x00000000ef800000|100%| E|CS|TAMS 0x00000000ef700000| PB 0x00000000ef700000| Complete 
| 248|0x00000000ef800000, 0x00000000ef900000, 0x00000000ef900000|100%| E|CS|TAMS 0x00000000ef800000| PB 0x00000000ef800000| Complete 
| 249|0x00000000ef900000, 0x00000000efa00000, 0x00000000efa00000|100%| E|CS|TAMS 0x00000000ef900000| PB 0x00000000ef900000| Complete 
| 250|0x00000000efa00000, 0x00000000efb00000, 0x00000000efb00000|100%| E|CS|TAMS 0x00000000efa00000| PB 0x00000000efa00000| Complete 
| 251|0x00000000efb00000, 0x00000000efc00000, 0x00000000efc00000|100%| E|CS|TAMS 0x00000000efb00000| PB 0x00000000efb00000| Complete 
| 252|0x00000000efc00000, 0x00000000efd00000, 0x00000000efd00000|100%| E|CS|TAMS 0x00000000efc00000| PB 0x00000000efc00000| Complete 
| 253|0x00000000efd00000, 0x00000000efe00000, 0x00000000efe00000|100%| E|CS|TAMS 0x00000000efd00000| PB 0x00000000efd00000| Complete 
| 254|0x00000000efe00000, 0x00000000eff00000, 0x00000000eff00000|100%| E|CS|TAMS 0x00000000efe00000| PB 0x00000000efe00000| Complete 
| 255|0x00000000eff00000, 0x00000000f0000000, 0x00000000f0000000|100%| E|CS|TAMS 0x00000000eff00000| PB 0x00000000eff00000| Complete 

Card table byte_map: [0x000001c7a49f0000,0x000001c7a4af0000] _byte_map_base: 0x000001c7a42f0000

Marking Bits: (CMBitMap*) 0x000001c78d5879a0
 Bits: [0x000001c7a4af0000, 0x000001c7a52f0000)

Polling page: 0x000001c78cd30000

Metaspace:

Usage:
  Non-class:     64.66 MB used.
      Class:     10.07 MB used.
       Both:     74.74 MB used.

Virtual space:
  Non-class space:      128.00 MB reserved,      65.81 MB ( 51%) committed,  2 nodes.
      Class space:      320.00 MB reserved,      11.19 MB (  3%) committed,  1 nodes.
             Both:      448.00 MB reserved,      77.00 MB ( 17%) committed. 

Chunk freelists:
   Non-Class:  13.43 MB
       Class:  4.79 MB
        Both:  18.22 MB

MaxMetaspaceSize: 384.00 MB
CompressedClassSpaceSize: 320.00 MB
Initial GC threshold: 21.00 MB
Current GC threshold: 98.56 MB
CDS: on
 - commit_granule_bytes: 65536.
 - commit_granule_words: 8192.
 - virtual_space_node_default_size: 8388608.
 - enlarge_chunks_in_place: 1.
 - use_allocation_guard: 0.


Internal statistics:

num_allocs_failed_limit: 9.
num_arena_births: 4076.
num_arena_deaths: 0.
num_vsnodes_births: 3.
num_vsnodes_deaths: 0.
num_space_committed: 1232.
num_space_uncommitted: 0.
num_chunks_returned_to_freelist: 9.
num_chunks_taken_from_freelist: 8032.
num_chunk_merges: 9.
num_chunk_splits: 5076.
num_chunks_enlarged: 2982.
num_inconsistent_stats: 0.

CodeHeap 'non-profiled nmethods': size=120000Kb used=11718Kb max_used=11718Kb free=108281Kb
 bounds [0x000001c79d4c0000, 0x000001c79e040000, 0x000001c7a49f0000]
CodeHeap 'profiled nmethods': size=120000Kb used=33776Kb max_used=33776Kb free=86223Kb
 bounds [0x000001c7959f0000, 0x000001c797af0000, 0x000001c79cf20000]
CodeHeap 'non-nmethods': size=5760Kb used=2805Kb max_used=2932Kb free=2954Kb
 bounds [0x000001c79cf20000, 0x000001c79d200000, 0x000001c79d4c0000]
 total_blobs=16918 nmethods=15999 adapters=822
 compilation: enabled
              stopped_count=0, restarted_count=0
 full_count=0

Compilation events (20 events):
Event: 4410.803 Thread 0x000001c7a7989510 nmethod 16691 0x000001c797ae5f10 code [0x000001c797ae6180, 0x000001c797ae6ae0]
Event: 4411.333 Thread 0x000001c7a7901730 16692       4       org.gradle.internal.component.external.model.DefaultModuleComponentSelector::getCapabilitySelectors (5 bytes)
Event: 4411.334 Thread 0x000001c7a7901730 nmethod 16692 0x000001c79e031410 code [0x000001c79e031580, 0x000001c79e031610]
Event: 4411.695 Thread 0x000001c7a7901730 16693   !   4       io.spring.gradle.dependencymanagement.org.apache.maven.model.Model::clone (502 bytes)
Event: 4411.752 Thread 0x000001c7a7989510 16695       1       io.spring.gradle.dependencymanagement.org.apache.maven.model.Reporting::setPlugins (6 bytes)
Event: 4411.752 Thread 0x000001c7a7989510 nmethod 16695 0x000001c79e031710 code [0x000001c79e0318a0, 0x000001c79e0319b0]
Event: 4411.754 Thread 0x000001c7a7989510 16696       3       io.spring.gradle.dependencymanagement.org.apache.maven.model.merge.ModelMerger::mergeParent (37 bytes)
Event: 4411.754 Thread 0x000001c7a7989510 nmethod 16696 0x000001c797ae6e10 code [0x000001c797ae6fe0, 0x000001c797ae7448]
Event: 4411.754 Thread 0x000001c7a7989510 16697       3       io.spring.gradle.dependencymanagement.org.apache.maven.model.merge.ModelMerger::mergePluginExecution_Id (43 bytes)
Event: 4411.754 Thread 0x000001c7a7989510 nmethod 16697 0x000001c797ae7590 code [0x000001c797ae7760, 0x000001c797ae7b80]
Event: 4411.754 Thread 0x000001c7a7989510 16698       3       io.spring.gradle.dependencymanagement.org.apache.maven.model.merge.ModelMerger::mergePluginExecution_Phase (43 bytes)
Event: 4411.754 Thread 0x000001c7a7989510 nmethod 16698 0x000001c797ae7d10 code [0x000001c797ae7ee0, 0x000001c797ae8300]
Event: 4411.770 Thread 0x000001c7a7989510 16699       3       io.spring.gradle.dependencymanagement.org.apache.maven.model.merge.ModelMerger::mergePluginExecution (37 bytes)
Event: 4411.771 Thread 0x000001c7a7989510 nmethod 16699 0x000001c797ae8490 code [0x000001c797ae8660, 0x000001c797ae8ad0]
Event: 4411.890 Thread 0x000001c7a7989510 16701       3       java.lang.invoke.LambdaForm$MH/0x000001c7a99a2400::invoke (42 bytes)
Event: 4411.891 Thread 0x000001c7a7989510 nmethod 16701 0x000001c797ae8c10 code [0x000001c797ae8ea0, 0x000001c797ae9ca8]
Event: 4411.891 Thread 0x000001c7a7989510 16702       3       java.lang.invoke.LambdaForm$MH/0x000001c7a99a2800::invoke (42 bytes)
Event: 4411.893 Thread 0x000001c7a7989510 nmethod 16702 0x000001c797aea090 code [0x000001c797aea2e0, 0x000001c797aeadf8]
Event: 4411.893 Thread 0x000001c7a7989510 16703       3       java.lang.invoke.LambdaForm$MH/0x000001c7a99a2c00::invoke (42 bytes)
Event: 4411.893 Thread 0x000001c7a7989510 nmethod 16703 0x000001c797aeb110 code [0x000001c797aeb360, 0x000001c797aebe78]

GC Heap History (20 events):
Event: 39.464 GC heap before
{Heap before GC invocations=8 (full 0):
 garbage-first heap   total 262144K, used 177834K [0x00000000e0000000, 0x0000000100000000)
  region size 1024K, 153 young (156672K), 18 survivors (18432K)
 Metaspace       used 58333K, committed 60352K, reserved 393216K
  class space    used 8234K, committed 9216K, reserved 327680K
}
Event: 39.489 GC heap after
{Heap after GC invocations=9 (full 0):
 garbage-first heap   total 262144K, used 49664K [0x00000000e0000000, 0x0000000100000000)
  region size 1024K, 11 young (11264K), 11 survivors (11264K)
 Metaspace       used 58333K, committed 60352K, reserved 393216K
  class space    used 8234K, committed 9216K, reserved 327680K
}
Event: 40.368 GC heap before
{Heap before GC invocations=9 (full 0):
 garbage-first heap   total 262144K, used 67072K [0x00000000e0000000, 0x0000000100000000)
  region size 1024K, 29 young (29696K), 11 survivors (11264K)
 Metaspace       used 58555K, committed 60480K, reserved 393216K
  class space    used 8243K, committed 9216K, reserved 327680K
}
Event: 40.378 GC heap after
{Heap after GC invocations=10 (full 0):
 garbage-first heap   total 262144K, used 51200K [0x00000000e0000000, 0x0000000100000000)
  region size 1024K, 12 young (12288K), 12 survivors (12288K)
 Metaspace       used 58555K, committed 60480K, reserved 393216K
  class space    used 8243K, committed 9216K, reserved 327680K
}
Event: 2970.198 GC heap before
{Heap before GC invocations=11 (full 0):
 garbage-first heap   total 262144K, used 195584K [0x00000000e0000000, 0x0000000100000000)
  region size 1024K, 153 young (156672K), 12 survivors (12288K)
 Metaspace       used 61967K, committed 64064K, reserved 393216K
  class space    used 8735K, committed 9792K, reserved 327680K
}
Event: 2970.541 GC heap after
{Heap after GC invocations=12 (full 0):
 garbage-first heap   total 262144K, used 56320K [0x00000000e0000000, 0x0000000100000000)
  region size 1024K, 7 young (7168K), 7 survivors (7168K)
 Metaspace       used 61967K, committed 64064K, reserved 393216K
  class space    used 8735K, committed 9792K, reserved 327680K
}
Event: 4286.719 GC heap before
{Heap before GC invocations=12 (full 0):
 garbage-first heap   total 262144K, used 204800K [0x00000000e0000000, 0x0000000100000000)
  region size 1024K, 153 young (156672K), 7 survivors (7168K)
 Metaspace       used 63419K, committed 65600K, reserved 393216K
  class space    used 8836K, committed 9920K, reserved 327680K
}
Event: 4286.790 GC heap after
{Heap after GC invocations=13 (full 0):
 garbage-first heap   total 262144K, used 62304K [0x00000000e0000000, 0x0000000100000000)
  region size 1024K, 12 young (12288K), 12 survivors (12288K)
 Metaspace       used 63419K, committed 65600K, reserved 393216K
  class space    used 8836K, committed 9920K, reserved 327680K
}
Event: 4299.446 GC heap before
{Heap before GC invocations=13 (full 0):
 garbage-first heap   total 262144K, used 176992K [0x00000000e0000000, 0x0000000100000000)
  region size 1024K, 123 young (125952K), 12 survivors (12288K)
 Metaspace       used 71521K, committed 73792K, reserved 393216K
  class space    used 9822K, committed 10944K, reserved 327680K
}
Event: 4299.481 GC heap after
{Heap after GC invocations=14 (full 0):
 garbage-first heap   total 262144K, used 87537K [0x00000000e0000000, 0x0000000100000000)
  region size 1024K, 16 young (16384K), 16 survivors (16384K)
 Metaspace       used 71521K, committed 73792K, reserved 393216K
  class space    used 9822K, committed 10944K, reserved 327680K
}
Event: 4300.245 GC heap before
{Heap before GC invocations=14 (full 0):
 garbage-first heap   total 262144K, used 101873K [0x00000000e0000000, 0x0000000100000000)
  region size 1024K, 31 young (31744K), 16 survivors (16384K)
 Metaspace       used 72239K, committed 74432K, reserved 393216K
  class space    used 9907K, committed 11008K, reserved 327680K
}
Event: 4300.267 GC heap after
{Heap after GC invocations=15 (full 0):
 garbage-first heap   total 262144K, used 90624K [0x00000000e0000000, 0x0000000100000000)
  region size 1024K, 2 young (2048K), 2 survivors (2048K)
 Metaspace       used 72239K, committed 74432K, reserved 393216K
  class space    used 9907K, committed 11008K, reserved 327680K
}
Event: 4330.828 GC heap before
{Heap before GC invocations=15 (full 0):
 garbage-first heap   total 262144K, used 221696K [0x00000000e0000000, 0x0000000100000000)
  region size 1024K, 131 young (134144K), 2 survivors (2048K)
 Metaspace       used 75527K, committed 77824K, reserved 458752K
  class space    used 10304K, committed 11456K, reserved 327680K
}
Event: 4330.853 GC heap after
{Heap after GC invocations=16 (full 0):
 garbage-first heap   total 262144K, used 101256K [0x00000000e0000000, 0x0000000100000000)
  region size 1024K, 13 young (13312K), 13 survivors (13312K)
 Metaspace       used 75527K, committed 77824K, reserved 458752K
  class space    used 10304K, committed 11456K, reserved 327680K
}
Event: 4355.513 GC heap before
{Heap before GC invocations=16 (full 0):
 garbage-first heap   total 262144K, used 225160K [0x00000000e0000000, 0x0000000100000000)
  region size 1024K, 134 young (137216K), 13 survivors (13312K)
 Metaspace       used 76018K, committed 78336K, reserved 458752K
  class space    used 10308K, committed 11456K, reserved 327680K
}
Event: 4355.531 GC heap after
{Heap after GC invocations=17 (full 0):
 garbage-first heap   total 262144K, used 102957K [0x00000000e0000000, 0x0000000100000000)
  region size 1024K, 9 young (9216K), 9 survivors (9216K)
 Metaspace       used 76018K, committed 78336K, reserved 458752K
  class space    used 10308K, committed 11456K, reserved 327680K
}
Event: 4368.608 GC heap before
{Heap before GC invocations=17 (full 0):
 garbage-first heap   total 262144K, used 227885K [0x00000000e0000000, 0x0000000100000000)
  region size 1024K, 131 young (134144K), 9 survivors (9216K)
 Metaspace       used 76290K, committed 78528K, reserved 458752K
  class space    used 10310K, committed 11456K, reserved 327680K
}
Event: 4368.614 GC heap after
{Heap after GC invocations=18 (full 0):
 garbage-first heap   total 262144K, used 99915K [0x00000000e0000000, 0x0000000100000000)
  region size 1024K, 6 young (6144K), 6 survivors (6144K)
 Metaspace       used 76290K, committed 78528K, reserved 458752K
  class space    used 10310K, committed 11456K, reserved 327680K
}
Event: 4406.721 GC heap before
{Heap before GC invocations=18 (full 0):
 garbage-first heap   total 262144K, used 229963K [0x00000000e0000000, 0x0000000100000000)
  region size 1024K, 133 young (136192K), 6 survivors (6144K)
 Metaspace       used 76512K, committed 78784K, reserved 458752K
  class space    used 10315K, committed 11456K, reserved 327680K
}
Event: 4406.728 GC heap after
{Heap after GC invocations=19 (full 0):
 garbage-first heap   total 262144K, used 97159K [0x00000000e0000000, 0x0000000100000000)
  region size 1024K, 4 young (4096K), 4 survivors (4096K)
 Metaspace       used 76512K, committed 78784K, reserved 458752K
  class space    used 10315K, committed 11456K, reserved 327680K
}

Dll operation events (15 events):
Event: 0.056 Loaded shared library C:\Program Files\Java\jdk-21\bin\java.dll
Event: 0.198 Loaded shared library C:\Program Files\Java\jdk-21\bin\jsvml.dll
Event: 0.334 Loaded shared library C:\Program Files\Java\jdk-21\bin\zip.dll
Event: 0.345 Loaded shared library C:\Program Files\Java\jdk-21\bin\instrument.dll
Event: 0.351 Loaded shared library C:\Program Files\Java\jdk-21\bin\net.dll
Event: 0.357 Loaded shared library C:\Program Files\Java\jdk-21\bin\nio.dll
Event: 0.363 Loaded shared library C:\Program Files\Java\jdk-21\bin\zip.dll
Event: 1.819 Loaded shared library C:\Program Files\Java\jdk-21\bin\jimage.dll
Event: 2.879 Loaded shared library C:\Program Files\Java\jdk-21\bin\verify.dll
Event: 3.209 Loaded shared library C:\Users\myh77\.gradle\native\c067742578af261105cb4f569cf0c3c89f3d7b1fecec35dd04571415982c5e48\windows-amd64\native-platform.dll
Event: 3.224 Loaded shared library C:\Users\myh77\.gradle\native\100fb08df4bc3b14c8652ba06237920a3bd2aa13389f12d3474272988ae205f9\windows-amd64\native-platform-file-events.dll
Event: 8.938 Loaded shared library C:\Program Files\Java\jdk-21\bin\management.dll
Event: 8.968 Loaded shared library C:\Program Files\Java\jdk-21\bin\management_ext.dll
Event: 9.789 Loaded shared library C:\Program Files\Java\jdk-21\bin\extnet.dll
Event: 10.728 Loaded shared library C:\Program Files\Java\jdk-21\bin\sunmscapi.dll

Deoptimization events (20 events):
Event: 4404.268 Thread 0x000001c7c2fd4410 DEOPT PACKING pc=0x000001c79df61024 sp=0x000000160a8fd5a0
Event: 4404.268 Thread 0x000001c7c2fd4410 DEOPT UNPACKING pc=0x000001c79cf746a2 sp=0x000000160a8fd520 mode 2
Event: 4404.295 Thread 0x000001c7c2fd4410 Uncommon trap: trap_request=0xffffffbe fr.pc=0x000001c79df61024 relative=0x00000000000005e4
Event: 4404.295 Thread 0x000001c7c2fd4410 Uncommon trap: reason=profile_predicate action=maybe_recompile pc=0x000001c79df61024 method=org.gradle.internal.service.DefaultServiceRegistry.validateImplementationForServiceTypes(Ljava/util/List;Ljava/lang/reflect/Type;)V @ 18 c2
Event: 4404.295 Thread 0x000001c7c2fd4410 DEOPT PACKING pc=0x000001c79df61024 sp=0x000000160a8fce00
Event: 4404.295 Thread 0x000001c7c2fd4410 DEOPT UNPACKING pc=0x000001c79cf746a2 sp=0x000000160a8fcd80 mode 2
Event: 4404.296 Thread 0x000001c7c2fd4410 Uncommon trap: trap_request=0xffffffbe fr.pc=0x000001c79df61024 relative=0x00000000000005e4
Event: 4404.296 Thread 0x000001c7c2fd4410 Uncommon trap: reason=profile_predicate action=maybe_recompile pc=0x000001c79df61024 method=org.gradle.internal.service.DefaultServiceRegistry.validateImplementationForServiceTypes(Ljava/util/List;Ljava/lang/reflect/Type;)V @ 18 c2
Event: 4404.296 Thread 0x000001c7c2fd4410 DEOPT PACKING pc=0x000001c79df61024 sp=0x000000160a8fc4c0
Event: 4404.296 Thread 0x000001c7c2fd4410 DEOPT UNPACKING pc=0x000001c79cf746a2 sp=0x000000160a8fc440 mode 2
Event: 4404.581 Thread 0x000001c7c2fd4410 Uncommon trap: trap_request=0xfffffff4 fr.pc=0x000001c79dc4aa40 relative=0x00000000000000a0
Event: 4404.581 Thread 0x000001c7c2fd4410 Uncommon trap: reason=null_check action=make_not_entrant pc=0x000001c79dc4aa40 method=java.lang.Integer.equals(Ljava/lang/Object;)Z @ 1 c2
Event: 4404.581 Thread 0x000001c7c2fd4410 DEOPT PACKING pc=0x000001c79dc4aa40 sp=0x000000160a8f97a0
Event: 4404.581 Thread 0x000001c7c2fd4410 DEOPT UNPACKING pc=0x000001c79cf746a2 sp=0x000000160a8f9740 mode 2
Event: 4405.070 Thread 0x000001c7c2fd4410 Uncommon trap: trap_request=0xffffffd6 fr.pc=0x000001c79df553f0 relative=0x0000000000000fb0
Event: 4405.070 Thread 0x000001c7c2fd4410 Uncommon trap: reason=array_check action=maybe_recompile pc=0x000001c79df553f0 method=java.util.ComparableTimSort.binarySort([Ljava/lang/Object;III)V @ 183 c2
Event: 4405.070 Thread 0x000001c7c2fd4410 DEOPT PACKING pc=0x000001c79df553f0 sp=0x000000160a8f8000
Event: 4405.070 Thread 0x000001c7c2fd4410 DEOPT UNPACKING pc=0x000001c79cf746a2 sp=0x000000160a8f7ff0 mode 2
Event: 4410.406 Thread 0x000001c7c2fd4410 DEOPT PACKING pc=0x000001c797703bee sp=0x000000160a8f8e80
Event: 4410.406 Thread 0x000001c7c2fd4410 DEOPT UNPACKING pc=0x000001c79cf74e42 sp=0x000000160a8f83a8 mode 0

Classes loaded (20 events):
Event: 4302.144 Loading class java/lang/invoke/MethodHandleImpl$Makers$1
Event: 4302.145 Loading class java/lang/invoke/MethodHandleImpl$Makers$1 done
Event: 4302.145 Loading class java/lang/invoke/MethodHandleImpl$Makers$2
Event: 4302.145 Loading class java/lang/invoke/MethodHandleImpl$Makers$2 done
Event: 4302.145 Loading class java/lang/invoke/MethodHandleImpl$Makers$3
Event: 4302.146 Loading class java/lang/invoke/MethodHandleImpl$Makers$3 done
Event: 4302.155 Loading class java/lang/runtime/ObjectMethods$1
Event: 4302.158 Loading class java/lang/runtime/ObjectMethods$1 done
Event: 4302.167 Loading class java/lang/invoke/DirectMethodHandle$1
Event: 4302.167 Loading class java/lang/invoke/DirectMethodHandle$1 done
Event: 4302.231 Loading class java/util/function/ToIntBiFunction
Event: 4302.232 Loading class java/util/function/ToIntBiFunction done
Event: 4302.538 Loading class java/util/EnumMap$Values
Event: 4302.541 Loading class java/util/EnumMap$Values done
Event: 4302.541 Loading class java/util/EnumMap$ValueIterator
Event: 4302.541 Loading class java/util/EnumMap$ValueIterator done
Event: 4303.141 Loading class java/util/PriorityQueue
Event: 4303.144 Loading class java/util/PriorityQueue done
Event: 4307.478 Loading class java/io/ObjectStreamClass$ExceptionInfo
Event: 4307.479 Loading class java/io/ObjectStreamClass$ExceptionInfo done

Classes unloaded (0 events):
No events

Classes redefined (0 events):
No events

Internal exceptions (20 events):
Event: 4364.190 Thread 0x000001c7c2fd4410 Exception <a 'java/lang/NoClassDefFoundError'{0x00000000ee5fc320}: org/cyclonedx/gradle/CycloneDxPlugin> (0x00000000ee5fc320) 
thrown [s\open\src\hotspot\share\oops\constantPool.cpp, line 873]
Event: 4394.288 Thread 0x000001c7c2fd4410 Exception <a 'sun/nio/fs/WindowsException'{0x00000000ef7dc1a0}> (0x00000000ef7dc1a0) 
thrown [s\open\src\hotspot\share\prims\jni.cpp, line 520]
Event: 4394.289 Thread 0x000001c7c2fd4410 Exception <a 'sun/nio/fs/WindowsException'{0x00000000ef7dd680}> (0x00000000ef7dd680) 
thrown [s\open\src\hotspot\share\prims\jni.cpp, line 520]
Event: 4394.290 Thread 0x000001c7c2fd4410 Exception <a 'sun/nio/fs/WindowsException'{0x00000000ef7deb50}> (0x00000000ef7deb50) 
thrown [s\open\src\hotspot\share\prims\jni.cpp, line 520]
Event: 4394.290 Thread 0x000001c7c2fd4410 Exception <a 'sun/nio/fs/WindowsException'{0x00000000ef7e0000}> (0x00000000ef7e0000) 
thrown [s\open\src\hotspot\share\prims\jni.cpp, line 520]
Event: 4394.574 Thread 0x000001c7c2fd4410 Exception <a 'java/lang/NoClassDefFoundError'{0x00000000ef2f9f20}: org/jetbrains/kotlin/gradle/plugin/KotlinPluginWrapper> (0x00000000ef2f9f20) 
thrown [s\open\src\hotspot\share\oops\constantPool.cpp, line 873]
Event: 4394.574 Thread 0x000001c7c2fd4410 Exception <a 'java/lang/NoClassDefFoundError'{0x00000000ef2fc078}: org/graalvm/buildtools/gradle/NativeImagePlugin> (0x00000000ef2fc078) 
thrown [s\open\src\hotspot\share\oops\constantPool.cpp, line 873]
Event: 4394.574 Thread 0x000001c7c2fd4410 Exception <a 'java/lang/NoClassDefFoundError'{0x00000000ef2fe1c0}: org/cyclonedx/gradle/CycloneDxPlugin> (0x00000000ef2fe1c0) 
thrown [s\open\src\hotspot\share\oops\constantPool.cpp, line 873]
Event: 4397.525 Thread 0x000001c7c2fd4410 Implicit null exception at 0x000001c79df9d946 to 0x000001c79df9f294
Event: 4397.544 Thread 0x000001c7c2fd4410 Implicit null exception at 0x000001c79df9d946 to 0x000001c79df9f294
Event: 4397.544 Thread 0x000001c7c2fd4410 Implicit null exception at 0x000001c79df9d946 to 0x000001c79df9f294
Event: 4397.546 Thread 0x000001c7c2fd4410 Implicit null exception at 0x000001c79df9d946 to 0x000001c79df9f294
Event: 4404.581 Thread 0x000001c7c2fd4410 Implicit null exception at 0x000001c79dc4a9e0 to 0x000001c79dc4aa30
Event: 4404.616 Thread 0x000001c7c2fd4410 Exception <a 'sun/nio/fs/WindowsException'{0x00000000e8de98b8}> (0x00000000e8de98b8) 
thrown [s\open\src\hotspot\share\prims\jni.cpp, line 520]
Event: 4404.617 Thread 0x000001c7c2fd4410 Exception <a 'sun/nio/fs/WindowsException'{0x00000000e8dead98}> (0x00000000e8dead98) 
thrown [s\open\src\hotspot\share\prims\jni.cpp, line 520]
Event: 4404.618 Thread 0x000001c7c2fd4410 Exception <a 'sun/nio/fs/WindowsException'{0x00000000e8dec268}> (0x00000000e8dec268) 
thrown [s\open\src\hotspot\share\prims\jni.cpp, line 520]
Event: 4404.619 Thread 0x000001c7c2fd4410 Exception <a 'sun/nio/fs/WindowsException'{0x00000000e8ded718}> (0x00000000e8ded718) 
thrown [s\open\src\hotspot\share\prims\jni.cpp, line 520]
Event: 4405.099 Thread 0x000001c7c2fd4410 Exception <a 'java/lang/NoClassDefFoundError'{0x00000000e88a1ca0}: org/jetbrains/kotlin/gradle/plugin/KotlinPluginWrapper> (0x00000000e88a1ca0) 
thrown [s\open\src\hotspot\share\oops\constantPool.cpp, line 873]
Event: 4405.099 Thread 0x000001c7c2fd4410 Exception <a 'java/lang/NoClassDefFoundError'{0x00000000e88a3df8}: org/graalvm/buildtools/gradle/NativeImagePlugin> (0x00000000e88a3df8) 
thrown [s\open\src\hotspot\share\oops\constantPool.cpp, line 873]
Event: 4405.099 Thread 0x000001c7c2fd4410 Exception <a 'java/lang/NoClassDefFoundError'{0x00000000e88a5f40}: org/cyclonedx/gradle/CycloneDxPlugin> (0x00000000e88a5f40) 
thrown [s\open\src\hotspot\share\oops\constantPool.cpp, line 873]

ZGC Phase Switch (0 events):
No events

VM Operations (20 events):
Event: 4398.844 Executing VM operation: Cleanup
Event: 4398.844 Executing VM operation: Cleanup done
Event: 4399.848 Executing VM operation: Cleanup
Event: 4399.848 Executing VM operation: Cleanup done
Event: 4402.877 Executing VM operation: Cleanup
Event: 4402.877 Executing VM operation: Cleanup done
Event: 4404.891 Executing VM operation: Cleanup
Event: 4404.891 Executing VM operation: Cleanup done
Event: 4405.898 Executing VM operation: Cleanup
Event: 4405.920 Executing VM operation: Cleanup done
Event: 4406.721 Executing VM operation: G1CollectForAllocation (G1 Evacuation Pause)
Event: 4406.729 Executing VM operation: G1CollectForAllocation (G1 Evacuation Pause) done
Event: 4408.738 Executing VM operation: Cleanup
Event: 4408.754 Executing VM operation: Cleanup done
Event: 4409.756 Executing VM operation: Cleanup
Event: 4409.756 Executing VM operation: Cleanup done
Event: 4410.761 Executing VM operation: Cleanup
Event: 4410.776 Executing VM operation: Cleanup done
Event: 4411.784 Executing VM operation: Cleanup
Event: 4411.784 Executing VM operation: Cleanup done

Events (20 events):
Event: 4407.511 Thread 0x000001c7c2fd64e0 Thread added: 0x000001c7c2fd64e0
Event: 4407.603 Thread 0x000001c7c2fd6b70 Thread added: 0x000001c7c2fd6b70
Event: 4407.607 Thread 0x000001c7c2fd7200 Thread added: 0x000001c7c2fd7200
Event: 4407.612 Thread 0x000001c7c2d53ec0 Thread added: 0x000001c7c2d53ec0
Event: 4407.617 Thread 0x000001c7c2d54550 Thread added: 0x000001c7c2d54550
Event: 4407.623 Thread 0x000001c7c2d55900 Thread added: 0x000001c7c2d55900
Event: 4407.721 Thread 0x000001c7c2d56620 Thread added: 0x000001c7c2d56620
Event: 4407.837 Thread 0x000001c7c2d56cb0 Thread added: 0x000001c7c2d56cb0
Event: 4407.953 Thread 0x000001c7c2d5a130 Thread added: 0x000001c7c2d5a130
Event: 4407.972 Thread 0x000001c7c2d57340 Thread added: 0x000001c7c2d57340
Event: 4408.027 Thread 0x000001c7c2d58d80 Thread added: 0x000001c7c2d58d80
Event: 4408.043 Thread 0x000001c7c2d54be0 Thread added: 0x000001c7c2d54be0
Event: 4408.153 Thread 0x000001c7c2d59410 Thread added: 0x000001c7c2d59410
Event: 4408.166 Thread 0x000001c7c2d59aa0 Thread added: 0x000001c7c2d59aa0
Event: 4408.248 Thread 0x000001c7c2d5b4e0 Thread added: 0x000001c7c2d5b4e0
Event: 4408.259 Thread 0x000001c7c4ceb1c0 Thread added: 0x000001c7c4ceb1c0
Event: 4408.306 Thread 0x000001c7c4ce83d0 Thread added: 0x000001c7c4ce83d0
Event: 4408.326 Thread 0x000001c7c4cee640 Thread added: 0x000001c7c4cee640
Event: 4408.338 Thread 0x000001c7c4cea4a0 Thread added: 0x000001c7c4cea4a0
Event: 4408.347 Thread 0x000001c7c4cec570 Thread added: 0x000001c7c4cec570


Dynamic libraries:
0x00007ff6f9470000 - 0x00007ff6f9480000 	C:\Program Files\Java\jdk-21\bin\java.exe
0x00007ff8a8bb0000 - 0x00007ff8a8da8000 	C:\WINDOWS\SYSTEM32\ntdll.dll
0x00007ff8a8740000 - 0x00007ff8a8802000 	C:\WINDOWS\System32\KERNEL32.DLL
0x00007ff8a68c0000 - 0x00007ff8a6bbf000 	C:\WINDOWS\System32\KERNELBASE.dll
0x00007ff8a6400000 - 0x00007ff8a6500000 	C:\WINDOWS\System32\ucrtbase.dll
0x00007ff8a30d0000 - 0x00007ff8a30e9000 	C:\Program Files\Java\jdk-21\bin\jli.dll
0x00007ff8a74e0000 - 0x00007ff8a7591000 	C:\WINDOWS\System32\ADVAPI32.dll
0x00007ff8a7440000 - 0x00007ff8a74de000 	C:\WINDOWS\System32\msvcrt.dll
0x00007ff8a8a50000 - 0x00007ff8a8aef000 	C:\WINDOWS\System32\sechost.dll
0x00007ff8a7310000 - 0x00007ff8a7433000 	C:\WINDOWS\System32\RPCRT4.dll
0x00007ff8a0fb0000 - 0x00007ff8a0fcb000 	C:\Program Files\Java\jdk-21\bin\VCRUNTIME140.dll
0x00007ff8a6840000 - 0x00007ff8a6867000 	C:\WINDOWS\System32\bcrypt.dll
0x00007ff8a7a30000 - 0x00007ff8a7bcd000 	C:\WINDOWS\System32\USER32.dll
0x00007ff8a6810000 - 0x00007ff8a6832000 	C:\WINDOWS\System32\win32u.dll
0x00007ff8a7220000 - 0x00007ff8a724b000 	C:\WINDOWS\System32\GDI32.dll
0x00007ff8a6590000 - 0x00007ff8a66a7000 	C:\WINDOWS\System32\gdi32full.dll
0x00007ff8a62f0000 - 0x00007ff8a638d000 	C:\WINDOWS\System32\msvcp_win.dll
0x00007ff89e9b0000 - 0x00007ff89e9ba000 	C:\WINDOWS\SYSTEM32\VERSION.dll
0x00007ff895750000 - 0x00007ff8959ea000 	C:\WINDOWS\WinSxS\amd64_microsoft.windows.common-controls_6595b64144ccf1df_6.0.19041.4355_none_60b8b9eb71f62e16\COMCTL32.dll
0x00007ff8a7be0000 - 0x00007ff8a7c0f000 	C:\WINDOWS\System32\IMM32.DLL
0x00007ff8a3480000 - 0x00007ff8a348c000 	C:\Program Files\Java\jdk-21\bin\vcruntime140_1.dll
0x00007ff8a0a30000 - 0x00007ff8a0abe000 	C:\Program Files\Java\jdk-21\bin\msvcp140.dll
0x00007ff82ffb0000 - 0x00007ff830cc8000 	C:\Program Files\Java\jdk-21\bin\server\jvm.dll
0x00007ff8a79c0000 - 0x00007ff8a7a2b000 	C:\WINDOWS\System32\WS2_32.dll
0x00007ff8a57a0000 - 0x00007ff8a57eb000 	C:\WINDOWS\SYSTEM32\POWRPROF.dll
0x00007ff898010000 - 0x00007ff898037000 	C:\WINDOWS\SYSTEM32\WINMM.dll
0x00007ff8a5600000 - 0x00007ff8a5612000 	C:\WINDOWS\SYSTEM32\UMPDC.dll
0x00007ff8a4a20000 - 0x00007ff8a4a32000 	C:\WINDOWS\SYSTEM32\kernel.appcore.dll
0x00007ff8a0e40000 - 0x00007ff8a0e4a000 	C:\Program Files\Java\jdk-21\bin\jimage.dll
0x00007ff8a4810000 - 0x00007ff8a49f4000 	C:\WINDOWS\SYSTEM32\DBGHELP.DLL
0x00007ff88fb20000 - 0x00007ff88fb54000 	C:\WINDOWS\SYSTEM32\dbgcore.DLL
0x00007ff8a6500000 - 0x00007ff8a6582000 	C:\WINDOWS\System32\bcryptPrimitives.dll
0x00007ff8a0e30000 - 0x00007ff8a0e3f000 	C:\Program Files\Java\jdk-21\bin\instrument.dll
0x00007ff8a0d60000 - 0x00007ff8a0d7f000 	C:\Program Files\Java\jdk-21\bin\java.dll
0x00007ff8a7fd0000 - 0x00007ff8a873e000 	C:\WINDOWS\System32\SHELL32.dll
0x00007ff8a3f20000 - 0x00007ff8a46c4000 	C:\WINDOWS\SYSTEM32\windows.storage.dll
0x00007ff8a7c10000 - 0x00007ff8a7f65000 	C:\WINDOWS\System32\combase.dll
0x00007ff8a5c70000 - 0x00007ff8a5c9f000 	C:\WINDOWS\SYSTEM32\Wldp.dll
0x00007ff8a88f0000 - 0x00007ff8a89bd000 	C:\WINDOWS\System32\OLEAUT32.dll
0x00007ff8a7910000 - 0x00007ff8a79bd000 	C:\WINDOWS\System32\SHCORE.dll
0x00007ff8a72b0000 - 0x00007ff8a7305000 	C:\WINDOWS\System32\shlwapi.dll
0x00007ff8a6170000 - 0x00007ff8a6194000 	C:\WINDOWS\SYSTEM32\profapi.dll
0x00007ff89e850000 - 0x00007ff89e927000 	C:\Program Files\Java\jdk-21\bin\jsvml.dll
0x00007ff89e830000 - 0x00007ff89e848000 	C:\Program Files\Java\jdk-21\bin\zip.dll
0x00007ff8a0d40000 - 0x00007ff8a0d50000 	C:\Program Files\Java\jdk-21\bin\net.dll
0x00007ff89a150000 - 0x00007ff89a25d000 	C:\WINDOWS\SYSTEM32\WINHTTP.dll
0x00007ff8a5980000 - 0x00007ff8a59ea000 	C:\WINDOWS\system32\mswsock.dll
0x00007ff89e810000 - 0x00007ff89e826000 	C:\Program Files\Java\jdk-21\bin\nio.dll
0x00007ff89fbe0000 - 0x00007ff89fbf0000 	C:\Program Files\Java\jdk-21\bin\verify.dll
0x00007ff8a0e50000 - 0x00007ff8a0e77000 	C:\Users\myh77\.gradle\native\c067742578af261105cb4f569cf0c3c89f3d7b1fecec35dd04571415982c5e48\windows-amd64\native-platform.dll
0x00007ff89e680000 - 0x00007ff89e7c4000 	C:\Users\myh77\.gradle\native\100fb08df4bc3b14c8652ba06237920a3bd2aa13389f12d3474272988ae205f9\windows-amd64\native-platform-file-events.dll
0x00007ff89e670000 - 0x00007ff89e67a000 	C:\Program Files\Java\jdk-21\bin\management.dll
0x00007ff89e660000 - 0x00007ff89e66b000 	C:\Program Files\Java\jdk-21\bin\management_ext.dll
0x00007ff8a7bd0000 - 0x00007ff8a7bd8000 	C:\WINDOWS\System32\PSAPI.DLL
0x00007ff8a5b30000 - 0x00007ff8a5b48000 	C:\WINDOWS\SYSTEM32\CRYPTSP.dll
0x00007ff8a5240000 - 0x00007ff8a5274000 	C:\WINDOWS\system32\rsaenh.dll
0x00007ff8a6130000 - 0x00007ff8a615e000 	C:\WINDOWS\SYSTEM32\USERENV.dll
0x00007ff8a5b50000 - 0x00007ff8a5b5c000 	C:\WINDOWS\SYSTEM32\CRYPTBASE.dll
0x00007ff8a5620000 - 0x00007ff8a565b000 	C:\WINDOWS\SYSTEM32\IPHLPAPI.DLL
0x00007ff8a7160000 - 0x00007ff8a7168000 	C:\WINDOWS\System32\NSI.dll
0x00007ff89e650000 - 0x00007ff89e659000 	C:\Program Files\Java\jdk-21\bin\extnet.dll
0x00007ff89e640000 - 0x00007ff89e64e000 	C:\Program Files\Java\jdk-21\bin\sunmscapi.dll
0x00007ff8a66b0000 - 0x00007ff8a680c000 	C:\WINDOWS\System32\CRYPT32.dll
0x00007ff8a5ce0000 - 0x00007ff8a5d07000 	C:\WINDOWS\SYSTEM32\ncrypt.dll
0x00007ff8a5ca0000 - 0x00007ff8a5cdb000 	C:\WINDOWS\SYSTEM32\NTASN1.dll
0x00007ff8a2f50000 - 0x00007ff8a2f57000 	C:\WINDOWS\system32\wshunix.dll

dbghelp: loaded successfully - version: 4.0.5 - missing functions: none
symbol engine: initialized successfully - sym options: 0x614 - pdb path: .;C:\Program Files\Java\jdk-21\bin;C:\WINDOWS\SYSTEM32;C:\WINDOWS\WinSxS\amd64_microsoft.windows.common-controls_6595b64144ccf1df_6.0.19041.4355_none_60b8b9eb71f62e16;C:\Program Files\Java\jdk-21\bin\server;C:\Users\myh77\.gradle\native\c067742578af261105cb4f569cf0c3c89f3d7b1fecec35dd04571415982c5e48\windows-amd64;C:\Users\myh77\.gradle\native\100fb08df4bc3b14c8652ba06237920a3bd2aa13389f12d3474272988ae205f9\windows-amd64

VM Arguments:
jvm_args: --add-opens=java.base/java.lang=ALL-UNNAMED --add-opens=java.base/java.lang.invoke=ALL-UNNAMED --add-opens=java.base/java.util=ALL-UNNAMED --add-opens=java.prefs/java.util.prefs=ALL-UNNAMED --add-exports=jdk.compiler/com.sun.tools.javac.api=ALL-UNNAMED --add-exports=jdk.compiler/com.sun.tools.javac.util=ALL-UNNAMED --add-opens=java.base/java.util=ALL-UNNAMED --add-opens=java.prefs/java.util.prefs=ALL-UNNAMED --add-opens=java.base/java.nio.charset=ALL-UNNAMED --add-opens=java.base/java.net=ALL-UNNAMED --add-opens=java.base/java.util.concurrent.atomic=ALL-UNNAMED --add-opens=java.xml/javax.xml.namespace=ALL-UNNAMED -XX:MaxMetaspaceSize=384m -XX:+HeapDumpOnOutOfMemoryError -Xms256m -Xmx512m -Dfile.encoding=UTF-8 -Duser.country=KR -Duser.language=ko -Duser.variant -javaagent:C:\Users\myh77\.gradle\wrapper\dists\gradle-8.11.1-bin\bpt9gzteqjrbo1mjrsomdt32c\gradle-8.11.1\lib\agents\gradle-instrumentation-agent-8.11.1.jar 
java_command: org.gradle.launcher.daemon.bootstrap.GradleDaemon 8.11.1
java_class_path (initial): C:\Users\myh77\.gradle\wrapper\dists\gradle-8.11.1-bin\bpt9gzteqjrbo1mjrsomdt32c\gradle-8.11.1\lib\gradle-daemon-main-8.11.1.jar
Launcher Type: SUN_STANDARD

[Global flags]
     intx CICompilerCount                          = 3                                         {product} {ergonomic}
   size_t CompressedClassSpaceSize                 = 335544320                                 {product} {ergonomic}
     uint ConcGCThreads                            = 1                                         {product} {ergonomic}
     uint G1ConcRefinementThreads                  = 4                                         {product} {ergonomic}
   size_t G1HeapRegionSize                         = 1048576                                   {product} {ergonomic}
    uintx GCDrainStackTargetSize                   = 64                                        {product} {ergonomic}
     bool HeapDumpOnOutOfMemoryError               = true                                   {manageable} {command line}
   size_t InitialHeapSize                          = 268435456                                 {product} {command line}
   size_t MarkStackSize                            = 4194304                                   {product} {ergonomic}
   size_t MaxHeapSize                              = 536870912                                 {product} {command line}
   size_t MaxMetaspaceSize                         = 402653184                                 {product} {command line}
   size_t MaxNewSize                               = 321912832                                 {product} {ergonomic}
   size_t MinHeapDeltaBytes                        = 1048576                                   {product} {ergonomic}
   size_t MinHeapSize                              = 268435456                                 {product} {command line}
    uintx NonNMethodCodeHeapSize                   = 5832780                                {pd product} {ergonomic}
    uintx NonProfiledCodeHeapSize                  = 122912730                              {pd product} {ergonomic}
    uintx ProfiledCodeHeapSize                     = 122912730                              {pd product} {ergonomic}
    uintx ReservedCodeCacheSize                    = 251658240                              {pd product} {ergonomic}
     bool SegmentedCodeCache                       = true                                      {product} {ergonomic}
   size_t SoftMaxHeapSize                          = 536870912                              {manageable} {ergonomic}
     bool UseCompressedOops                        = true                           {product lp64_product} {ergonomic}
     bool UseG1GC                                  = true                                      {product} {ergonomic}
     bool UseLargePagesIndividualAllocation        = false                                  {pd product} {ergonomic}

Logging:
Log output configuration:
 #0: stdout all=warning uptime,level,tags foldmultilines=false
 #1: stderr all=off uptime,level,tags foldmultilines=false

Environment Variables:
PATH=C:\Python312\Scripts\;C:\Python312\;C:\Program Files\Common Files\Oracle\Java\javapath;C:\WINDOWS\system32;C:\WINDOWS;C:\WINDOWS\System32\Wbem;C:\WINDOWS\System32\WindowsPowerShell\v1.0\;C:\WINDOWS\System32\OpenSSH\;C:\Program Files\Git\cmd;C:\ProgramData\chocolatey\bin;C:\Program Files\Docker\Docker\resources\bin;C:\Program Files\nodejs\;C:\Program Files\MySQL\MySQL Shell 8.0\bin\;C:\Users\myh77\AppData\Local\Microsoft\WindowsApps;D:\develop\IntelliJ IDEA Community Edition 2024.1.4\bin;C:\Users\myh77\AppData\Local\Programs\Microsoft VS Code\bin;D:\develop\IntelliJ IDEA 2024.2.2\bin;C:\Users\myh77\AppData\Local\SOOP;C:\Users\myh77\AppData\Local\JetBrains\Toolbox\scripts;C:\Program Files\nodejs;C:\Users\myh77\AppData\Roaming\npm
USERNAME=myh77
OS=Windows_NT
PROCESSOR_IDENTIFIER=Intel64 Family 6 Model 94 Stepping 3, GenuineIntel
TMP=C:\Users\myh77\AppData\Local\Temp
TEMP=C:\Users\myh77\AppData\Local\Temp




Periodic native trim disabled

---------------  S Y S T E M  ---------------

OS:
 Windows 10 , 64 bit Build 19041 (10.0.19041.5198)
OS uptime: 4 days 15:18 hours
Hyper-V role detected

CPU: total 4 (initial active 4) (4 cores per cpu, 1 threads per core) family 6 model 94 stepping 3 microcode 0xcc, cx8, cmov, fxsr, mmx, 3dnowpref, sse, sse2, sse3, ssse3, sse4.1, sse4.2, popcnt, lzcnt, tsc, tscinvbit, avx, avx2, aes, erms, clmul, bmi1, bmi2, rtm, adx, fma, vzeroupper, clflush, clflushopt, hv, rdtscp, f16c
Processor Information for all 4 processors :
  Max Mhz: 2304, Current Mhz: 2304, Mhz Limit: 2304

Memory: 4k page, system-wide physical 12082M (299M free)
TotalPageFile size 25142M (AvailPageFile size 5M)
current process WorkingSet (physical memory assigned to process): 366M, peak: 454M
current process commit charge ("private bytes"): 542M, peak: 556M

vm_info: Java HotSpot(TM) 64-Bit Server VM (21.0.5+9-LTS-239) for windows-amd64 JRE (21.0.5+9-LTS-239), built on 2024-09-30T05:17:38Z by "mach5one" with MS VC++ 17.6 (VS2022)

END.
