#
# There is insufficient memory for the Java Runtime Environment to continue.
# Native memory allocation (malloc) failed to allocate 430256 bytes for Chunk::new
# Possible reasons:
#   The system is out of physical RAM or swap space
#   The process is running with CompressedOops enabled, and the Java Heap may be blocking the growth of the native heap
# Possible solutions:
#   Reduce memory load on the system
#   Increase physical memory or swap space
#   Check if swap backing store is full
#   Decrease Java heap size (-Xmx/-Xms)
#   Decrease number of Java threads
#   Decrease Java thread stack sizes (-Xss)
#   Set larger code cache with -XX:ReservedCodeCacheSize=
#   JVM is running with Unscaled Compressed Oops mode in which the Java heap is
#     placed in the first 4GB address space. The Java Heap base address is the
#     maximum limit for the native heap growth. Please use -XX:HeapBaseMinAddress
#     to set the Java Heap base and to place the Java Heap above 4GB virtual address.
# This output file may be truncated or incomplete.
#
#  Out of Memory Error (arena.cpp:168), pid=12808, tid=1272
#
# JRE version: Java(TM) SE Runtime Environment (21.0.5+9) (build 21.0.5+9-LTS-239)
# Java VM: Java HotSpot(TM) 64-Bit Server VM (21.0.5+9-LTS-239, mixed mode, sharing, tiered, compressed oops, compressed class ptrs, g1 gc, windows-amd64)
# No core dump will be written. Minidumps are not enabled by default on client versions of Windows
#

---------------  S U M M A R Y ------------

Command Line: --add-opens=java.base/java.lang=ALL-UNNAMED --add-opens=java.base/java.lang.invoke=ALL-UNNAMED --add-opens=java.base/java.util=ALL-UNNAMED --add-opens=java.prefs/java.util.prefs=ALL-UNNAMED --add-exports=jdk.compiler/com.sun.tools.javac.api=ALL-UNNAMED --add-exports=jdk.compiler/com.sun.tools.javac.util=ALL-UNNAMED --add-opens=java.base/java.util=ALL-UNNAMED --add-opens=java.prefs/java.util.prefs=ALL-UNNAMED --add-opens=java.base/java.nio.charset=ALL-UNNAMED --add-opens=java.base/java.net=ALL-UNNAMED --add-opens=java.base/java.util.concurrent.atomic=ALL-UNNAMED --add-opens=java.xml/javax.xml.namespace=ALL-UNNAMED -XX:MaxMetaspaceSize=384m -XX:+HeapDumpOnOutOfMemoryError -Xms256m -Xmx512m -Dfile.encoding=UTF-8 -Duser.country=KR -Duser.language=ko -Duser.variant -javaagent:C:\Users\myh77\.gradle\wrapper\dists\gradle-8.11.1-bin\bpt9gzteqjrbo1mjrsomdt32c\gradle-8.11.1\lib\agents\gradle-instrumentation-agent-8.11.1.jar org.gradle.launcher.daemon.bootstrap.GradleDaemon 8.11.1

Host: Intel(R) Core(TM) i5-6300HQ CPU @ 2.30GHz, 4 cores, 11G,  Windows 10 , 64 bit Build 19041 (10.0.19041.5198)
Time: Thu Feb  6 18:04:25 2025  Windows 10 , 64 bit Build 19041 (10.0.19041.5198) elapsed time: 31.693088 seconds (0d 0h 0m 31s)

---------------  T H R E A D  ---------------

Current thread (0x000001bc6ec634b0):  JavaThread "C2 CompilerThread0" daemon [_thread_in_native, id=1272, stack(0x000000507e100000,0x000000507e200000) (1024K)]


Current CompileTask:
C2:  31693 5540       4       java.util.regex.Pattern::compile (537 bytes)

Stack: [0x000000507e100000,0x000000507e200000]
Native frames: (J=compiled Java code, j=interpreted, Vv=VM code, C=native code)
V  [jvm.dll+0x6ca289]
V  [jvm.dll+0x854a51]
V  [jvm.dll+0x856f7e]
V  [jvm.dll+0x857653]
V  [jvm.dll+0x27dd26]
V  [jvm.dll+0xc4c2d]
V  [jvm.dll+0xc5163]
V  [jvm.dll+0x2f0ccd]
V  [jvm.dll+0x5f4ffa]
V  [jvm.dll+0x24f882]
V  [jvm.dll+0x24fc3f]
V  [jvm.dll+0x248754]
V  [jvm.dll+0x245de4]
V  [jvm.dll+0x1c6d0e]
V  [jvm.dll+0x2554d9]
V  [jvm.dll+0x253a6a]
V  [jvm.dll+0x3ee136]
V  [jvm.dll+0x7fee9b]
V  [jvm.dll+0x6c896d]
C  [ucrtbase.dll+0x21bb2]
C  [KERNEL32.DLL+0x17374]
C  [ntdll.dll+0x4cc91]


---------------  P R O C E S S  ---------------

Threads class SMR info:
_java_thread_list=0x000001bc77849b40, length=40, elements={
0x000001bc52824330, 0x000001bc6ec5c420, 0x000001bc6ec5d020, 0x000001bc6ec5dc20,
0x000001bc6ec5ee80, 0x000001bc6ec5f8d0, 0x000001bc6ec60320, 0x000001bc6ec634b0,
0x000001bc6ec7e850, 0x000001bc6ec2f290, 0x000001bc731da860, 0x000001bc74aaed10,
0x000001bc74aec640, 0x000001bc74db5f30, 0x000001bc74b64730, 0x000001bc74dd6f50,
0x000001bc74c1b1b0, 0x000001bc74cd73c0, 0x000001bc74c18670, 0x000001bc74c36420,
0x000001bc74c36ab0, 0x000001bc74c377d0, 0x000001bc74c39210, 0x000001bc74c37140,
0x000001bc74c37e60, 0x000001bc74c38b80, 0x000001bc74c35d90, 0x000001bc74044c60,
0x000001bc740417e0, 0x000001bc74042500, 0x000001bc74043220, 0x000001bc74041e70,
0x000001bc74042b90, 0x000001bc740438b0, 0x000001bc76fd14e0, 0x000001bc76fd0e50,
0x000001bc76fd1b70, 0x000001bc76fd2200, 0x000001bc76fd2890, 0x000001bc527f7e30
}

Java Threads: ( => current thread )
  0x000001bc52824330 JavaThread "main"                              [_thread_blocked, id=19332, stack(0x000000507d300000,0x000000507d400000) (1024K)]
  0x000001bc6ec5c420 JavaThread "Reference Handler"          daemon [_thread_blocked, id=22720, stack(0x000000507db00000,0x000000507dc00000) (1024K)]
  0x000001bc6ec5d020 JavaThread "Finalizer"                  daemon [_thread_blocked, id=14740, stack(0x000000507dc00000,0x000000507dd00000) (1024K)]
  0x000001bc6ec5dc20 JavaThread "Signal Dispatcher"          daemon [_thread_blocked, id=8992, stack(0x000000507dd00000,0x000000507de00000) (1024K)]
  0x000001bc6ec5ee80 JavaThread "Attach Listener"            daemon [_thread_blocked, id=22832, stack(0x000000507de00000,0x000000507df00000) (1024K)]
  0x000001bc6ec5f8d0 JavaThread "Service Thread"             daemon [_thread_blocked, id=8276, stack(0x000000507df00000,0x000000507e000000) (1024K)]
  0x000001bc6ec60320 JavaThread "Monitor Deflation Thread"   daemon [_thread_blocked, id=10392, stack(0x000000507e000000,0x000000507e100000) (1024K)]
=>0x000001bc6ec634b0 JavaThread "C2 CompilerThread0"         daemon [_thread_in_native, id=1272, stack(0x000000507e100000,0x000000507e200000) (1024K)]
  0x000001bc6ec7e850 JavaThread "C1 CompilerThread0"         daemon [_thread_blocked, id=22900, stack(0x000000507e200000,0x000000507e300000) (1024K)]
  0x000001bc6ec2f290 JavaThread "Common-Cleaner"             daemon [_thread_blocked, id=21332, stack(0x000000507e300000,0x000000507e400000) (1024K)]
  0x000001bc731da860 JavaThread "Notification Thread"        daemon [_thread_blocked, id=11824, stack(0x000000507e400000,0x000000507e500000) (1024K)]
  0x000001bc74aaed10 JavaThread "Daemon health stats"               [_thread_blocked, id=23372, stack(0x000000507e900000,0x000000507ea00000) (1024K)]
  0x000001bc74aec640 JavaThread "Incoming local TCP Connector on port 63531"        [_thread_in_native, id=10264, stack(0x000000507e800000,0x000000507e900000) (1024K)]
  0x000001bc74db5f30 JavaThread "Daemon periodic checks"            [_thread_blocked, id=1264, stack(0x000000507ea00000,0x000000507eb00000) (1024K)]
  0x000001bc74b64730 JavaThread "Daemon"                            [_thread_blocked, id=11592, stack(0x000000507eb00000,0x000000507ec00000) (1024K)]
  0x000001bc74dd6f50 JavaThread "Handler for socket connection from /127.0.0.1:63531 to /127.0.0.1:63532"        [_thread_in_native, id=4148, stack(0x000000507ec00000,0x000000507ed00000) (1024K)]
  0x000001bc74c1b1b0 JavaThread "Cancel handler"                    [_thread_blocked, id=19924, stack(0x000000507ed00000,0x000000507ee00000) (1024K)]
  0x000001bc74cd73c0 JavaThread "Daemon worker"                     [_thread_in_vm, id=17884, stack(0x000000507ee00000,0x000000507ef00000) (1024K)]
  0x000001bc74c18670 JavaThread "Asynchronous log dispatcher for DefaultDaemonConnection: socket connection from /127.0.0.1:63531 to /127.0.0.1:63532"        [_thread_blocked, id=608, stack(0x000000507ef00000,0x000000507f000000) (1024K)]
  0x000001bc74c36420 JavaThread "Stdin handler"                     [_thread_blocked, id=22640, stack(0x000000507f000000,0x000000507f100000) (1024K)]
  0x000001bc74c36ab0 JavaThread "Daemon client event forwarder"        [_thread_blocked, id=21532, stack(0x000000507f100000,0x000000507f200000) (1024K)]
  0x000001bc74c377d0 JavaThread "Cache worker for journal cache (C:\Users\myh77\.gradle\caches\journal-1)"        [_thread_blocked, id=20452, stack(0x000000507f200000,0x000000507f300000) (1024K)]
  0x000001bc74c39210 JavaThread "File lock request listener"        [_thread_in_native, id=23156, stack(0x000000507f300000,0x000000507f400000) (1024K)]
  0x000001bc74c37140 JavaThread "Cache worker for file hash cache (C:\Users\myh77\.gradle\caches\8.11.1\fileHashes)"        [_thread_blocked, id=17876, stack(0x000000507f400000,0x000000507f500000) (1024K)]
  0x000001bc74c37e60 JavaThread "Cache worker for file content cache (C:\Users\myh77\.gradle\caches\8.11.1\fileContent)"        [_thread_blocked, id=22092, stack(0x000000507f500000,0x000000507f600000) (1024K)]
  0x000001bc74c38b80 JavaThread "Cache worker for file hash cache (D:\develop\Spring\EstSoft\WordWise\.gradle\8.11.1\fileHashes)"        [_thread_blocked, id=13300, stack(0x000000507f600000,0x000000507f700000) (1024K)]
  0x000001bc74c35d90 JavaThread "Cache worker for Build Output Cleanup Cache (D:\develop\Spring\EstSoft\WordWise\.gradle\buildOutputCleanup)"        [_thread_blocked, id=9480, stack(0x000000507f700000,0x000000507f800000) (1024K)]
  0x000001bc74044c60 JavaThread "File watcher server"        daemon [_thread_in_native, id=8260, stack(0x000000507f800000,0x000000507f900000) (1024K)]
  0x000001bc740417e0 JavaThread "File watcher consumer"      daemon [_thread_blocked, id=18132, stack(0x000000507f900000,0x000000507fa00000) (1024K)]
  0x000001bc74042500 JavaThread "Cache worker for checksums cache (D:\develop\Spring\EstSoft\WordWise\.gradle\8.11.1\checksums)"        [_thread_blocked, id=9176, stack(0x000000507fa00000,0x000000507fb00000) (1024K)]
  0x000001bc74043220 JavaThread "Cache worker for cache directory md-rule (C:\Users\myh77\.gradle\caches\8.11.1\md-rule)"        [_thread_blocked, id=2596, stack(0x000000507fb00000,0x000000507fc00000) (1024K)]
  0x000001bc74041e70 JavaThread "Cache worker for cache directory md-supplier (C:\Users\myh77\.gradle\caches\8.11.1\md-supplier)"        [_thread_blocked, id=15616, stack(0x000000507fc00000,0x000000507fd00000) (1024K)]
  0x000001bc74042b90 JavaThread "jar transforms"                    [_thread_blocked, id=14608, stack(0x000000507fd00000,0x000000507fe00000) (1024K)]
  0x000001bc740438b0 JavaThread "jar transforms Thread 2"           [_thread_blocked, id=12836, stack(0x000000507fe00000,0x000000507ff00000) (1024K)]
  0x000001bc76fd14e0 JavaThread "jar transforms Thread 3"           [_thread_blocked, id=11436, stack(0x000000507ff00000,0x0000005080000000) (1024K)]
  0x000001bc76fd0e50 JavaThread "Unconstrained build operations"        [_thread_blocked, id=21996, stack(0x0000005000000000,0x0000005000100000) (1024K)]
  0x000001bc76fd1b70 JavaThread "File lock release action executor"        [_thread_blocked, id=21408, stack(0x0000005000100000,0x0000005000200000) (1024K)]
  0x000001bc76fd2200 JavaThread "Unconstrained build operations Thread 2"        [_thread_blocked, id=13912, stack(0x0000005000200000,0x0000005000300000) (1024K)]
  0x000001bc76fd2890 JavaThread "jar transforms Thread 4"           [_thread_blocked, id=15320, stack(0x0000005000300000,0x0000005000400000) (1024K)]
  0x000001bc527f7e30 JavaThread "C2 CompilerThread1"         daemon [_thread_blocked, id=23936, stack(0x0000005000400000,0x0000005000500000) (1024K)]
Total: 40

Other Threads:
  0x000001bc6ec3d1b0 VMThread "VM Thread"                           [id=19392, stack(0x000000507da00000,0x000000507db00000) (1024K)]
  0x000001bc6ec2df10 WatcherThread "VM Periodic Task Thread"        [id=20472, stack(0x000000507d900000,0x000000507da00000) (1024K)]
  0x000001bc548e7f20 WorkerThread "GC Thread#0"                     [id=3124, stack(0x000000507d400000,0x000000507d500000) (1024K)]
  0x000001bc732f1b30 WorkerThread "GC Thread#1"                     [id=23188, stack(0x000000507e500000,0x000000507e600000) (1024K)]
  0x000001bc732f1ed0 WorkerThread "GC Thread#2"                     [id=13792, stack(0x000000507e600000,0x000000507e700000) (1024K)]
  0x000001bc732c87a0 WorkerThread "GC Thread#3"                     [id=23768, stack(0x000000507e700000,0x000000507e800000) (1024K)]
  0x000001bc548ee210 ConcurrentGCThread "G1 Main Marker"            [id=23528, stack(0x000000507d500000,0x000000507d600000) (1024K)]
  0x000001bc548eec10 WorkerThread "G1 Conc#0"                       [id=12652, stack(0x000000507d600000,0x000000507d700000) (1024K)]
  0x000001bc5498e5a0 ConcurrentGCThread "G1 Refine#0"               [id=14544, stack(0x000000507d700000,0x000000507d800000) (1024K)]
  0x000001bc6eb00300 ConcurrentGCThread "G1 Service"                [id=10500, stack(0x000000507d800000,0x000000507d900000) (1024K)]
Total: 10

Threads with active compile tasks:
C2 CompilerThread0    31876 5540       4       java.util.regex.Pattern::compile (537 bytes)
Total: 1

VM state: not at safepoint (normal execution)

VM Mutex/Monitor currently owned by a thread: None

Heap address: 0x00000000e0000000, size: 512 MB, Compressed Oops mode: 32-bit

CDS archive(s) mapped at: [0x000001bc00000000-0x000001bc00c90000-0x000001bc00c90000), size 13172736, SharedBaseAddress: 0x000001bc00000000, ArchiveRelocationMode: 1.
Compressed class space mapped at: 0x000001bc01000000-0x000001bc15000000, reserved size: 335544320
Narrow klass base: 0x000001bc00000000, Narrow klass shift: 0, Narrow klass range: 0x100000000

GC Precious Log:
 CardTable entry size: 512
 Card Set container configuration: InlinePtr #cards 5 size 8 Array Of Cards #cards 12 size 40 Howl #buckets 4 coarsen threshold 1843 Howl Bitmap #cards 512 size 80 coarsen threshold 460 Card regions per heap region 1 cards per card region 2048
 CPUs: 4 total, 4 available
 Memory: 12082M
 Large Page Support: Disabled
 NUMA Support: Disabled
 Compressed Oops: Enabled (32-bit)
 Heap Region Size: 1M
 Heap Min Capacity: 256M
 Heap Initial Capacity: 256M
 Heap Max Capacity: 512M
 Pre-touch: Disabled
 Parallel Workers: 4
 Concurrent Workers: 1
 Concurrent Refinement Workers: 4
 Periodic GC: Disabled

Heap:
 garbage-first heap   total 262144K, used 169160K [0x00000000e0000000, 0x0000000100000000)
  region size 1024K, 138 young (141312K), 7 survivors (7168K)
 Metaspace       used 48995K, committed 50688K, reserved 393216K
  class space    used 6975K, committed 7808K, reserved 327680K

Heap Regions: E=young(eden), S=young(survivor), O=old, HS=humongous(starts), HC=humongous(continues), CS=collection set, F=free, TAMS=top-at-mark-start, PB=parsable bottom
|   0|0x00000000e0000000, 0x00000000e0100000, 0x00000000e0100000|100%|HS|  |TAMS 0x00000000e0000000| PB 0x00000000e0000000| Complete 
|   1|0x00000000e0100000, 0x00000000e0200000, 0x00000000e0200000|100%|HC|  |TAMS 0x00000000e0100000| PB 0x00000000e0100000| Complete 
|   2|0x00000000e0200000, 0x00000000e0300000, 0x00000000e0300000|100%|HC|  |TAMS 0x00000000e0200000| PB 0x00000000e0200000| Complete 
|   3|0x00000000e0300000, 0x00000000e0400000, 0x00000000e0400000|100%| O|  |TAMS 0x00000000e0300000| PB 0x00000000e0300000| Untracked 
|   4|0x00000000e0400000, 0x00000000e0500000, 0x00000000e0500000|100%| O|  |TAMS 0x00000000e0400000| PB 0x00000000e0400000| Untracked 
|   5|0x00000000e0500000, 0x00000000e0600000, 0x00000000e0600000|100%| O|  |TAMS 0x00000000e0500000| PB 0x00000000e0500000| Untracked 
|   6|0x00000000e0600000, 0x00000000e0700000, 0x00000000e0700000|100%| O|  |TAMS 0x00000000e0600000| PB 0x00000000e0600000| Untracked 
|   7|0x00000000e0700000, 0x00000000e0800000, 0x00000000e0800000|100%|HS|  |TAMS 0x00000000e0700000| PB 0x00000000e0700000| Complete 
|   8|0x00000000e0800000, 0x00000000e0900000, 0x00000000e0900000|100%| O|  |TAMS 0x00000000e0800000| PB 0x00000000e0800000| Untracked 
|   9|0x00000000e0900000, 0x00000000e0a00000, 0x00000000e0a00000|100%| O|  |TAMS 0x00000000e0900000| PB 0x00000000e0900000| Untracked 
|  10|0x00000000e0a00000, 0x00000000e0b00000, 0x00000000e0b00000|100%| O|  |TAMS 0x00000000e0a00000| PB 0x00000000e0a00000| Untracked 
|  11|0x00000000e0b00000, 0x00000000e0c00000, 0x00000000e0c00000|100%| O|  |TAMS 0x00000000e0b00000| PB 0x00000000e0b00000| Untracked 
|  12|0x00000000e0c00000, 0x00000000e0d00000, 0x00000000e0d00000|100%| O|  |TAMS 0x00000000e0c00000| PB 0x00000000e0c00000| Untracked 
|  13|0x00000000e0d00000, 0x00000000e0e00000, 0x00000000e0e00000|100%| O|  |TAMS 0x00000000e0d00000| PB 0x00000000e0d00000| Untracked 
|  14|0x00000000e0e00000, 0x00000000e0f00000, 0x00000000e0f00000|100%| O|  |TAMS 0x00000000e0e00000| PB 0x00000000e0e00000| Untracked 
|  15|0x00000000e0f00000, 0x00000000e1000000, 0x00000000e1000000|100%| O|  |TAMS 0x00000000e0f00000| PB 0x00000000e0f00000| Untracked 
|  16|0x00000000e1000000, 0x00000000e1100000, 0x00000000e1100000|100%| O|  |TAMS 0x00000000e1000000| PB 0x00000000e1000000| Untracked 
|  17|0x00000000e1100000, 0x00000000e1200000, 0x00000000e1200000|100%| O|  |TAMS 0x00000000e1100000| PB 0x00000000e1100000| Untracked 
|  18|0x00000000e1200000, 0x00000000e1300000, 0x00000000e1300000|100%| O|  |TAMS 0x00000000e1200000| PB 0x00000000e1200000| Untracked 
|  19|0x00000000e1300000, 0x00000000e1400000, 0x00000000e1400000|100%| O|  |TAMS 0x00000000e1300000| PB 0x00000000e1300000| Untracked 
|  20|0x00000000e1400000, 0x00000000e1500000, 0x00000000e1500000|100%| O|  |TAMS 0x00000000e1400000| PB 0x00000000e1400000| Untracked 
|  21|0x00000000e1500000, 0x00000000e1600000, 0x00000000e1600000|100%| O|Cm|TAMS 0x00000000e1500000| PB 0x00000000e1500000| Complete 
|  22|0x00000000e1600000, 0x00000000e1660c00, 0x00000000e1700000| 37%| O|  |TAMS 0x00000000e1600000| PB 0x00000000e1600000| Untracked 
|  23|0x00000000e1700000, 0x00000000e1800000, 0x00000000e1800000|100%|HS|  |TAMS 0x00000000e1700000| PB 0x00000000e1700000| Complete 
|  24|0x00000000e1800000, 0x00000000e1900000, 0x00000000e1900000|100%|HS|  |TAMS 0x00000000e1800000| PB 0x00000000e1800000| Complete 
|  25|0x00000000e1900000, 0x00000000e1a00000, 0x00000000e1a00000|100%|HC|  |TAMS 0x00000000e1900000| PB 0x00000000e1900000| Complete 
|  26|0x00000000e1a00000, 0x00000000e1b00000, 0x00000000e1b00000|100%|HS|  |TAMS 0x00000000e1a00000| PB 0x00000000e1a00000| Complete 
|  27|0x00000000e1b00000, 0x00000000e1c00000, 0x00000000e1c00000|100%|HC|  |TAMS 0x00000000e1b00000| PB 0x00000000e1b00000| Complete 
|  28|0x00000000e1c00000, 0x00000000e1d00000, 0x00000000e1d00000|100%|HS|  |TAMS 0x00000000e1c00000| PB 0x00000000e1c00000| Complete 
|  29|0x00000000e1d00000, 0x00000000e1e00000, 0x00000000e1e00000|100%|HS|  |TAMS 0x00000000e1d00000| PB 0x00000000e1d00000| Complete 
|  30|0x00000000e1e00000, 0x00000000e1e00000, 0x00000000e1f00000|  0%| F|  |TAMS 0x00000000e1e00000| PB 0x00000000e1e00000| Untracked 
|  31|0x00000000e1f00000, 0x00000000e1f00000, 0x00000000e2000000|  0%| F|  |TAMS 0x00000000e1f00000| PB 0x00000000e1f00000| Untracked 
|  32|0x00000000e2000000, 0x00000000e2000000, 0x00000000e2100000|  0%| F|  |TAMS 0x00000000e2000000| PB 0x00000000e2000000| Untracked 
|  33|0x00000000e2100000, 0x00000000e2100000, 0x00000000e2200000|  0%| F|  |TAMS 0x00000000e2100000| PB 0x00000000e2100000| Untracked 
|  34|0x00000000e2200000, 0x00000000e2200000, 0x00000000e2300000|  0%| F|  |TAMS 0x00000000e2200000| PB 0x00000000e2200000| Untracked 
|  35|0x00000000e2300000, 0x00000000e2300000, 0x00000000e2400000|  0%| F|  |TAMS 0x00000000e2300000| PB 0x00000000e2300000| Untracked 
|  36|0x00000000e2400000, 0x00000000e2400000, 0x00000000e2500000|  0%| F|  |TAMS 0x00000000e2400000| PB 0x00000000e2400000| Untracked 
|  37|0x00000000e2500000, 0x00000000e2500000, 0x00000000e2600000|  0%| F|  |TAMS 0x00000000e2500000| PB 0x00000000e2500000| Untracked 
|  38|0x00000000e2600000, 0x00000000e2600000, 0x00000000e2700000|  0%| F|  |TAMS 0x00000000e2600000| PB 0x00000000e2600000| Untracked 
|  39|0x00000000e2700000, 0x00000000e2700000, 0x00000000e2800000|  0%| F|  |TAMS 0x00000000e2700000| PB 0x00000000e2700000| Untracked 
|  40|0x00000000e2800000, 0x00000000e2800000, 0x00000000e2900000|  0%| F|  |TAMS 0x00000000e2800000| PB 0x00000000e2800000| Untracked 
|  41|0x00000000e2900000, 0x00000000e2900000, 0x00000000e2a00000|  0%| F|  |TAMS 0x00000000e2900000| PB 0x00000000e2900000| Untracked 
|  42|0x00000000e2a00000, 0x00000000e2a00000, 0x00000000e2b00000|  0%| F|  |TAMS 0x00000000e2a00000| PB 0x00000000e2a00000| Untracked 
|  43|0x00000000e2b00000, 0x00000000e2b00000, 0x00000000e2c00000|  0%| F|  |TAMS 0x00000000e2b00000| PB 0x00000000e2b00000| Untracked 
|  44|0x00000000e2c00000, 0x00000000e2c00000, 0x00000000e2d00000|  0%| F|  |TAMS 0x00000000e2c00000| PB 0x00000000e2c00000| Untracked 
|  45|0x00000000e2d00000, 0x00000000e2d00000, 0x00000000e2e00000|  0%| F|  |TAMS 0x00000000e2d00000| PB 0x00000000e2d00000| Untracked 
|  46|0x00000000e2e00000, 0x00000000e2e00000, 0x00000000e2f00000|  0%| F|  |TAMS 0x00000000e2e00000| PB 0x00000000e2e00000| Untracked 
|  47|0x00000000e2f00000, 0x00000000e2f00000, 0x00000000e3000000|  0%| F|  |TAMS 0x00000000e2f00000| PB 0x00000000e2f00000| Untracked 
|  48|0x00000000e3000000, 0x00000000e3000000, 0x00000000e3100000|  0%| F|  |TAMS 0x00000000e3000000| PB 0x00000000e3000000| Untracked 
|  49|0x00000000e3100000, 0x00000000e3100000, 0x00000000e3200000|  0%| F|  |TAMS 0x00000000e3100000| PB 0x00000000e3100000| Untracked 
|  50|0x00000000e3200000, 0x00000000e3200000, 0x00000000e3300000|  0%| F|  |TAMS 0x00000000e3200000| PB 0x00000000e3200000| Untracked 
|  51|0x00000000e3300000, 0x00000000e3300000, 0x00000000e3400000|  0%| F|  |TAMS 0x00000000e3300000| PB 0x00000000e3300000| Untracked 
|  52|0x00000000e3400000, 0x00000000e3400000, 0x00000000e3500000|  0%| F|  |TAMS 0x00000000e3400000| PB 0x00000000e3400000| Untracked 
|  53|0x00000000e3500000, 0x00000000e3500000, 0x00000000e3600000|  0%| F|  |TAMS 0x00000000e3500000| PB 0x00000000e3500000| Untracked 
|  54|0x00000000e3600000, 0x00000000e3600000, 0x00000000e3700000|  0%| F|  |TAMS 0x00000000e3600000| PB 0x00000000e3600000| Untracked 
|  55|0x00000000e3700000, 0x00000000e3700000, 0x00000000e3800000|  0%| F|  |TAMS 0x00000000e3700000| PB 0x00000000e3700000| Untracked 
|  56|0x00000000e3800000, 0x00000000e3800000, 0x00000000e3900000|  0%| F|  |TAMS 0x00000000e3800000| PB 0x00000000e3800000| Untracked 
|  57|0x00000000e3900000, 0x00000000e3900000, 0x00000000e3a00000|  0%| F|  |TAMS 0x00000000e3900000| PB 0x00000000e3900000| Untracked 
|  58|0x00000000e3a00000, 0x00000000e3a00000, 0x00000000e3b00000|  0%| F|  |TAMS 0x00000000e3a00000| PB 0x00000000e3a00000| Untracked 
|  59|0x00000000e3b00000, 0x00000000e3b00000, 0x00000000e3c00000|  0%| F|  |TAMS 0x00000000e3b00000| PB 0x00000000e3b00000| Untracked 
|  60|0x00000000e3c00000, 0x00000000e3c00000, 0x00000000e3d00000|  0%| F|  |TAMS 0x00000000e3c00000| PB 0x00000000e3c00000| Untracked 
|  61|0x00000000e3d00000, 0x00000000e3d00000, 0x00000000e3e00000|  0%| F|  |TAMS 0x00000000e3d00000| PB 0x00000000e3d00000| Untracked 
|  62|0x00000000e3e00000, 0x00000000e3e00000, 0x00000000e3f00000|  0%| F|  |TAMS 0x00000000e3e00000| PB 0x00000000e3e00000| Untracked 
|  63|0x00000000e3f00000, 0x00000000e3f00000, 0x00000000e4000000|  0%| F|  |TAMS 0x00000000e3f00000| PB 0x00000000e3f00000| Untracked 
|  64|0x00000000e4000000, 0x00000000e4000000, 0x00000000e4100000|  0%| F|  |TAMS 0x00000000e4000000| PB 0x00000000e4000000| Untracked 
|  65|0x00000000e4100000, 0x00000000e4100000, 0x00000000e4200000|  0%| F|  |TAMS 0x00000000e4100000| PB 0x00000000e4100000| Untracked 
|  66|0x00000000e4200000, 0x00000000e4200000, 0x00000000e4300000|  0%| F|  |TAMS 0x00000000e4200000| PB 0x00000000e4200000| Untracked 
|  67|0x00000000e4300000, 0x00000000e4300000, 0x00000000e4400000|  0%| F|  |TAMS 0x00000000e4300000| PB 0x00000000e4300000| Untracked 
|  68|0x00000000e4400000, 0x00000000e4400000, 0x00000000e4500000|  0%| F|  |TAMS 0x00000000e4400000| PB 0x00000000e4400000| Untracked 
|  69|0x00000000e4500000, 0x00000000e4500000, 0x00000000e4600000|  0%| F|  |TAMS 0x00000000e4500000| PB 0x00000000e4500000| Untracked 
|  70|0x00000000e4600000, 0x00000000e4600000, 0x00000000e4700000|  0%| F|  |TAMS 0x00000000e4600000| PB 0x00000000e4600000| Untracked 
|  71|0x00000000e4700000, 0x00000000e4700000, 0x00000000e4800000|  0%| F|  |TAMS 0x00000000e4700000| PB 0x00000000e4700000| Untracked 
|  72|0x00000000e4800000, 0x00000000e4800000, 0x00000000e4900000|  0%| F|  |TAMS 0x00000000e4800000| PB 0x00000000e4800000| Untracked 
|  73|0x00000000e4900000, 0x00000000e4900000, 0x00000000e4a00000|  0%| F|  |TAMS 0x00000000e4900000| PB 0x00000000e4900000| Untracked 
|  74|0x00000000e4a00000, 0x00000000e4a00000, 0x00000000e4b00000|  0%| F|  |TAMS 0x00000000e4a00000| PB 0x00000000e4a00000| Untracked 
|  75|0x00000000e4b00000, 0x00000000e4b00000, 0x00000000e4c00000|  0%| F|  |TAMS 0x00000000e4b00000| PB 0x00000000e4b00000| Untracked 
|  76|0x00000000e4c00000, 0x00000000e4c00000, 0x00000000e4d00000|  0%| F|  |TAMS 0x00000000e4c00000| PB 0x00000000e4c00000| Untracked 
|  77|0x00000000e4d00000, 0x00000000e4d00000, 0x00000000e4e00000|  0%| F|  |TAMS 0x00000000e4d00000| PB 0x00000000e4d00000| Untracked 
|  78|0x00000000e4e00000, 0x00000000e4e00000, 0x00000000e4f00000|  0%| F|  |TAMS 0x00000000e4e00000| PB 0x00000000e4e00000| Untracked 
|  79|0x00000000e4f00000, 0x00000000e4f00000, 0x00000000e5000000|  0%| F|  |TAMS 0x00000000e4f00000| PB 0x00000000e4f00000| Untracked 
|  80|0x00000000e5000000, 0x00000000e5000000, 0x00000000e5100000|  0%| F|  |TAMS 0x00000000e5000000| PB 0x00000000e5000000| Untracked 
|  81|0x00000000e5100000, 0x00000000e5100000, 0x00000000e5200000|  0%| F|  |TAMS 0x00000000e5100000| PB 0x00000000e5100000| Untracked 
|  82|0x00000000e5200000, 0x00000000e5200000, 0x00000000e5300000|  0%| F|  |TAMS 0x00000000e5200000| PB 0x00000000e5200000| Untracked 
|  83|0x00000000e5300000, 0x00000000e5300000, 0x00000000e5400000|  0%| F|  |TAMS 0x00000000e5300000| PB 0x00000000e5300000| Untracked 
|  84|0x00000000e5400000, 0x00000000e5400000, 0x00000000e5500000|  0%| F|  |TAMS 0x00000000e5400000| PB 0x00000000e5400000| Untracked 
|  85|0x00000000e5500000, 0x00000000e5500000, 0x00000000e5600000|  0%| F|  |TAMS 0x00000000e5500000| PB 0x00000000e5500000| Untracked 
|  86|0x00000000e5600000, 0x00000000e5600000, 0x00000000e5700000|  0%| F|  |TAMS 0x00000000e5600000| PB 0x00000000e5600000| Untracked 
|  87|0x00000000e5700000, 0x00000000e5700000, 0x00000000e5800000|  0%| F|  |TAMS 0x00000000e5700000| PB 0x00000000e5700000| Untracked 
|  88|0x00000000e5800000, 0x00000000e5800000, 0x00000000e5900000|  0%| F|  |TAMS 0x00000000e5800000| PB 0x00000000e5800000| Untracked 
|  89|0x00000000e5900000, 0x00000000e5900000, 0x00000000e5a00000|  0%| F|  |TAMS 0x00000000e5900000| PB 0x00000000e5900000| Untracked 
|  90|0x00000000e5a00000, 0x00000000e5a00000, 0x00000000e5b00000|  0%| F|  |TAMS 0x00000000e5a00000| PB 0x00000000e5a00000| Untracked 
|  91|0x00000000e5b00000, 0x00000000e5b00000, 0x00000000e5c00000|  0%| F|  |TAMS 0x00000000e5b00000| PB 0x00000000e5b00000| Untracked 
|  92|0x00000000e5c00000, 0x00000000e5c00000, 0x00000000e5d00000|  0%| F|  |TAMS 0x00000000e5c00000| PB 0x00000000e5c00000| Untracked 
|  93|0x00000000e5d00000, 0x00000000e5d00000, 0x00000000e5e00000|  0%| F|  |TAMS 0x00000000e5d00000| PB 0x00000000e5d00000| Untracked 
|  94|0x00000000e5e00000, 0x00000000e5e00000, 0x00000000e5f00000|  0%| F|  |TAMS 0x00000000e5e00000| PB 0x00000000e5e00000| Untracked 
|  95|0x00000000e5f00000, 0x00000000e5f00000, 0x00000000e6000000|  0%| F|  |TAMS 0x00000000e5f00000| PB 0x00000000e5f00000| Untracked 
|  96|0x00000000e6000000, 0x00000000e6000000, 0x00000000e6100000|  0%| F|  |TAMS 0x00000000e6000000| PB 0x00000000e6000000| Untracked 
|  97|0x00000000e6100000, 0x00000000e6100000, 0x00000000e6200000|  0%| F|  |TAMS 0x00000000e6100000| PB 0x00000000e6100000| Untracked 
|  98|0x00000000e6200000, 0x00000000e6200000, 0x00000000e6300000|  0%| F|  |TAMS 0x00000000e6200000| PB 0x00000000e6200000| Untracked 
|  99|0x00000000e6300000, 0x00000000e6300000, 0x00000000e6400000|  0%| F|  |TAMS 0x00000000e6300000| PB 0x00000000e6300000| Untracked 
| 100|0x00000000e6400000, 0x00000000e6400000, 0x00000000e6500000|  0%| F|  |TAMS 0x00000000e6400000| PB 0x00000000e6400000| Untracked 
| 101|0x00000000e6500000, 0x00000000e6500000, 0x00000000e6600000|  0%| F|  |TAMS 0x00000000e6500000| PB 0x00000000e6500000| Untracked 
| 102|0x00000000e6600000, 0x00000000e6600000, 0x00000000e6700000|  0%| F|  |TAMS 0x00000000e6600000| PB 0x00000000e6600000| Untracked 
| 103|0x00000000e6700000, 0x00000000e6700000, 0x00000000e6800000|  0%| F|  |TAMS 0x00000000e6700000| PB 0x00000000e6700000| Untracked 
| 104|0x00000000e6800000, 0x00000000e6800000, 0x00000000e6900000|  0%| F|  |TAMS 0x00000000e6800000| PB 0x00000000e6800000| Untracked 
| 105|0x00000000e6900000, 0x00000000e6900000, 0x00000000e6a00000|  0%| F|  |TAMS 0x00000000e6900000| PB 0x00000000e6900000| Untracked 
| 106|0x00000000e6a00000, 0x00000000e6a00000, 0x00000000e6b00000|  0%| F|  |TAMS 0x00000000e6a00000| PB 0x00000000e6a00000| Untracked 
| 107|0x00000000e6b00000, 0x00000000e6b00000, 0x00000000e6c00000|  0%| F|  |TAMS 0x00000000e6b00000| PB 0x00000000e6b00000| Untracked 
| 108|0x00000000e6c00000, 0x00000000e6c00000, 0x00000000e6d00000|  0%| F|  |TAMS 0x00000000e6c00000| PB 0x00000000e6c00000| Untracked 
| 109|0x00000000e6d00000, 0x00000000e6d00000, 0x00000000e6e00000|  0%| F|  |TAMS 0x00000000e6d00000| PB 0x00000000e6d00000| Untracked 
| 110|0x00000000e6e00000, 0x00000000e6e00000, 0x00000000e6f00000|  0%| F|  |TAMS 0x00000000e6e00000| PB 0x00000000e6e00000| Untracked 
| 111|0x00000000e6f00000, 0x00000000e6f00000, 0x00000000e7000000|  0%| F|  |TAMS 0x00000000e6f00000| PB 0x00000000e6f00000| Untracked 
| 112|0x00000000e7000000, 0x00000000e7000000, 0x00000000e7100000|  0%| F|  |TAMS 0x00000000e7000000| PB 0x00000000e7000000| Untracked 
| 113|0x00000000e7100000, 0x00000000e7100000, 0x00000000e7200000|  0%| F|  |TAMS 0x00000000e7100000| PB 0x00000000e7100000| Untracked 
| 114|0x00000000e7200000, 0x00000000e7200000, 0x00000000e7300000|  0%| F|  |TAMS 0x00000000e7200000| PB 0x00000000e7200000| Untracked 
| 115|0x00000000e7300000, 0x00000000e7300000, 0x00000000e7400000|  0%| F|  |TAMS 0x00000000e7300000| PB 0x00000000e7300000| Untracked 
| 116|0x00000000e7400000, 0x00000000e7400000, 0x00000000e7500000|  0%| F|  |TAMS 0x00000000e7400000| PB 0x00000000e7400000| Untracked 
| 117|0x00000000e7500000, 0x00000000e7500000, 0x00000000e7600000|  0%| F|  |TAMS 0x00000000e7500000| PB 0x00000000e7500000| Untracked 
| 118|0x00000000e7600000, 0x00000000e7680800, 0x00000000e7700000| 50%| E|  |TAMS 0x00000000e7600000| PB 0x00000000e7600000| Complete 
| 119|0x00000000e7700000, 0x00000000e7800000, 0x00000000e7800000|100%| E|CS|TAMS 0x00000000e7700000| PB 0x00000000e7700000| Complete 
| 120|0x00000000e7800000, 0x00000000e7900000, 0x00000000e7900000|100%| E|CS|TAMS 0x00000000e7800000| PB 0x00000000e7800000| Complete 
| 121|0x00000000e7900000, 0x00000000e7a00000, 0x00000000e7a00000|100%| E|CS|TAMS 0x00000000e7900000| PB 0x00000000e7900000| Complete 
| 122|0x00000000e7a00000, 0x00000000e7b00000, 0x00000000e7b00000|100%| E|CS|TAMS 0x00000000e7a00000| PB 0x00000000e7a00000| Complete 
| 123|0x00000000e7b00000, 0x00000000e7c00000, 0x00000000e7c00000|100%| E|CS|TAMS 0x00000000e7b00000| PB 0x00000000e7b00000| Complete 
| 124|0x00000000e7c00000, 0x00000000e7d00000, 0x00000000e7d00000|100%| E|CS|TAMS 0x00000000e7c00000| PB 0x00000000e7c00000| Complete 
| 125|0x00000000e7d00000, 0x00000000e7e00000, 0x00000000e7e00000|100%| E|CS|TAMS 0x00000000e7d00000| PB 0x00000000e7d00000| Complete 
| 126|0x00000000e7e00000, 0x00000000e7f00000, 0x00000000e7f00000|100%| E|CS|TAMS 0x00000000e7e00000| PB 0x00000000e7e00000| Complete 
| 127|0x00000000e7f00000, 0x00000000e8000000, 0x00000000e8000000|100%| E|CS|TAMS 0x00000000e7f00000| PB 0x00000000e7f00000| Complete 
| 128|0x00000000e8000000, 0x00000000e8100000, 0x00000000e8100000|100%| E|CS|TAMS 0x00000000e8000000| PB 0x00000000e8000000| Complete 
| 129|0x00000000e8100000, 0x00000000e8200000, 0x00000000e8200000|100%| E|CS|TAMS 0x00000000e8100000| PB 0x00000000e8100000| Complete 
| 130|0x00000000e8200000, 0x00000000e8300000, 0x00000000e8300000|100%| E|CS|TAMS 0x00000000e8200000| PB 0x00000000e8200000| Complete 
| 131|0x00000000e8300000, 0x00000000e8400000, 0x00000000e8400000|100%| E|CS|TAMS 0x00000000e8300000| PB 0x00000000e8300000| Complete 
| 132|0x00000000e8400000, 0x00000000e8500000, 0x00000000e8500000|100%| E|CS|TAMS 0x00000000e8400000| PB 0x00000000e8400000| Complete 
| 133|0x00000000e8500000, 0x00000000e8600000, 0x00000000e8600000|100%| E|CS|TAMS 0x00000000e8500000| PB 0x00000000e8500000| Complete 
| 134|0x00000000e8600000, 0x00000000e8700000, 0x00000000e8700000|100%| E|CS|TAMS 0x00000000e8600000| PB 0x00000000e8600000| Complete 
| 135|0x00000000e8700000, 0x00000000e8800000, 0x00000000e8800000|100%| E|  |TAMS 0x00000000e8700000| PB 0x00000000e8700000| Complete 
| 136|0x00000000e8800000, 0x00000000e8900000, 0x00000000e8900000|100%| E|CS|TAMS 0x00000000e8800000| PB 0x00000000e8800000| Complete 
| 137|0x00000000e8900000, 0x00000000e8a00000, 0x00000000e8a00000|100%| E|CS|TAMS 0x00000000e8900000| PB 0x00000000e8900000| Complete 
| 138|0x00000000e8a00000, 0x00000000e8b00000, 0x00000000e8b00000|100%| E|CS|TAMS 0x00000000e8a00000| PB 0x00000000e8a00000| Complete 
| 139|0x00000000e8b00000, 0x00000000e8c00000, 0x00000000e8c00000|100%| E|CS|TAMS 0x00000000e8b00000| PB 0x00000000e8b00000| Complete 
| 140|0x00000000e8c00000, 0x00000000e8d00000, 0x00000000e8d00000|100%| E|CS|TAMS 0x00000000e8c00000| PB 0x00000000e8c00000| Complete 
| 141|0x00000000e8d00000, 0x00000000e8e00000, 0x00000000e8e00000|100%| E|CS|TAMS 0x00000000e8d00000| PB 0x00000000e8d00000| Complete 
| 142|0x00000000e8e00000, 0x00000000e8f00000, 0x00000000e8f00000|100%| E|CS|TAMS 0x00000000e8e00000| PB 0x00000000e8e00000| Complete 
| 143|0x00000000e8f00000, 0x00000000e9000000, 0x00000000e9000000|100%| E|CS|TAMS 0x00000000e8f00000| PB 0x00000000e8f00000| Complete 
| 144|0x00000000e9000000, 0x00000000e9100000, 0x00000000e9100000|100%| E|CS|TAMS 0x00000000e9000000| PB 0x00000000e9000000| Complete 
| 145|0x00000000e9100000, 0x00000000e9200000, 0x00000000e9200000|100%| E|CS|TAMS 0x00000000e9100000| PB 0x00000000e9100000| Complete 
| 146|0x00000000e9200000, 0x00000000e9300000, 0x00000000e9300000|100%| E|CS|TAMS 0x00000000e9200000| PB 0x00000000e9200000| Complete 
| 147|0x00000000e9300000, 0x00000000e9400000, 0x00000000e9400000|100%| E|CS|TAMS 0x00000000e9300000| PB 0x00000000e9300000| Complete 
| 148|0x00000000e9400000, 0x00000000e9500000, 0x00000000e9500000|100%| E|CS|TAMS 0x00000000e9400000| PB 0x00000000e9400000| Complete 
| 149|0x00000000e9500000, 0x00000000e9600000, 0x00000000e9600000|100%| E|CS|TAMS 0x00000000e9500000| PB 0x00000000e9500000| Complete 
| 150|0x00000000e9600000, 0x00000000e9700000, 0x00000000e9700000|100%| E|CS|TAMS 0x00000000e9600000| PB 0x00000000e9600000| Complete 
| 151|0x00000000e9700000, 0x00000000e9800000, 0x00000000e9800000|100%| E|CS|TAMS 0x00000000e9700000| PB 0x00000000e9700000| Complete 
| 152|0x00000000e9800000, 0x00000000e9900000, 0x00000000e9900000|100%| E|CS|TAMS 0x00000000e9800000| PB 0x00000000e9800000| Complete 
| 153|0x00000000e9900000, 0x00000000e9a00000, 0x00000000e9a00000|100%| E|CS|TAMS 0x00000000e9900000| PB 0x00000000e9900000| Complete 
| 154|0x00000000e9a00000, 0x00000000e9b00000, 0x00000000e9b00000|100%| E|CS|TAMS 0x00000000e9a00000| PB 0x00000000e9a00000| Complete 
| 155|0x00000000e9b00000, 0x00000000e9c00000, 0x00000000e9c00000|100%| E|CS|TAMS 0x00000000e9b00000| PB 0x00000000e9b00000| Complete 
| 156|0x00000000e9c00000, 0x00000000e9cd1490, 0x00000000e9d00000| 81%| S|CS|TAMS 0x00000000e9c00000| PB 0x00000000e9c00000| Complete 
| 157|0x00000000e9d00000, 0x00000000e9e00000, 0x00000000e9e00000|100%| S|CS|TAMS 0x00000000e9d00000| PB 0x00000000e9d00000| Complete 
| 158|0x00000000e9e00000, 0x00000000e9f00000, 0x00000000e9f00000|100%| S|CS|TAMS 0x00000000e9e00000| PB 0x00000000e9e00000| Complete 
| 159|0x00000000e9f00000, 0x00000000ea000000, 0x00000000ea000000|100%| S|CS|TAMS 0x00000000e9f00000| PB 0x00000000e9f00000| Complete 
| 160|0x00000000ea000000, 0x00000000ea100000, 0x00000000ea100000|100%| S|CS|TAMS 0x00000000ea000000| PB 0x00000000ea000000| Complete 
| 161|0x00000000ea100000, 0x00000000ea200000, 0x00000000ea200000|100%| S|CS|TAMS 0x00000000ea100000| PB 0x00000000ea100000| Complete 
| 162|0x00000000ea200000, 0x00000000ea300000, 0x00000000ea300000|100%| S|CS|TAMS 0x00000000ea200000| PB 0x00000000ea200000| Complete 
| 163|0x00000000ea300000, 0x00000000ea400000, 0x00000000ea400000|100%| E|CS|TAMS 0x00000000ea300000| PB 0x00000000ea300000| Complete 
| 164|0x00000000ea400000, 0x00000000ea500000, 0x00000000ea500000|100%| E|CS|TAMS 0x00000000ea400000| PB 0x00000000ea400000| Complete 
| 165|0x00000000ea500000, 0x00000000ea600000, 0x00000000ea600000|100%| E|CS|TAMS 0x00000000ea500000| PB 0x00000000ea500000| Complete 
| 166|0x00000000ea600000, 0x00000000ea700000, 0x00000000ea700000|100%| E|CS|TAMS 0x00000000ea600000| PB 0x00000000ea600000| Complete 
| 167|0x00000000ea700000, 0x00000000ea800000, 0x00000000ea800000|100%| E|CS|TAMS 0x00000000ea700000| PB 0x00000000ea700000| Complete 
| 168|0x00000000ea800000, 0x00000000ea900000, 0x00000000ea900000|100%| E|CS|TAMS 0x00000000ea800000| PB 0x00000000ea800000| Complete 
| 169|0x00000000ea900000, 0x00000000eaa00000, 0x00000000eaa00000|100%| E|CS|TAMS 0x00000000ea900000| PB 0x00000000ea900000| Complete 
| 170|0x00000000eaa00000, 0x00000000eab00000, 0x00000000eab00000|100%| E|CS|TAMS 0x00000000eaa00000| PB 0x00000000eaa00000| Complete 
| 171|0x00000000eab00000, 0x00000000eac00000, 0x00000000eac00000|100%| E|CS|TAMS 0x00000000eab00000| PB 0x00000000eab00000| Complete 
| 172|0x00000000eac00000, 0x00000000ead00000, 0x00000000ead00000|100%| E|CS|TAMS 0x00000000eac00000| PB 0x00000000eac00000| Complete 
| 173|0x00000000ead00000, 0x00000000eae00000, 0x00000000eae00000|100%| E|CS|TAMS 0x00000000ead00000| PB 0x00000000ead00000| Complete 
| 174|0x00000000eae00000, 0x00000000eaf00000, 0x00000000eaf00000|100%| E|CS|TAMS 0x00000000eae00000| PB 0x00000000eae00000| Complete 
| 175|0x00000000eaf00000, 0x00000000eb000000, 0x00000000eb000000|100%| E|CS|TAMS 0x00000000eaf00000| PB 0x00000000eaf00000| Complete 
| 176|0x00000000eb000000, 0x00000000eb100000, 0x00000000eb100000|100%| E|CS|TAMS 0x00000000eb000000| PB 0x00000000eb000000| Complete 
| 177|0x00000000eb100000, 0x00000000eb200000, 0x00000000eb200000|100%| E|CS|TAMS 0x00000000eb100000| PB 0x00000000eb100000| Complete 
| 178|0x00000000eb200000, 0x00000000eb300000, 0x00000000eb300000|100%| E|CS|TAMS 0x00000000eb200000| PB 0x00000000eb200000| Complete 
| 179|0x00000000eb300000, 0x00000000eb400000, 0x00000000eb400000|100%| E|CS|TAMS 0x00000000eb300000| PB 0x00000000eb300000| Complete 
| 180|0x00000000eb400000, 0x00000000eb500000, 0x00000000eb500000|100%| E|CS|TAMS 0x00000000eb400000| PB 0x00000000eb400000| Complete 
| 181|0x00000000eb500000, 0x00000000eb600000, 0x00000000eb600000|100%| E|CS|TAMS 0x00000000eb500000| PB 0x00000000eb500000| Complete 
| 182|0x00000000eb600000, 0x00000000eb700000, 0x00000000eb700000|100%| E|CS|TAMS 0x00000000eb600000| PB 0x00000000eb600000| Complete 
| 183|0x00000000eb700000, 0x00000000eb800000, 0x00000000eb800000|100%| E|CS|TAMS 0x00000000eb700000| PB 0x00000000eb700000| Complete 
| 184|0x00000000eb800000, 0x00000000eb900000, 0x00000000eb900000|100%| E|CS|TAMS 0x00000000eb800000| PB 0x00000000eb800000| Complete 
| 185|0x00000000eb900000, 0x00000000eba00000, 0x00000000eba00000|100%| E|CS|TAMS 0x00000000eb900000| PB 0x00000000eb900000| Complete 
| 186|0x00000000eba00000, 0x00000000ebb00000, 0x00000000ebb00000|100%| E|CS|TAMS 0x00000000eba00000| PB 0x00000000eba00000| Complete 
| 187|0x00000000ebb00000, 0x00000000ebc00000, 0x00000000ebc00000|100%| E|CS|TAMS 0x00000000ebb00000| PB 0x00000000ebb00000| Complete 
| 188|0x00000000ebc00000, 0x00000000ebd00000, 0x00000000ebd00000|100%| E|CS|TAMS 0x00000000ebc00000| PB 0x00000000ebc00000| Complete 
| 189|0x00000000ebd00000, 0x00000000ebe00000, 0x00000000ebe00000|100%| E|CS|TAMS 0x00000000ebd00000| PB 0x00000000ebd00000| Complete 
| 190|0x00000000ebe00000, 0x00000000ebf00000, 0x00000000ebf00000|100%| E|CS|TAMS 0x00000000ebe00000| PB 0x00000000ebe00000| Complete 
| 191|0x00000000ebf00000, 0x00000000ec000000, 0x00000000ec000000|100%| E|CS|TAMS 0x00000000ebf00000| PB 0x00000000ebf00000| Complete 
| 192|0x00000000ec000000, 0x00000000ec100000, 0x00000000ec100000|100%| E|CS|TAMS 0x00000000ec000000| PB 0x00000000ec000000| Complete 
| 193|0x00000000ec100000, 0x00000000ec200000, 0x00000000ec200000|100%| E|CS|TAMS 0x00000000ec100000| PB 0x00000000ec100000| Complete 
| 194|0x00000000ec200000, 0x00000000ec300000, 0x00000000ec300000|100%| E|CS|TAMS 0x00000000ec200000| PB 0x00000000ec200000| Complete 
| 195|0x00000000ec300000, 0x00000000ec400000, 0x00000000ec400000|100%| E|CS|TAMS 0x00000000ec300000| PB 0x00000000ec300000| Complete 
| 196|0x00000000ec400000, 0x00000000ec500000, 0x00000000ec500000|100%| E|CS|TAMS 0x00000000ec400000| PB 0x00000000ec400000| Complete 
| 197|0x00000000ec500000, 0x00000000ec600000, 0x00000000ec600000|100%| E|CS|TAMS 0x00000000ec500000| PB 0x00000000ec500000| Complete 
| 198|0x00000000ec600000, 0x00000000ec700000, 0x00000000ec700000|100%| E|CS|TAMS 0x00000000ec600000| PB 0x00000000ec600000| Complete 
| 199|0x00000000ec700000, 0x00000000ec800000, 0x00000000ec800000|100%| E|CS|TAMS 0x00000000ec700000| PB 0x00000000ec700000| Complete 
| 200|0x00000000ec800000, 0x00000000ec900000, 0x00000000ec900000|100%| E|CS|TAMS 0x00000000ec800000| PB 0x00000000ec800000| Complete 
| 201|0x00000000ec900000, 0x00000000eca00000, 0x00000000eca00000|100%| E|CS|TAMS 0x00000000ec900000| PB 0x00000000ec900000| Complete 
| 202|0x00000000eca00000, 0x00000000ecb00000, 0x00000000ecb00000|100%| E|CS|TAMS 0x00000000eca00000| PB 0x00000000eca00000| Complete 
| 203|0x00000000ecb00000, 0x00000000ecc00000, 0x00000000ecc00000|100%| E|CS|TAMS 0x00000000ecb00000| PB 0x00000000ecb00000| Complete 
| 204|0x00000000ecc00000, 0x00000000ecd00000, 0x00000000ecd00000|100%| E|CS|TAMS 0x00000000ecc00000| PB 0x00000000ecc00000| Complete 
| 205|0x00000000ecd00000, 0x00000000ece00000, 0x00000000ece00000|100%| E|CS|TAMS 0x00000000ecd00000| PB 0x00000000ecd00000| Complete 
| 206|0x00000000ece00000, 0x00000000ecf00000, 0x00000000ecf00000|100%| E|CS|TAMS 0x00000000ece00000| PB 0x00000000ece00000| Complete 
| 207|0x00000000ecf00000, 0x00000000ed000000, 0x00000000ed000000|100%| E|CS|TAMS 0x00000000ecf00000| PB 0x00000000ecf00000| Complete 
| 208|0x00000000ed000000, 0x00000000ed100000, 0x00000000ed100000|100%| E|CS|TAMS 0x00000000ed000000| PB 0x00000000ed000000| Complete 
| 209|0x00000000ed100000, 0x00000000ed200000, 0x00000000ed200000|100%| E|CS|TAMS 0x00000000ed100000| PB 0x00000000ed100000| Complete 
| 210|0x00000000ed200000, 0x00000000ed300000, 0x00000000ed300000|100%| E|CS|TAMS 0x00000000ed200000| PB 0x00000000ed200000| Complete 
| 211|0x00000000ed300000, 0x00000000ed400000, 0x00000000ed400000|100%| E|CS|TAMS 0x00000000ed300000| PB 0x00000000ed300000| Complete 
| 212|0x00000000ed400000, 0x00000000ed500000, 0x00000000ed500000|100%| E|CS|TAMS 0x00000000ed400000| PB 0x00000000ed400000| Complete 
| 213|0x00000000ed500000, 0x00000000ed600000, 0x00000000ed600000|100%| E|CS|TAMS 0x00000000ed500000| PB 0x00000000ed500000| Complete 
| 214|0x00000000ed600000, 0x00000000ed700000, 0x00000000ed700000|100%| E|CS|TAMS 0x00000000ed600000| PB 0x00000000ed600000| Complete 
| 215|0x00000000ed700000, 0x00000000ed800000, 0x00000000ed800000|100%| E|CS|TAMS 0x00000000ed700000| PB 0x00000000ed700000| Complete 
| 216|0x00000000ed800000, 0x00000000ed900000, 0x00000000ed900000|100%| E|CS|TAMS 0x00000000ed800000| PB 0x00000000ed800000| Complete 
| 217|0x00000000ed900000, 0x00000000eda00000, 0x00000000eda00000|100%| E|CS|TAMS 0x00000000ed900000| PB 0x00000000ed900000| Complete 
| 218|0x00000000eda00000, 0x00000000edb00000, 0x00000000edb00000|100%| E|CS|TAMS 0x00000000eda00000| PB 0x00000000eda00000| Complete 
| 219|0x00000000edb00000, 0x00000000edc00000, 0x00000000edc00000|100%| E|CS|TAMS 0x00000000edb00000| PB 0x00000000edb00000| Complete 
| 220|0x00000000edc00000, 0x00000000edd00000, 0x00000000edd00000|100%| E|CS|TAMS 0x00000000edc00000| PB 0x00000000edc00000| Complete 
| 221|0x00000000edd00000, 0x00000000ede00000, 0x00000000ede00000|100%| E|CS|TAMS 0x00000000edd00000| PB 0x00000000edd00000| Complete 
| 222|0x00000000ede00000, 0x00000000edf00000, 0x00000000edf00000|100%| E|CS|TAMS 0x00000000ede00000| PB 0x00000000ede00000| Complete 
| 223|0x00000000edf00000, 0x00000000ee000000, 0x00000000ee000000|100%| E|CS|TAMS 0x00000000edf00000| PB 0x00000000edf00000| Complete 
| 224|0x00000000ee000000, 0x00000000ee100000, 0x00000000ee100000|100%| E|CS|TAMS 0x00000000ee000000| PB 0x00000000ee000000| Complete 
| 225|0x00000000ee100000, 0x00000000ee200000, 0x00000000ee200000|100%| E|CS|TAMS 0x00000000ee100000| PB 0x00000000ee100000| Complete 
| 226|0x00000000ee200000, 0x00000000ee300000, 0x00000000ee300000|100%| E|CS|TAMS 0x00000000ee200000| PB 0x00000000ee200000| Complete 
| 227|0x00000000ee300000, 0x00000000ee400000, 0x00000000ee400000|100%| E|CS|TAMS 0x00000000ee300000| PB 0x00000000ee300000| Complete 
| 228|0x00000000ee400000, 0x00000000ee500000, 0x00000000ee500000|100%| E|CS|TAMS 0x00000000ee400000| PB 0x00000000ee400000| Complete 
| 229|0x00000000ee500000, 0x00000000ee600000, 0x00000000ee600000|100%| E|CS|TAMS 0x00000000ee500000| PB 0x00000000ee500000| Complete 
| 230|0x00000000ee600000, 0x00000000ee700000, 0x00000000ee700000|100%| E|CS|TAMS 0x00000000ee600000| PB 0x00000000ee600000| Complete 
| 231|0x00000000ee700000, 0x00000000ee800000, 0x00000000ee800000|100%| E|CS|TAMS 0x00000000ee700000| PB 0x00000000ee700000| Complete 
| 232|0x00000000ee800000, 0x00000000ee900000, 0x00000000ee900000|100%| E|CS|TAMS 0x00000000ee800000| PB 0x00000000ee800000| Complete 
| 233|0x00000000ee900000, 0x00000000eea00000, 0x00000000eea00000|100%| E|CS|TAMS 0x00000000ee900000| PB 0x00000000ee900000| Complete 
| 234|0x00000000eea00000, 0x00000000eeb00000, 0x00000000eeb00000|100%| E|CS|TAMS 0x00000000eea00000| PB 0x00000000eea00000| Complete 
| 235|0x00000000eeb00000, 0x00000000eec00000, 0x00000000eec00000|100%| E|CS|TAMS 0x00000000eeb00000| PB 0x00000000eeb00000| Complete 
| 236|0x00000000eec00000, 0x00000000eed00000, 0x00000000eed00000|100%| E|CS|TAMS 0x00000000eec00000| PB 0x00000000eec00000| Complete 
| 237|0x00000000eed00000, 0x00000000eee00000, 0x00000000eee00000|100%| E|CS|TAMS 0x00000000eed00000| PB 0x00000000eed00000| Complete 
| 238|0x00000000eee00000, 0x00000000eef00000, 0x00000000eef00000|100%| E|CS|TAMS 0x00000000eee00000| PB 0x00000000eee00000| Complete 
| 239|0x00000000eef00000, 0x00000000ef000000, 0x00000000ef000000|100%| E|CS|TAMS 0x00000000eef00000| PB 0x00000000eef00000| Complete 
| 240|0x00000000ef000000, 0x00000000ef100000, 0x00000000ef100000|100%| E|CS|TAMS 0x00000000ef000000| PB 0x00000000ef000000| Complete 
| 241|0x00000000ef100000, 0x00000000ef200000, 0x00000000ef200000|100%| E|CS|TAMS 0x00000000ef100000| PB 0x00000000ef100000| Complete 
| 242|0x00000000ef200000, 0x00000000ef300000, 0x00000000ef300000|100%| E|CS|TAMS 0x00000000ef200000| PB 0x00000000ef200000| Complete 
| 243|0x00000000ef300000, 0x00000000ef400000, 0x00000000ef400000|100%| E|CS|TAMS 0x00000000ef300000| PB 0x00000000ef300000| Complete 
| 244|0x00000000ef400000, 0x00000000ef500000, 0x00000000ef500000|100%| E|CS|TAMS 0x00000000ef400000| PB 0x00000000ef400000| Complete 
| 245|0x00000000ef500000, 0x00000000ef600000, 0x00000000ef600000|100%| E|CS|TAMS 0x00000000ef500000| PB 0x00000000ef500000| Complete 
| 246|0x00000000ef600000, 0x00000000ef700000, 0x00000000ef700000|100%| E|CS|TAMS 0x00000000ef600000| PB 0x00000000ef600000| Complete 
| 247|0x00000000ef700000, 0x00000000ef800000, 0x00000000ef800000|100%| E|CS|TAMS 0x00000000ef700000| PB 0x00000000ef700000| Complete 
| 248|0x00000000ef800000, 0x00000000ef900000, 0x00000000ef900000|100%| E|CS|TAMS 0x00000000ef800000| PB 0x00000000ef800000| Complete 
| 249|0x00000000ef900000, 0x00000000efa00000, 0x00000000efa00000|100%| E|CS|TAMS 0x00000000ef900000| PB 0x00000000ef900000| Complete 
| 250|0x00000000efa00000, 0x00000000efb00000, 0x00000000efb00000|100%| E|CS|TAMS 0x00000000efa00000| PB 0x00000000efa00000| Complete 
| 251|0x00000000efb00000, 0x00000000efc00000, 0x00000000efc00000|100%| E|CS|TAMS 0x00000000efb00000| PB 0x00000000efb00000| Complete 
| 252|0x00000000efc00000, 0x00000000efd00000, 0x00000000efd00000|100%| E|CS|TAMS 0x00000000efc00000| PB 0x00000000efc00000| Complete 
| 253|0x00000000efd00000, 0x00000000efe00000, 0x00000000efe00000|100%| E|CS|TAMS 0x00000000efd00000| PB 0x00000000efd00000| Complete 
| 254|0x00000000efe00000, 0x00000000eff00000, 0x00000000eff00000|100%| E|CS|TAMS 0x00000000efe00000| PB 0x00000000efe00000| Complete 
| 255|0x00000000eff00000, 0x00000000f0000000, 0x00000000f0000000|100%| E|CS|TAMS 0x00000000eff00000| PB 0x00000000eff00000| Complete 

Card table byte_map: [0x000001bc6bd50000,0x000001bc6be50000] _byte_map_base: 0x000001bc6b650000

Marking Bits: (CMBitMap*) 0x000001bc548e8520
 Bits: [0x000001bc6be50000, 0x000001bc6c650000)

Polling page: 0x000001bc52790000

Metaspace:

Usage:
  Non-class:     41.04 MB used.
      Class:      6.81 MB used.
       Both:     47.85 MB used.

Virtual space:
  Non-class space:       64.00 MB reserved,      41.88 MB ( 65%) committed,  1 nodes.
      Class space:      320.00 MB reserved,       7.62 MB (  2%) committed,  1 nodes.
             Both:      384.00 MB reserved,      49.50 MB ( 13%) committed. 

Chunk freelists:
   Non-Class:  5.81 MB
       Class:  8.26 MB
        Both:  14.07 MB

MaxMetaspaceSize: 384.00 MB
CompressedClassSpaceSize: 320.00 MB
Initial GC threshold: 21.00 MB
Current GC threshold: 58.88 MB
CDS: on
 - commit_granule_bytes: 65536.
 - commit_granule_words: 8192.
 - virtual_space_node_default_size: 8388608.
 - enlarge_chunks_in_place: 1.
 - use_allocation_guard: 0.


Internal statistics:

num_allocs_failed_limit: 6.
num_arena_births: 3036.
num_arena_deaths: 0.
num_vsnodes_births: 2.
num_vsnodes_deaths: 0.
num_space_committed: 792.
num_space_uncommitted: 0.
num_chunks_returned_to_freelist: 6.
num_chunks_taken_from_freelist: 5383.
num_chunk_merges: 6.
num_chunk_splits: 3458.
num_chunks_enlarged: 2092.
num_inconsistent_stats: 0.

CodeHeap 'non-profiled nmethods': size=120000Kb used=3188Kb max_used=3188Kb free=116811Kb
 bounds [0x000001bc64820000, 0x000001bc64b40000, 0x000001bc6bd50000]
CodeHeap 'profiled nmethods': size=120000Kb used=9849Kb max_used=9849Kb free=110150Kb
 bounds [0x000001bc5cd50000, 0x000001bc5d6f0000, 0x000001bc64280000]
CodeHeap 'non-nmethods': size=5760Kb used=2727Kb max_used=2786Kb free=3032Kb
 bounds [0x000001bc64280000, 0x000001bc64550000, 0x000001bc64820000]
 total_blobs=5900 nmethods=5040 adapters=763
 compilation: enabled
              stopped_count=0, restarted_count=0
 full_count=0

Compilation events (20 events):
Event: 31.541 Thread 0x000001bc6ec7e850 5530       3       java.lang.invoke.LambdaForm$DMH/0x000001bc010a8000::invokeInterface (28 bytes)
Event: 31.541 Thread 0x000001bc6ec7e850 nmethod 5530 0x000001bc5d6e5290 code [0x000001bc5d6e5480, 0x000001bc5d6e5c18]
Event: 31.542 Thread 0x000001bc6ec7e850 5531       3       com.google.common.collect.ImmutableList::copyOf (44 bytes)
Event: 31.543 Thread 0x000001bc6ec7e850 nmethod 5531 0x000001bc5d6e5d90 code [0x000001bc5d6e6000, 0x000001bc5d6e69d8]
Event: 31.551 Thread 0x000001bc6ec634b0 nmethod 5529 0x000001bc64b34d90 code [0x000001bc64b35040, 0x000001bc64b36190]
Event: 31.582 Thread 0x000001bc6ec634b0 5532       4       java.lang.ReflectiveOperationException::<init> (7 bytes)
Event: 31.587 Thread 0x000001bc6ec634b0 nmethod 5532 0x000001bc64b36f10 code [0x000001bc64b370e0, 0x000001bc64b37920]
Event: 31.617 Thread 0x000001bc6ec7e850 5533       3       java.util.stream.AbstractPipeline::exactOutputSizeIfKnown (86 bytes)
Event: 31.618 Thread 0x000001bc6ec7e850 nmethod 5533 0x000001bc5d6e6d10 code [0x000001bc5d6e6f00, 0x000001bc5d6e7588]
Event: 31.622 Thread 0x000001bc6ec634b0 5534   !   4       java.util.concurrent.ConcurrentHashMap::computeIfAbsent (576 bytes)
Event: 31.623 Thread 0x000001bc6ec7e850 5535       1       java.nio.channels.FileLock::position (5 bytes)
Event: 31.623 Thread 0x000001bc6ec7e850 nmethod 5535 0x000001bc64b37a90 code [0x000001bc64b37c20, 0x000001bc64b37ce8]
Event: 31.623 Thread 0x000001bc6ec7e850 5536       1       java.nio.channels.FileLock::size (5 bytes)
Event: 31.623 Thread 0x000001bc6ec7e850 nmethod 5536 0x000001bc64b37d90 code [0x000001bc64b37f20, 0x000001bc64b37fe8]
Event: 31.624 Thread 0x000001bc6ec7e850 5537       3       java.nio.MappedByteBuffer::position (6 bytes)
Event: 31.624 Thread 0x000001bc6ec7e850 nmethod 5537 0x000001bc5d6e7810 code [0x000001bc5d6e79c0, 0x000001bc5d6e7bd0]
Event: 31.651 Thread 0x000001bc6ec7e850 5541       3       java.util.regex.Pattern::range (294 bytes)
Event: 31.652 Thread 0x000001bc6ec7e850 nmethod 5541 0x000001bc5d6e7d10 code [0x000001bc5d6e8140, 0x000001bc5d6e98f0]
Event: 31.653 Thread 0x000001bc6ec634b0 nmethod 5534 0x000001bc64b38090 code [0x000001bc64b38340, 0x000001bc64b39c00]
Event: 31.654 Thread 0x000001bc6ec634b0 5540       4       java.util.regex.Pattern::compile (537 bytes)

GC Heap History (10 events):
Event: 0.995 GC heap before
{Heap before GC invocations=0 (full 0):
 garbage-first heap   total 262144K, used 13312K [0x00000000e0000000, 0x0000000100000000)
  region size 1024K, 13 young (13312K), 0 survivors (0K)
 Metaspace       used 857K, committed 1024K, reserved 393216K
  class space    used 72K, committed 128K, reserved 327680K
}
Event: 1.000 GC heap after
{Heap after GC invocations=1 (full 0):
 garbage-first heap   total 262144K, used 1472K [0x00000000e0000000, 0x0000000100000000)
  region size 1024K, 2 young (2048K), 2 survivors (2048K)
 Metaspace       used 857K, committed 1024K, reserved 393216K
  class space    used 72K, committed 128K, reserved 327680K
}
Event: 2.591 GC heap before
{Heap before GC invocations=1 (full 0):
 garbage-first heap   total 262144K, used 21952K [0x00000000e0000000, 0x0000000100000000)
  region size 1024K, 20 young (20480K), 2 survivors (2048K)
 Metaspace       used 2722K, committed 2880K, reserved 393216K
  class space    used 302K, committed 384K, reserved 327680K
}
Event: 2.594 GC heap after
{Heap after GC invocations=2 (full 0):
 garbage-first heap   total 262144K, used 9538K [0x00000000e0000000, 0x0000000100000000)
  region size 1024K, 3 young (3072K), 3 survivors (3072K)
 Metaspace       used 2722K, committed 2880K, reserved 393216K
  class space    used 302K, committed 384K, reserved 327680K
}
Event: 15.448 GC heap before
{Heap before GC invocations=2 (full 0):
 garbage-first heap   total 262144K, used 164162K [0x00000000e0000000, 0x0000000100000000)
  region size 1024K, 153 young (156672K), 3 survivors (3072K)
 Metaspace       used 20061K, committed 20672K, reserved 393216K
  class space    used 2862K, committed 3136K, reserved 327680K
}
Event: 15.464 GC heap after
{Heap after GC invocations=3 (full 0):
 garbage-first heap   total 262144K, used 23128K [0x00000000e0000000, 0x0000000100000000)
  region size 1024K, 16 young (16384K), 16 survivors (16384K)
 Metaspace       used 20061K, committed 20672K, reserved 393216K
  class space    used 2862K, committed 3136K, reserved 327680K
}
Event: 15.985 GC heap before
{Heap before GC invocations=3 (full 0):
 garbage-first heap   total 262144K, used 29272K [0x00000000e0000000, 0x0000000100000000)
  region size 1024K, 23 young (23552K), 16 survivors (16384K)
 Metaspace       used 20844K, committed 21504K, reserved 393216K
  class space    used 2975K, committed 3264K, reserved 327680K
}
Event: 15.998 GC heap after
{Heap after GC invocations=4 (full 0):
 garbage-first heap   total 262144K, used 24918K [0x00000000e0000000, 0x0000000100000000)
  region size 1024K, 2 young (2048K), 2 survivors (2048K)
 Metaspace       used 20844K, committed 21504K, reserved 393216K
  class space    used 2975K, committed 3264K, reserved 327680K
}
Event: 21.989 GC heap before
{Heap before GC invocations=5 (full 0):
 garbage-first heap   total 262144K, used 117078K [0x00000000e0000000, 0x0000000100000000)
  region size 1024K, 93 young (95232K), 2 survivors (2048K)
 Metaspace       used 34668K, committed 35968K, reserved 393216K
  class space    used 5013K, committed 5632K, reserved 327680K
}
Event: 21.998 GC heap after
{Heap after GC invocations=6 (full 0):
 garbage-first heap   total 262144K, used 29896K [0x00000000e0000000, 0x0000000100000000)
  region size 1024K, 7 young (7168K), 7 survivors (7168K)
 Metaspace       used 34668K, committed 35968K, reserved 393216K
  class space    used 5013K, committed 5632K, reserved 327680K
}

Dll operation events (15 events):
Event: 0.059 Loaded shared library C:\Program Files\Java\jdk-21\bin\java.dll
Event: 0.191 Loaded shared library C:\Program Files\Java\jdk-21\bin\jsvml.dll
Event: 0.283 Loaded shared library C:\Program Files\Java\jdk-21\bin\zip.dll
Event: 0.290 Loaded shared library C:\Program Files\Java\jdk-21\bin\instrument.dll
Event: 0.296 Loaded shared library C:\Program Files\Java\jdk-21\bin\net.dll
Event: 0.303 Loaded shared library C:\Program Files\Java\jdk-21\bin\nio.dll
Event: 0.308 Loaded shared library C:\Program Files\Java\jdk-21\bin\zip.dll
Event: 1.380 Loaded shared library C:\Program Files\Java\jdk-21\bin\jimage.dll
Event: 2.043 Loaded shared library C:\Program Files\Java\jdk-21\bin\verify.dll
Event: 2.580 Loaded shared library C:\Users\myh77\.gradle\native\c067742578af261105cb4f569cf0c3c89f3d7b1fecec35dd04571415982c5e48\windows-amd64\native-platform.dll
Event: 2.589 Loaded shared library C:\Users\myh77\.gradle\native\100fb08df4bc3b14c8652ba06237920a3bd2aa13389f12d3474272988ae205f9\windows-amd64\native-platform-file-events.dll
Event: 8.743 Loaded shared library C:\Program Files\Java\jdk-21\bin\management.dll
Event: 8.748 Loaded shared library C:\Program Files\Java\jdk-21\bin\management_ext.dll
Event: 9.207 Loaded shared library C:\Program Files\Java\jdk-21\bin\extnet.dll
Event: 9.573 Loaded shared library C:\Program Files\Java\jdk-21\bin\sunmscapi.dll

Deoptimization events (20 events):
Event: 31.304 Thread 0x000001bc74cd73c0 Uncommon trap: trap_request=0xffffffc6 fr.pc=0x000001bc649f06ec relative=0x000000000000030c
Event: 31.304 Thread 0x000001bc74cd73c0 Uncommon trap: reason=bimorphic_or_optimized_type_check action=maybe_recompile pc=0x000001bc649f06ec method=com.google.common.base.CharMatcher.indexIn(Ljava/lang/CharSequence;I)I @ 31 c2
Event: 31.304 Thread 0x000001bc74cd73c0 DEOPT PACKING pc=0x000001bc649f06ec sp=0x000000507eef8770
Event: 31.304 Thread 0x000001bc74cd73c0 DEOPT UNPACKING pc=0x000001bc642d46a2 sp=0x000000507eef8718 mode 2
Event: 31.305 Thread 0x000001bc74cd73c0 Uncommon trap: trap_request=0xffffffc6 fr.pc=0x000001bc649f06ec relative=0x000000000000030c
Event: 31.305 Thread 0x000001bc74cd73c0 Uncommon trap: reason=bimorphic_or_optimized_type_check action=maybe_recompile pc=0x000001bc649f06ec method=com.google.common.base.CharMatcher.indexIn(Ljava/lang/CharSequence;I)I @ 31 c2
Event: 31.305 Thread 0x000001bc74cd73c0 DEOPT PACKING pc=0x000001bc649f06ec sp=0x000000507eef8760
Event: 31.305 Thread 0x000001bc74cd73c0 DEOPT UNPACKING pc=0x000001bc642d46a2 sp=0x000000507eef8708 mode 2
Event: 31.314 Thread 0x000001bc74cd73c0 Uncommon trap: trap_request=0xffffffc6 fr.pc=0x000001bc649f06ec relative=0x000000000000030c
Event: 31.314 Thread 0x000001bc74cd73c0 Uncommon trap: reason=bimorphic_or_optimized_type_check action=maybe_recompile pc=0x000001bc649f06ec method=com.google.common.base.CharMatcher.indexIn(Ljava/lang/CharSequence;I)I @ 31 c2
Event: 31.314 Thread 0x000001bc74cd73c0 DEOPT PACKING pc=0x000001bc649f06ec sp=0x000000507eef8760
Event: 31.314 Thread 0x000001bc74cd73c0 DEOPT UNPACKING pc=0x000001bc642d46a2 sp=0x000000507eef8708 mode 2
Event: 31.467 Thread 0x000001bc74cd73c0 Uncommon trap: trap_request=0xffffffc6 fr.pc=0x000001bc649f06ec relative=0x000000000000030c
Event: 31.467 Thread 0x000001bc74cd73c0 Uncommon trap: reason=bimorphic_or_optimized_type_check action=maybe_recompile pc=0x000001bc649f06ec method=com.google.common.base.CharMatcher.indexIn(Ljava/lang/CharSequence;I)I @ 31 c2
Event: 31.467 Thread 0x000001bc74cd73c0 DEOPT PACKING pc=0x000001bc649f06ec sp=0x000000507eef9490
Event: 31.467 Thread 0x000001bc74cd73c0 DEOPT UNPACKING pc=0x000001bc642d46a2 sp=0x000000507eef9438 mode 2
Event: 31.669 Thread 0x000001bc74cd73c0 Uncommon trap: trap_request=0xffffffcc fr.pc=0x000001bc64a7932c relative=0x00000000000045cc
Event: 31.669 Thread 0x000001bc74cd73c0 Uncommon trap: reason=intrinsic_or_type_checked_inlining action=make_not_entrant pc=0x000001bc64a7932c method=java.util.ArrayList$SubList.toArray([Ljava/lang/Object;)[Ljava/lang/Object; @ 58 c2
Event: 31.669 Thread 0x000001bc74cd73c0 DEOPT PACKING pc=0x000001bc64a7932c sp=0x000000507eef7c80
Event: 31.669 Thread 0x000001bc74cd73c0 DEOPT UNPACKING pc=0x000001bc642d46a2 sp=0x000000507eef7b30 mode 2

Classes loaded (20 events):
Event: 28.274 Loading class java/util/function/LongUnaryOperator
Event: 28.274 Loading class java/util/function/LongUnaryOperator done
Event: 29.423 Loading class javax/net/ssl/HostnameVerifier
Event: 29.424 Loading class javax/net/ssl/HostnameVerifier done
Event: 29.429 Loading class javax/net/ssl/TrustManager
Event: 29.429 Loading class javax/net/ssl/TrustManager done
Event: 29.430 Loading class javax/net/ssl/X509TrustManager
Event: 29.430 Loading class javax/net/ssl/X509TrustManager done
Event: 29.660 Loading class javax/net/ssl/SSLException
Event: 29.660 Loading class javax/net/ssl/SSLException done
Event: 29.660 Loading class javax/net/ssl/SSLPeerUnverifiedException
Event: 29.661 Loading class javax/net/ssl/SSLPeerUnverifiedException done
Event: 29.661 Loading class java/security/cert/CertificateParsingException
Event: 29.662 Loading class java/security/cert/CertificateException
Event: 29.663 Loading class java/security/cert/CertificateException done
Event: 29.663 Loading class java/security/cert/CertificateParsingException done
Event: 29.663 Loading class javax/naming/NamingException
Event: 29.663 Loading class javax/naming/NamingException done
Event: 29.663 Loading class javax/naming/InvalidNameException
Event: 29.663 Loading class javax/naming/InvalidNameException done

Classes unloaded (0 events):
No events

Classes redefined (0 events):
No events

Internal exceptions (20 events):
Event: 26.963 Thread 0x000001bc74cd73c0 Exception <a 'java/lang/ClassNotFoundException'{0x00000000ea61f198}: org/gradle/initialization/DefaultSettingsBeanInfo> (0x00000000ea61f198) 
thrown [s\open\src\hotspot\share\classfile\systemDictionary.cpp, line 312]
Event: 26.963 Thread 0x000001bc74cd73c0 Exception <a 'java/lang/ClassNotFoundException'{0x00000000ea62d190}: org/gradle/initialization/DefaultSettingsCustomizer> (0x00000000ea62d190) 
thrown [s\open\src\hotspot\share\classfile\systemDictionary.cpp, line 312]
Event: 26.967 Thread 0x000001bc74cd73c0 Exception <a 'java/lang/ClassNotFoundException'{0x00000000ea679168}: org/gradle/initialization/DefaultSettings_DecoratedCustomizer> (0x00000000ea679168) 
thrown [s\open\src\hotspot\share\classfile\systemDictionary.cpp, line 312]
Event: 26.973 Thread 0x000001bc74cd73c0 Exception <a 'java/lang/ClassNotFoundException'{0x00000000ea6f23f0}: org/gradle/initialization/DefaultProjectDescriptorBeanInfo> (0x00000000ea6f23f0) 
thrown [s\open\src\hotspot\share\classfile\systemDictionary.cpp, line 312]
Event: 26.974 Thread 0x000001bc74cd73c0 Exception <a 'java/lang/ClassNotFoundException'{0x00000000ea6ffb60}: org/gradle/initialization/DefaultProjectDescriptorCustomizer> (0x00000000ea6ffb60) 
thrown [s\open\src\hotspot\share\classfile\systemDictionary.cpp, line 312]
Event: 28.275 Thread 0x000001bc74cd73c0 Exception <a 'java/lang/NoSuchMethodError'{0x00000000e8e213d0}: 'long java.lang.invoke.DirectMethodHandle$Holder.invokeStatic(java.lang.Object, long)'> (0x00000000e8e213d0) 
thrown [s\open\src\hotspot\share\interpreter\linkResolver.cpp, line 773]
Event: 28.319 Thread 0x000001bc74cd73c0 Implicit null exception at 0x000001bc64ac844c to 0x000001bc64ac8798
Event: 28.537 Thread 0x000001bc74cd73c0 Exception <a 'java/lang/NoSuchMethodError'{0x00000000e8cdc7f0}: 'java.lang.Object java.lang.invoke.DirectMethodHandle$Holder.invokeInterface(java.lang.Object, java.lang.Object, int)'> (0x00000000e8cdc7f0) 
thrown [s\open\src\hotspot\share\interpreter\linkResolver.cpp, line 773]
Event: 29.414 Thread 0x000001bc74cd73c0 Exception <a 'java/lang/NoSuchMethodError'{0x00000000e85ac6b0}: 'java.lang.Object java.lang.invoke.DirectMethodHandle$Holder.invokeVirtual(java.lang.Object, java.lang.Object, java.lang.Object, java.lang.Object, java.lang.Object, java.lang.Object, java.lang.Object, java.lang.Object, java.lang.Object, java.lang.Object, java.lang.Object, java.lang.Object, java.lang.Object, java.lang.Object, java.lang.Object, java.lang.Object, java.lang.Object)'> (0x00000000e85ac6b0) 
thrown [s\open\src\hotspot\share\interpret
Event: 29.414 Thread 0x000001bc74cd73c0 Exception <a 'java/lang/NoSuchMethodError'{0x00000000e85b26e8}: 'java.lang.Object java.lang.invoke.DirectMethodHandle$Holder.invokeSpecial(java.lang.Object, java.lang.Object, java.lang.Object, java.lang.Object, java.lang.Object, java.lang.Object, java.lang.Object, java.lang.Object, java.lang.Object, java.lang.Object, java.lang.Object, java.lang.Object, java.lang.Object, java.lang.Object, java.lang.Object, java.lang.Object, java.lang.Object, java.lang.Object)'> (0x00000000e85b26e8) 
thrown [s\open\src\hotsp
Event: 29.415 Thread 0x000001bc74cd73c0 Exception <a 'java/lang/NoSuchMethodError'{0x00000000e85b7cb0}: 'java.lang.Object java.lang.invoke.DelegatingMethodHandle$Holder.reinvoke_L(java.lang.Object, java.lang.Object, java.lang.Object, java.lang.Object, java.lang.Object, java.lang.Object, java.lang.Object, java.lang.Object, java.lang.Object, java.lang.Object, java.lang.Object, java.lang.Object, java.lang.Object, java.lang.Object, java.lang.Object, java.lang.Object, java.lang.Object)'> (0x00000000e85b7cb0) 
thrown [s\open\src\hotspot\share\interpre
Event: 31.226 Thread 0x000001bc74cd73c0 Exception <a 'java/lang/ClassNotFoundException'{0x00000000e82febf8}: build_b511kvxg0cc60rusmgmvygotkBeanInfo> (0x00000000e82febf8) 
thrown [s\open\src\hotspot\share\classfile\systemDictionary.cpp, line 312]
Event: 31.226 Thread 0x000001bc74cd73c0 Exception <a 'java/lang/ClassNotFoundException'{0x00000000e8108980}: org/gradle/api/internal/project/ProjectScriptBeanInfo> (0x00000000e8108980) 
thrown [s\open\src\hotspot\share\classfile\systemDictionary.cpp, line 312]
Event: 31.227 Thread 0x000001bc74cd73c0 Exception <a 'java/lang/ClassNotFoundException'{0x00000000e81122b8}: org/gradle/api/internal/project/ProjectScriptCustomizer> (0x00000000e81122b8) 
thrown [s\open\src\hotspot\share\classfile\systemDictionary.cpp, line 312]
Event: 31.229 Thread 0x000001bc74cd73c0 Exception <a 'java/lang/ClassNotFoundException'{0x00000000e81298b0}: build_b511kvxg0cc60rusmgmvygotkCustomizer> (0x00000000e81298b0) 
thrown [s\open\src\hotspot\share\classfile\systemDictionary.cpp, line 312]
Event: 31.242 Thread 0x000001bc74cd73c0 Exception <a 'java/lang/ClassNotFoundException'{0x00000000e81a43a8}: org/gradle/plugin/use/internal/PluginRequestCollector$PluginDependenciesSpecImplBeanInfo> (0x00000000e81a43a8) 
thrown [s\open\src\hotspot\share\classfile\systemDictionary.cpp, line 312]
Event: 31.242 Thread 0x000001bc74cd73c0 Exception <a 'java/lang/ClassNotFoundException'{0x00000000e81b4140}: org/gradle/plugin/use/internal/PluginRequestCollector$PluginDependenciesSpecImplCustomizer> (0x00000000e81b4140) 
thrown [s\open\src\hotspot\share\classfile\systemDictionary.cpp, line 312]
Event: 31.244 Thread 0x000001bc74cd73c0 Exception <a 'java/lang/NoSuchMethodError'{0x00000000e81c1f98}: 'java.lang.Object java.lang.invoke.DirectMethodHandle$Holder.invokeVirtual(java.lang.Object, java.lang.Object, java.lang.Object, int)'> (0x00000000e81c1f98) 
thrown [s\open\src\hotspot\share\interpreter\linkResolver.cpp, line 773]
Event: 31.310 Thread 0x000001bc74cd73c0 Exception <a 'java/lang/ClassNotFoundException'{0x00000000e800a100}: org/gradle/plugin/use/internal/PluginRequestCollector$PluginDependencySpecImplBeanInfo> (0x00000000e800a100) 
thrown [s\open\src\hotspot\share\classfile\systemDictionary.cpp, line 312]
Event: 31.311 Thread 0x000001bc74cd73c0 Exception <a 'java/lang/ClassNotFoundException'{0x00000000e8019e48}: org/gradle/plugin/use/internal/PluginRequestCollector$PluginDependencySpecImplCustomizer> (0x00000000e8019e48) 
thrown [s\open\src\hotspot\share\classfile\systemDictionary.cpp, line 312]

ZGC Phase Switch (0 events):
No events

VM Operations (20 events):
Event: 24.977 Executing VM operation: Cleanup
Event: 25.042 Executing VM operation: Cleanup done
Event: 26.052 Executing VM operation: HandshakeAllThreads (Deoptimize)
Event: 26.052 Executing VM operation: HandshakeAllThreads (Deoptimize) done
Event: 26.052 Executing VM operation: Cleanup
Event: 26.052 Executing VM operation: Cleanup done
Event: 26.880 Executing VM operation: HandshakeAllThreads (Deoptimize)
Event: 26.880 Executing VM operation: HandshakeAllThreads (Deoptimize) done
Event: 27.128 Executing VM operation: ICBufferFull
Event: 27.128 Executing VM operation: ICBufferFull done
Event: 27.289 Executing VM operation: HandshakeAllThreads (Deoptimize)
Event: 27.289 Executing VM operation: HandshakeAllThreads (Deoptimize) done
Event: 28.304 Executing VM operation: Cleanup
Event: 28.304 Executing VM operation: Cleanup done
Event: 29.306 Executing VM operation: Cleanup
Event: 29.322 Executing VM operation: Cleanup done
Event: 30.332 Executing VM operation: Cleanup
Event: 30.332 Executing VM operation: Cleanup done
Event: 31.345 Executing VM operation: Cleanup
Event: 31.346 Executing VM operation: Cleanup done

Events (20 events):
Event: 22.036 Thread 0x000001bc6ec3d1b0 flushing nmethod 0x000001bc5cfa2590
Event: 22.036 Thread 0x000001bc6ec3d1b0 flushing nmethod 0x000001bc5cfccf10
Event: 22.036 Thread 0x000001bc6ec3d1b0 flushing nmethod 0x000001bc5d047390
Event: 22.036 Thread 0x000001bc6ec3d1b0 flushing nmethod 0x000001bc5d05ff90
Event: 22.036 Thread 0x000001bc6ec3d1b0 flushing nmethod 0x000001bc5d095090
Event: 22.036 Thread 0x000001bc6ec3d1b0 flushing nmethod 0x000001bc5d09cf10
Event: 22.036 Thread 0x000001bc6ec3d1b0 flushing nmethod 0x000001bc5d101f10
Event: 22.036 Thread 0x000001bc6ec3d1b0 flushing nmethod 0x000001bc5d14ff10
Event: 22.036 Thread 0x000001bc6ec3d1b0 flushing nmethod 0x000001bc5d171e90
Event: 22.036 Thread 0x000001bc6ec3d1b0 flushing nmethod 0x000001bc5d1cbd10
Event: 22.036 Thread 0x000001bc6ec3d1b0 flushing nmethod 0x000001bc5d1ceb90
Event: 22.395 Thread 0x000001bc73c0f9b0 Thread added: 0x000001bc73c0f9b0
Event: 22.992 Thread 0x000001bc73c0f9b0 Thread exited: 0x000001bc73c0f9b0
Event: 23.446 Thread 0x000001bc76fd14e0 Thread added: 0x000001bc76fd14e0
Event: 23.897 Thread 0x000001bc764eb1d0 Thread added: 0x000001bc764eb1d0
Event: 25.698 Thread 0x000001bc764eb1d0 Thread exited: 0x000001bc764eb1d0
Event: 26.265 Thread 0x000001bc76fd0e50 Thread added: 0x000001bc76fd0e50
Event: 26.309 Thread 0x000001bc76fd1b70 Thread added: 0x000001bc76fd1b70
Event: 26.363 Thread 0x000001bc76fd2200 Thread added: 0x000001bc76fd2200
Event: 26.600 Thread 0x000001bc76fd2890 Thread added: 0x000001bc76fd2890


Dynamic libraries:
0x00007ff7c17f0000 - 0x00007ff7c1800000 	C:\Program Files\Java\jdk-21\bin\java.exe
0x00007ff8a8bb0000 - 0x00007ff8a8da8000 	C:\WINDOWS\SYSTEM32\ntdll.dll
0x00007ff8a8740000 - 0x00007ff8a8802000 	C:\WINDOWS\System32\KERNEL32.DLL
0x00007ff8a68c0000 - 0x00007ff8a6bbf000 	C:\WINDOWS\System32\KERNELBASE.dll
0x00007ff8a6400000 - 0x00007ff8a6500000 	C:\WINDOWS\System32\ucrtbase.dll
0x00007ff8890a0000 - 0x00007ff8890bb000 	C:\Program Files\Java\jdk-21\bin\VCRUNTIME140.dll
0x00007ff889760000 - 0x00007ff889779000 	C:\Program Files\Java\jdk-21\bin\jli.dll
0x00007ff8a74e0000 - 0x00007ff8a7591000 	C:\WINDOWS\System32\ADVAPI32.dll
0x00007ff8a7440000 - 0x00007ff8a74de000 	C:\WINDOWS\System32\msvcrt.dll
0x00007ff8a8a50000 - 0x00007ff8a8aef000 	C:\WINDOWS\System32\sechost.dll
0x00007ff8a7310000 - 0x00007ff8a7433000 	C:\WINDOWS\System32\RPCRT4.dll
0x00007ff8a6840000 - 0x00007ff8a6867000 	C:\WINDOWS\System32\bcrypt.dll
0x00007ff8a7a30000 - 0x00007ff8a7bcd000 	C:\WINDOWS\System32\USER32.dll
0x00007ff8a6810000 - 0x00007ff8a6832000 	C:\WINDOWS\System32\win32u.dll
0x00007ff8a7220000 - 0x00007ff8a724b000 	C:\WINDOWS\System32\GDI32.dll
0x00007ff8a6590000 - 0x00007ff8a66a7000 	C:\WINDOWS\System32\gdi32full.dll
0x00007ff8a62f0000 - 0x00007ff8a638d000 	C:\WINDOWS\System32\msvcp_win.dll
0x00007ff895750000 - 0x00007ff8959ea000 	C:\WINDOWS\WinSxS\amd64_microsoft.windows.common-controls_6595b64144ccf1df_6.0.19041.4355_none_60b8b9eb71f62e16\COMCTL32.dll
0x00007ff89e9b0000 - 0x00007ff89e9ba000 	C:\WINDOWS\SYSTEM32\VERSION.dll
0x00007ff8a7be0000 - 0x00007ff8a7c0f000 	C:\WINDOWS\System32\IMM32.DLL
0x00007ff89fc30000 - 0x00007ff89fc3c000 	C:\Program Files\Java\jdk-21\bin\vcruntime140_1.dll
0x00007ff863470000 - 0x00007ff8634fe000 	C:\Program Files\Java\jdk-21\bin\msvcp140.dll
0x00007ff808060000 - 0x00007ff808d78000 	C:\Program Files\Java\jdk-21\bin\server\jvm.dll
0x00007ff8a79c0000 - 0x00007ff8a7a2b000 	C:\WINDOWS\System32\WS2_32.dll
0x00007ff8a57a0000 - 0x00007ff8a57eb000 	C:\WINDOWS\SYSTEM32\POWRPROF.dll
0x00007ff898010000 - 0x00007ff898037000 	C:\WINDOWS\SYSTEM32\WINMM.dll
0x00007ff8a5600000 - 0x00007ff8a5612000 	C:\WINDOWS\SYSTEM32\UMPDC.dll
0x00007ff8a4a20000 - 0x00007ff8a4a32000 	C:\WINDOWS\SYSTEM32\kernel.appcore.dll
0x00007ff89cbb0000 - 0x00007ff89cbba000 	C:\Program Files\Java\jdk-21\bin\jimage.dll
0x00007ff8a4810000 - 0x00007ff8a49f4000 	C:\WINDOWS\SYSTEM32\DBGHELP.DLL
0x00007ff88fb20000 - 0x00007ff88fb54000 	C:\WINDOWS\SYSTEM32\dbgcore.DLL
0x00007ff8a6500000 - 0x00007ff8a6582000 	C:\WINDOWS\System32\bcryptPrimitives.dll
0x00007ff889090000 - 0x00007ff88909f000 	C:\Program Files\Java\jdk-21\bin\instrument.dll
0x00007ff883830000 - 0x00007ff88384f000 	C:\Program Files\Java\jdk-21\bin\java.dll
0x00007ff8a7fd0000 - 0x00007ff8a873e000 	C:\WINDOWS\System32\SHELL32.dll
0x00007ff8a3f20000 - 0x00007ff8a46c4000 	C:\WINDOWS\SYSTEM32\windows.storage.dll
0x00007ff8a7c10000 - 0x00007ff8a7f65000 	C:\WINDOWS\System32\combase.dll
0x00007ff8a5c70000 - 0x00007ff8a5c9f000 	C:\WINDOWS\SYSTEM32\Wldp.dll
0x00007ff8a88f0000 - 0x00007ff8a89bd000 	C:\WINDOWS\System32\OLEAUT32.dll
0x00007ff8a7910000 - 0x00007ff8a79bd000 	C:\WINDOWS\System32\SHCORE.dll
0x00007ff8a72b0000 - 0x00007ff8a7305000 	C:\WINDOWS\System32\shlwapi.dll
0x00007ff8a6170000 - 0x00007ff8a6194000 	C:\WINDOWS\SYSTEM32\profapi.dll
0x00007ff8213e0000 - 0x00007ff8214b7000 	C:\Program Files\Java\jdk-21\bin\jsvml.dll
0x00007ff882c80000 - 0x00007ff882c98000 	C:\Program Files\Java\jdk-21\bin\zip.dll
0x00007ff883450000 - 0x00007ff883460000 	C:\Program Files\Java\jdk-21\bin\net.dll
0x00007ff89a150000 - 0x00007ff89a25d000 	C:\WINDOWS\SYSTEM32\WINHTTP.dll
0x00007ff8a5980000 - 0x00007ff8a59ea000 	C:\WINDOWS\system32\mswsock.dll
0x00007ff865ef0000 - 0x00007ff865f06000 	C:\Program Files\Java\jdk-21\bin\nio.dll
0x00007ff8965a0000 - 0x00007ff8965b0000 	C:\Program Files\Java\jdk-21\bin\verify.dll
0x00007ff89fc40000 - 0x00007ff89fc67000 	C:\Users\myh77\.gradle\native\c067742578af261105cb4f569cf0c3c89f3d7b1fecec35dd04571415982c5e48\windows-amd64\native-platform.dll
0x00007ff81db30000 - 0x00007ff81dc74000 	C:\Users\myh77\.gradle\native\100fb08df4bc3b14c8652ba06237920a3bd2aa13389f12d3474272988ae205f9\windows-amd64\native-platform-file-events.dll
0x00007ff882be0000 - 0x00007ff882bea000 	C:\Program Files\Java\jdk-21\bin\management.dll
0x00007ff877ba0000 - 0x00007ff877bab000 	C:\Program Files\Java\jdk-21\bin\management_ext.dll
0x00007ff8a7bd0000 - 0x00007ff8a7bd8000 	C:\WINDOWS\System32\PSAPI.DLL
0x00007ff8a5b30000 - 0x00007ff8a5b48000 	C:\WINDOWS\SYSTEM32\CRYPTSP.dll
0x00007ff8a5240000 - 0x00007ff8a5274000 	C:\WINDOWS\system32\rsaenh.dll
0x00007ff8a6130000 - 0x00007ff8a615e000 	C:\WINDOWS\SYSTEM32\USERENV.dll
0x00007ff8a5b50000 - 0x00007ff8a5b5c000 	C:\WINDOWS\SYSTEM32\CRYPTBASE.dll
0x00007ff8a5620000 - 0x00007ff8a565b000 	C:\WINDOWS\SYSTEM32\IPHLPAPI.DLL
0x00007ff8a7160000 - 0x00007ff8a7168000 	C:\WINDOWS\System32\NSI.dll
0x00007ff875630000 - 0x00007ff875639000 	C:\Program Files\Java\jdk-21\bin\extnet.dll
0x00007ff875550000 - 0x00007ff87555e000 	C:\Program Files\Java\jdk-21\bin\sunmscapi.dll
0x00007ff8a66b0000 - 0x00007ff8a680c000 	C:\WINDOWS\System32\CRYPT32.dll
0x00007ff8a5ce0000 - 0x00007ff8a5d07000 	C:\WINDOWS\SYSTEM32\ncrypt.dll
0x00007ff8a5ca0000 - 0x00007ff8a5cdb000 	C:\WINDOWS\SYSTEM32\NTASN1.dll
0x00007ff897580000 - 0x00007ff897587000 	C:\WINDOWS\system32\wshunix.dll

dbghelp: loaded successfully - version: 4.0.5 - missing functions: none
symbol engine: initialized successfully - sym options: 0x614 - pdb path: .;C:\Program Files\Java\jdk-21\bin;C:\WINDOWS\SYSTEM32;C:\WINDOWS\WinSxS\amd64_microsoft.windows.common-controls_6595b64144ccf1df_6.0.19041.4355_none_60b8b9eb71f62e16;C:\Program Files\Java\jdk-21\bin\server;C:\Users\myh77\.gradle\native\c067742578af261105cb4f569cf0c3c89f3d7b1fecec35dd04571415982c5e48\windows-amd64;C:\Users\myh77\.gradle\native\100fb08df4bc3b14c8652ba06237920a3bd2aa13389f12d3474272988ae205f9\windows-amd64

VM Arguments:
jvm_args: --add-opens=java.base/java.lang=ALL-UNNAMED --add-opens=java.base/java.lang.invoke=ALL-UNNAMED --add-opens=java.base/java.util=ALL-UNNAMED --add-opens=java.prefs/java.util.prefs=ALL-UNNAMED --add-exports=jdk.compiler/com.sun.tools.javac.api=ALL-UNNAMED --add-exports=jdk.compiler/com.sun.tools.javac.util=ALL-UNNAMED --add-opens=java.base/java.util=ALL-UNNAMED --add-opens=java.prefs/java.util.prefs=ALL-UNNAMED --add-opens=java.base/java.nio.charset=ALL-UNNAMED --add-opens=java.base/java.net=ALL-UNNAMED --add-opens=java.base/java.util.concurrent.atomic=ALL-UNNAMED --add-opens=java.xml/javax.xml.namespace=ALL-UNNAMED -XX:MaxMetaspaceSize=384m -XX:+HeapDumpOnOutOfMemoryError -Xms256m -Xmx512m -Dfile.encoding=UTF-8 -Duser.country=KR -Duser.language=ko -Duser.variant -javaagent:C:\Users\myh77\.gradle\wrapper\dists\gradle-8.11.1-bin\bpt9gzteqjrbo1mjrsomdt32c\gradle-8.11.1\lib\agents\gradle-instrumentation-agent-8.11.1.jar 
java_command: org.gradle.launcher.daemon.bootstrap.GradleDaemon 8.11.1
java_class_path (initial): C:\Users\myh77\.gradle\wrapper\dists\gradle-8.11.1-bin\bpt9gzteqjrbo1mjrsomdt32c\gradle-8.11.1\lib\gradle-daemon-main-8.11.1.jar
Launcher Type: SUN_STANDARD

[Global flags]
     intx CICompilerCount                          = 3                                         {product} {ergonomic}
   size_t CompressedClassSpaceSize                 = 335544320                                 {product} {ergonomic}
     uint ConcGCThreads                            = 1                                         {product} {ergonomic}
     uint G1ConcRefinementThreads                  = 4                                         {product} {ergonomic}
   size_t G1HeapRegionSize                         = 1048576                                   {product} {ergonomic}
    uintx GCDrainStackTargetSize                   = 64                                        {product} {ergonomic}
     bool HeapDumpOnOutOfMemoryError               = true                                   {manageable} {command line}
   size_t InitialHeapSize                          = 268435456                                 {product} {command line}
   size_t MarkStackSize                            = 4194304                                   {product} {ergonomic}
   size_t MaxHeapSize                              = 536870912                                 {product} {command line}
   size_t MaxMetaspaceSize                         = 402653184                                 {product} {command line}
   size_t MaxNewSize                               = 321912832                                 {product} {ergonomic}
   size_t MinHeapDeltaBytes                        = 1048576                                   {product} {ergonomic}
   size_t MinHeapSize                              = 268435456                                 {product} {command line}
    uintx NonNMethodCodeHeapSize                   = 5832780                                {pd product} {ergonomic}
    uintx NonProfiledCodeHeapSize                  = 122912730                              {pd product} {ergonomic}
    uintx ProfiledCodeHeapSize                     = 122912730                              {pd product} {ergonomic}
    uintx ReservedCodeCacheSize                    = 251658240                              {pd product} {ergonomic}
     bool SegmentedCodeCache                       = true                                      {product} {ergonomic}
   size_t SoftMaxHeapSize                          = 536870912                              {manageable} {ergonomic}
     bool UseCompressedOops                        = true                           {product lp64_product} {ergonomic}
     bool UseG1GC                                  = true                                      {product} {ergonomic}
     bool UseLargePagesIndividualAllocation        = false                                  {pd product} {ergonomic}

Logging:
Log output configuration:
 #0: stdout all=warning uptime,level,tags foldmultilines=false
 #1: stderr all=off uptime,level,tags foldmultilines=false

Environment Variables:
PATH=C:\Python312\Scripts\;C:\Python312\;C:\Program Files\Common Files\Oracle\Java\javapath;C:\WINDOWS\system32;C:\WINDOWS;C:\WINDOWS\System32\Wbem;C:\WINDOWS\System32\WindowsPowerShell\v1.0\;C:\WINDOWS\System32\OpenSSH\;C:\Program Files\Git\cmd;C:\ProgramData\chocolatey\bin;C:\Program Files\Docker\Docker\resources\bin;C:\Program Files\nodejs\;C:\Program Files\MySQL\MySQL Shell 8.0\bin\;C:\Users\myh77\AppData\Local\Microsoft\WindowsApps;D:\develop\IntelliJ IDEA Community Edition 2024.1.4\bin;C:\Users\myh77\AppData\Local\Programs\Microsoft VS Code\bin;D:\develop\IntelliJ IDEA 2024.2.2\bin;C:\Users\myh77\AppData\Local\SOOP;C:\Users\myh77\AppData\Local\JetBrains\Toolbox\scripts;C:\Program Files\nodejs;C:\Users\myh77\AppData\Roaming\npm
USERNAME=myh77
OS=Windows_NT
PROCESSOR_IDENTIFIER=Intel64 Family 6 Model 94 Stepping 3, GenuineIntel
TMP=C:\Users\myh77\AppData\Local\Temp
TEMP=C:\Users\myh77\AppData\Local\Temp




Periodic native trim disabled

---------------  S Y S T E M  ---------------

OS:
 Windows 10 , 64 bit Build 19041 (10.0.19041.5198)
OS uptime: 6 days 16:59 hours
Hyper-V role detected

CPU: total 4 (initial active 4) (4 cores per cpu, 1 threads per core) family 6 model 94 stepping 3 microcode 0xcc, cx8, cmov, fxsr, mmx, 3dnowpref, sse, sse2, sse3, ssse3, sse4.1, sse4.2, popcnt, lzcnt, tsc, tscinvbit, avx, avx2, aes, erms, clmul, bmi1, bmi2, rtm, adx, fma, vzeroupper, clflush, clflushopt, hv, rdtscp, f16c
Processor Information for all 4 processors :
  Max Mhz: 2304, Current Mhz: 2304, Mhz Limit: 2304

Memory: 4k page, system-wide physical 12082M (726M free)
TotalPageFile size 25142M (AvailPageFile size 17M)
current process WorkingSet (physical memory assigned to process): 352M, peak: 372M
current process commit charge ("private bytes"): 451M, peak: 471M

vm_info: Java HotSpot(TM) 64-Bit Server VM (21.0.5+9-LTS-239) for windows-amd64 JRE (21.0.5+9-LTS-239), built on 2024-09-30T05:17:38Z by "mach5one" with MS VC++ 17.6 (VS2022)

END.
